Determining if the function gethostname exists in the ucb; failed with the following output:
Change Dir: E:/GitCode/Caffe_Test/src/thirdparty/HDF5/vs2013/CMakeFiles/CMakeTmp

Run Build Command:"C:/Program Files (x86)/MSBuild/12.0/bin/MSBuild.exe" "cmTC_1d16f.vcxproj" "/p:Configuration=Debug" "/p:VisualStudioVersion=12.0"
Microsoft(R) 生成引擎版本 12.0.30501.0
[Microsoft .NET Framework 版本 4.0.30319.18444]
版权所有 (C) Microsoft Corporation。保留所有权利。

生成启动时间为 2016/3/21 星期一 下午 9:55:27。
节点 1 上的项目“E:\GitCode\Caffe_Test\src\thirdparty\HDF5\vs2013\CMakeFiles\CMakeTmp\cmTC_1d16f.vcxproj”(默认目标)。
PrepareForBuild:
  正在创建目录“cmTC_1d16f.dir\Debug\”。
  正在创建目录“E:\GitCode\Caffe_Test\src\thirdparty\HDF5\vs2013\CMakeFiles\CMakeTmp\Debug\”。
  正在创建目录“cmTC_1d16f.dir\Debug\cmTC_1d16f.tlog\”。
InitializeBuildStatus:
  正在创建“cmTC_1d16f.dir\Debug\cmTC_1d16f.tlog\unsuccessfulbuild”，因为已指定“AlwaysCreate”。
ClCompile:
  C:\Program Files (x86)\Microsoft Visual Studio 12.0\VC\bin\x86_amd64\CL.exe /c /Zi /W3 /WX- /Od /Ob0 /D WIN32 /D _WINDOWS /D CHECK_FUNCTION_EXISTS=gethostname /D WIN32_LEAN_AND_MEAN=1 /D NOGDI=1 /D _DEBUG /D "CMAKE_INTDIR=\"Debug\"" /D _MBCS /Gm- /RTC1 /MDd /GS /fp:precise /Zc:wchar_t /Zc:forScope /Fo"cmTC_1d16f.dir\Debug\\" /Fd"cmTC_1d16f.dir\Debug\vc120.pdb" /Gd /TC /errorReport:queue "D:\ProgramFiles\CMake\share\cmake-3.3\Modules\CheckFunctionExists.c"
  用于 x64 的 Microsoft (R) C/C++ 优化编译器 18.00.30501 版
  版权所有(C) Microsoft Corporation。  保留所有权利。
  
  cl /c /Zi /W3 /WX- /Od /Ob0 /D WIN32 /D _WINDOWS /D CHECK_FUNCTION_EXISTS=gethostname /D WIN32_LEAN_AND_MEAN=1 /D NOGDI=1 /D _DEBUG /D "CMAKE_INTDIR=\"Debug\"" /D _MBCS /Gm- /RTC1 /MDd /GS /fp:precise /Zc:wchar_t /Zc:forScope /Fo"cmTC_1d16f.dir\Debug\\" /Fd"cmTC_1d16f.dir\Debug\vc120.pdb" /Gd /TC /errorReport:queue "D:\ProgramFiles\CMake\share\cmake-3.3\Modules\CheckFunctionExists.c"
  
  CheckFunctionExists.c
Link:
  C:\Program Files (x86)\Microsoft Visual Studio 12.0\VC\bin\x86_amd64\link.exe /ERRORREPORT:QUEUE /OUT:"E:\GitCode\Caffe_Test\src\thirdparty\HDF5\vs2013\CMakeFiles\CMakeTmp\Debug\cmTC_1d16f.exe" /INCREMENTAL /NOLOGO kernel32.lib user32.lib gdi32.lib winspool.lib shell32.lib ole32.lib oleaut32.lib uuid.lib comdlg32.lib advapi32.lib ucb.lib ws2_32.lib wsock32.lib /MANIFEST /MANIFESTUAC:"level='asInvoker' uiAccess='false'" /manifest:embed /DEBUG /PDB:"E:/GitCode/Caffe_Test/src/thirdparty/HDF5/vs2013/CMakeFiles/CMakeTmp/Debug/cmTC_1d16f.pdb" /SUBSYSTEM:CONSOLE /TLBID:1 /DYNAMICBASE /NXCOMPAT /IMPLIB:"E:/GitCode/Caffe_Test/src/thirdparty/HDF5/vs2013/CMakeFiles/CMakeTmp/Debug/cmTC_1d16f.lib" /MACHINE:X64  /machine:x64 /debug cmTC_1d16f.dir\Debug\CheckFunctionExists.obj
LINK : fatal error LNK1104: 无法打开文件“ucb.lib” [E:\GitCode\Caffe_Test\src\thirdparty\HDF5\vs2013\CMakeFiles\CMakeTmp\cmTC_1d16f.vcxproj]
已完成生成项目“E:\GitCode\Caffe_Test\src\thirdparty\HDF5\vs2013\CMakeFiles\CMakeTmp\cmTC_1d16f.vcxproj”(默认目标)的操作 - 失败。

生成失败。

“E:\GitCode\Caffe_Test\src\thirdparty\HDF5\vs2013\CMakeFiles\CMakeTmp\cmTC_1d16f.vcxproj”(默认目标) (1) ->
(Link 目标) -> 
  LINK : fatal error LNK1104: 无法打开文件“ucb.lib” [E:\GitCode\Caffe_Test\src\thirdparty\HDF5\vs2013\CMakeFiles\CMakeTmp\cmTC_1d16f.vcxproj]

    0 个警告
    1 个错误

已用时间 00:00:00.73


Determining if the function connect exists in the socket; failed with the following output:
Change Dir: E:/GitCode/Caffe_Test/src/thirdparty/HDF5/vs2013/CMakeFiles/CMakeTmp

Run Build Command:"C:/Program Files (x86)/MSBuild/12.0/bin/MSBuild.exe" "cmTC_3e33d.vcxproj" "/p:Configuration=Debug" "/p:VisualStudioVersion=12.0"
Microsoft(R) 生成引擎版本 12.0.30501.0
[Microsoft .NET Framework 版本 4.0.30319.18444]
版权所有 (C) Microsoft Corporation。保留所有权利。

生成启动时间为 2016/3/21 星期一 下午 9:55:29。
节点 1 上的项目“E:\GitCode\Caffe_Test\src\thirdparty\HDF5\vs2013\CMakeFiles\CMakeTmp\cmTC_3e33d.vcxproj”(默认目标)。
PrepareForBuild:
  正在创建目录“cmTC_3e33d.dir\Debug\”。
  正在创建目录“E:\GitCode\Caffe_Test\src\thirdparty\HDF5\vs2013\CMakeFiles\CMakeTmp\Debug\”。
  正在创建目录“cmTC_3e33d.dir\Debug\cmTC_3e33d.tlog\”。
InitializeBuildStatus:
  正在创建“cmTC_3e33d.dir\Debug\cmTC_3e33d.tlog\unsuccessfulbuild”，因为已指定“AlwaysCreate”。
ClCompile:
  C:\Program Files (x86)\Microsoft Visual Studio 12.0\VC\bin\x86_amd64\CL.exe /c /Zi /W3 /WX- /Od /Ob0 /D WIN32 /D _WINDOWS /D CHECK_FUNCTION_EXISTS=connect /D WIN32_LEAN_AND_MEAN=1 /D NOGDI=1 /D _DEBUG /D "CMAKE_INTDIR=\"Debug\"" /D _MBCS /Gm- /RTC1 /MDd /GS /fp:precise /Zc:wchar_t /Zc:forScope /Fo"cmTC_3e33d.dir\Debug\\" /Fd"cmTC_3e33d.dir\Debug\vc120.pdb" /Gd /TC /errorReport:queue "D:\ProgramFiles\CMake\share\cmake-3.3\Modules\CheckFunctionExists.c"
  用于 x64 的 Microsoft (R) C/C++ 优化编译器 18.00.30501 版
  版权所有(C) Microsoft Corporation。  保留所有权利。
  
  cl /c /Zi /W3 /WX- /Od /Ob0 /D WIN32 /D _WINDOWS /D CHECK_FUNCTION_EXISTS=connect /D WIN32_LEAN_AND_MEAN=1 /D NOGDI=1 /D _DEBUG /D "CMAKE_INTDIR=\"Debug\"" /D _MBCS /Gm- /RTC1 /MDd /GS /fp:precise /Zc:wchar_t /Zc:forScope /Fo"cmTC_3e33d.dir\Debug\\" /Fd"cmTC_3e33d.dir\Debug\vc120.pdb" /Gd /TC /errorReport:queue "D:\ProgramFiles\CMake\share\cmake-3.3\Modules\CheckFunctionExists.c"
  
  CheckFunctionExists.c
Link:
  C:\Program Files (x86)\Microsoft Visual Studio 12.0\VC\bin\x86_amd64\link.exe /ERRORREPORT:QUEUE /OUT:"E:\GitCode\Caffe_Test\src\thirdparty\HDF5\vs2013\CMakeFiles\CMakeTmp\Debug\cmTC_3e33d.exe" /INCREMENTAL /NOLOGO kernel32.lib user32.lib gdi32.lib winspool.lib shell32.lib ole32.lib oleaut32.lib uuid.lib comdlg32.lib advapi32.lib socket.lib ws2_32.lib wsock32.lib /MANIFEST /MANIFESTUAC:"level='asInvoker' uiAccess='false'" /manifest:embed /DEBUG /PDB:"E:/GitCode/Caffe_Test/src/thirdparty/HDF5/vs2013/CMakeFiles/CMakeTmp/Debug/cmTC_3e33d.pdb" /SUBSYSTEM:CONSOLE /TLBID:1 /DYNAMICBASE /NXCOMPAT /IMPLIB:"E:/GitCode/Caffe_Test/src/thirdparty/HDF5/vs2013/CMakeFiles/CMakeTmp/Debug/cmTC_3e33d.lib" /MACHINE:X64  /machine:x64 /debug cmTC_3e33d.dir\Debug\CheckFunctionExists.obj
LINK : fatal error LNK1104: 无法打开文件“socket.lib” [E:\GitCode\Caffe_Test\src\thirdparty\HDF5\vs2013\CMakeFiles\CMakeTmp\cmTC_3e33d.vcxproj]
已完成生成项目“E:\GitCode\Caffe_Test\src\thirdparty\HDF5\vs2013\CMakeFiles\CMakeTmp\cmTC_3e33d.vcxproj”(默认目标)的操作 - 失败。

生成失败。

“E:\GitCode\Caffe_Test\src\thirdparty\HDF5\vs2013\CMakeFiles\CMakeTmp\cmTC_3e33d.vcxproj”(默认目标) (1) ->
(Link 目标) -> 
  LINK : fatal error LNK1104: 无法打开文件“socket.lib” [E:\GitCode\Caffe_Test\src\thirdparty\HDF5\vs2013\CMakeFiles\CMakeTmp\cmTC_3e33d.vcxproj]

    0 个警告
    1 个错误

已用时间 00:00:00.51


Determining if the function gethostbyname exists in the c failed with the following output:
Change Dir: E:/GitCode/Caffe_Test/src/thirdparty/HDF5/vs2013/CMakeFiles/CMakeTmp

Run Build Command:"C:/Program Files (x86)/MSBuild/12.0/bin/MSBuild.exe" "cmTC_7d78a.vcxproj" "/p:Configuration=Debug" "/p:VisualStudioVersion=12.0"
Microsoft(R) 生成引擎版本 12.0.30501.0
[Microsoft .NET Framework 版本 4.0.30319.18444]
版权所有 (C) Microsoft Corporation。保留所有权利。

生成启动时间为 2016/3/21 星期一 下午 9:55:29。
节点 1 上的项目“E:\GitCode\Caffe_Test\src\thirdparty\HDF5\vs2013\CMakeFiles\CMakeTmp\cmTC_7d78a.vcxproj”(默认目标)。
PrepareForBuild:
  正在创建目录“cmTC_7d78a.dir\Debug\”。
  正在创建目录“E:\GitCode\Caffe_Test\src\thirdparty\HDF5\vs2013\CMakeFiles\CMakeTmp\Debug\”。
  正在创建目录“cmTC_7d78a.dir\Debug\cmTC_7d78a.tlog\”。
InitializeBuildStatus:
  正在创建“cmTC_7d78a.dir\Debug\cmTC_7d78a.tlog\unsuccessfulbuild”，因为已指定“AlwaysCreate”。
ClCompile:
  C:\Program Files (x86)\Microsoft Visual Studio 12.0\VC\bin\x86_amd64\CL.exe /c /Zi /W3 /WX- /Od /Ob0 /D WIN32 /D _WINDOWS /D CHECK_FUNCTION_EXISTS=gethostbyname /D WIN32_LEAN_AND_MEAN=1 /D NOGDI=1 /D _DEBUG /D "CMAKE_INTDIR=\"Debug\"" /D _MBCS /Gm- /RTC1 /MDd /GS /fp:precise /Zc:wchar_t /Zc:forScope /Fo"cmTC_7d78a.dir\Debug\\" /Fd"cmTC_7d78a.dir\Debug\vc120.pdb" /Gd /TC /errorReport:queue "D:\ProgramFiles\CMake\share\cmake-3.3\Modules\CheckFunctionExists.c"
  用于 x64 的 Microsoft (R) C/C++ 优化编译器 18.00.30501 版
  版权所有(C) Microsoft Corporation。  保留所有权利。
  
  cl /c /Zi /W3 /WX- /Od /Ob0 /D WIN32 /D _WINDOWS /D CHECK_FUNCTION_EXISTS=gethostbyname /D WIN32_LEAN_AND_MEAN=1 /D NOGDI=1 /D _DEBUG /D "CMAKE_INTDIR=\"Debug\"" /D _MBCS /Gm- /RTC1 /MDd /GS /fp:precise /Zc:wchar_t /Zc:forScope /Fo"cmTC_7d78a.dir\Debug\\" /Fd"cmTC_7d78a.dir\Debug\vc120.pdb" /Gd /TC /errorReport:queue "D:\ProgramFiles\CMake\share\cmake-3.3\Modules\CheckFunctionExists.c"
  
  CheckFunctionExists.c
Link:
  C:\Program Files (x86)\Microsoft Visual Studio 12.0\VC\bin\x86_amd64\link.exe /ERRORREPORT:QUEUE /OUT:"E:\GitCode\Caffe_Test\src\thirdparty\HDF5\vs2013\CMakeFiles\CMakeTmp\Debug\cmTC_7d78a.exe" /INCREMENTAL /NOLOGO kernel32.lib user32.lib gdi32.lib winspool.lib shell32.lib ole32.lib oleaut32.lib uuid.lib comdlg32.lib advapi32.lib c.lib ws2_32.lib wsock32.lib /MANIFEST /MANIFESTUAC:"level='asInvoker' uiAccess='false'" /manifest:embed /DEBUG /PDB:"E:/GitCode/Caffe_Test/src/thirdparty/HDF5/vs2013/CMakeFiles/CMakeTmp/Debug/cmTC_7d78a.pdb" /SUBSYSTEM:CONSOLE /TLBID:1 /DYNAMICBASE /NXCOMPAT /IMPLIB:"E:/GitCode/Caffe_Test/src/thirdparty/HDF5/vs2013/CMakeFiles/CMakeTmp/Debug/cmTC_7d78a.lib" /MACHINE:X64  /machine:x64 /debug cmTC_7d78a.dir\Debug\CheckFunctionExists.obj
LINK : fatal error LNK1104: 无法打开文件“c.lib” [E:\GitCode\Caffe_Test\src\thirdparty\HDF5\vs2013\CMakeFiles\CMakeTmp\cmTC_7d78a.vcxproj]
已完成生成项目“E:\GitCode\Caffe_Test\src\thirdparty\HDF5\vs2013\CMakeFiles\CMakeTmp\cmTC_7d78a.vcxproj”(默认目标)的操作 - 失败。

生成失败。

“E:\GitCode\Caffe_Test\src\thirdparty\HDF5\vs2013\CMakeFiles\CMakeTmp\cmTC_7d78a.vcxproj”(默认目标) (1) ->
(Link 目标) -> 
  LINK : fatal error LNK1104: 无法打开文件“c.lib” [E:\GitCode\Caffe_Test\src\thirdparty\HDF5\vs2013\CMakeFiles\CMakeTmp\cmTC_7d78a.vcxproj]

    0 个警告
    1 个错误

已用时间 00:00:00.56


Determining if the function gethostbyname exists in the nsl; failed with the following output:
Change Dir: E:/GitCode/Caffe_Test/src/thirdparty/HDF5/vs2013/CMakeFiles/CMakeTmp

Run Build Command:"C:/Program Files (x86)/MSBuild/12.0/bin/MSBuild.exe" "cmTC_858fa.vcxproj" "/p:Configuration=Debug" "/p:VisualStudioVersion=12.0"
Microsoft(R) 生成引擎版本 12.0.30501.0
[Microsoft .NET Framework 版本 4.0.30319.18444]
版权所有 (C) Microsoft Corporation。保留所有权利。

生成启动时间为 2016/3/21 星期一 下午 9:55:30。
节点 1 上的项目“E:\GitCode\Caffe_Test\src\thirdparty\HDF5\vs2013\CMakeFiles\CMakeTmp\cmTC_858fa.vcxproj”(默认目标)。
PrepareForBuild:
  正在创建目录“cmTC_858fa.dir\Debug\”。
  正在创建目录“E:\GitCode\Caffe_Test\src\thirdparty\HDF5\vs2013\CMakeFiles\CMakeTmp\Debug\”。
  正在创建目录“cmTC_858fa.dir\Debug\cmTC_858fa.tlog\”。
InitializeBuildStatus:
  正在创建“cmTC_858fa.dir\Debug\cmTC_858fa.tlog\unsuccessfulbuild”，因为已指定“AlwaysCreate”。
ClCompile:
  C:\Program Files (x86)\Microsoft Visual Studio 12.0\VC\bin\x86_amd64\CL.exe /c /Zi /W3 /WX- /Od /Ob0 /D WIN32 /D _WINDOWS /D CHECK_FUNCTION_EXISTS=gethostbyname /D WIN32_LEAN_AND_MEAN=1 /D NOGDI=1 /D _DEBUG /D "CMAKE_INTDIR=\"Debug\"" /D _MBCS /Gm- /RTC1 /MDd /GS /fp:precise /Zc:wchar_t /Zc:forScope /Fo"cmTC_858fa.dir\Debug\\" /Fd"cmTC_858fa.dir\Debug\vc120.pdb" /Gd /TC /errorReport:queue "D:\ProgramFiles\CMake\share\cmake-3.3\Modules\CheckFunctionExists.c"
  用于 x64 的 Microsoft (R) C/C++ 优化编译器 18.00.30501 版
  版权所有(C) Microsoft Corporation。  保留所有权利。
  
  cl /c /Zi /W3 /WX- /Od /Ob0 /D WIN32 /D _WINDOWS /D CHECK_FUNCTION_EXISTS=gethostbyname /D WIN32_LEAN_AND_MEAN=1 /D NOGDI=1 /D _DEBUG /D "CMAKE_INTDIR=\"Debug\"" /D _MBCS /Gm- /RTC1 /MDd /GS /fp:precise /Zc:wchar_t /Zc:forScope /Fo"cmTC_858fa.dir\Debug\\" /Fd"cmTC_858fa.dir\Debug\vc120.pdb" /Gd /TC /errorReport:queue "D:\ProgramFiles\CMake\share\cmake-3.3\Modules\CheckFunctionExists.c"
  
  CheckFunctionExists.c
Link:
  C:\Program Files (x86)\Microsoft Visual Studio 12.0\VC\bin\x86_amd64\link.exe /ERRORREPORT:QUEUE /OUT:"E:\GitCode\Caffe_Test\src\thirdparty\HDF5\vs2013\CMakeFiles\CMakeTmp\Debug\cmTC_858fa.exe" /INCREMENTAL /NOLOGO kernel32.lib user32.lib gdi32.lib winspool.lib shell32.lib ole32.lib oleaut32.lib uuid.lib comdlg32.lib advapi32.lib nsl.lib ws2_32.lib wsock32.lib /MANIFEST /MANIFESTUAC:"level='asInvoker' uiAccess='false'" /manifest:embed /DEBUG /PDB:"E:/GitCode/Caffe_Test/src/thirdparty/HDF5/vs2013/CMakeFiles/CMakeTmp/Debug/cmTC_858fa.pdb" /SUBSYSTEM:CONSOLE /TLBID:1 /DYNAMICBASE /NXCOMPAT /IMPLIB:"E:/GitCode/Caffe_Test/src/thirdparty/HDF5/vs2013/CMakeFiles/CMakeTmp/Debug/cmTC_858fa.lib" /MACHINE:X64  /machine:x64 /debug cmTC_858fa.dir\Debug\CheckFunctionExists.obj
LINK : fatal error LNK1104: 无法打开文件“nsl.lib” [E:\GitCode\Caffe_Test\src\thirdparty\HDF5\vs2013\CMakeFiles\CMakeTmp\cmTC_858fa.vcxproj]
已完成生成项目“E:\GitCode\Caffe_Test\src\thirdparty\HDF5\vs2013\CMakeFiles\CMakeTmp\cmTC_858fa.vcxproj”(默认目标)的操作 - 失败。

生成失败。

“E:\GitCode\Caffe_Test\src\thirdparty\HDF5\vs2013\CMakeFiles\CMakeTmp\cmTC_858fa.vcxproj”(默认目标) (1) ->
(Link 目标) -> 
  LINK : fatal error LNK1104: 无法打开文件“nsl.lib” [E:\GitCode\Caffe_Test\src\thirdparty\HDF5\vs2013\CMakeFiles\CMakeTmp\cmTC_858fa.vcxproj]

    0 个警告
    1 个错误

已用时间 00:00:00.49


Determining if files windows.h;sys/resource.h exist failed with the following output:
Change Dir: E:/GitCode/Caffe_Test/src/thirdparty/HDF5/vs2013/CMakeFiles/CMakeTmp

Run Build Command:"C:/Program Files (x86)/MSBuild/12.0/bin/MSBuild.exe" "cmTC_8c508.vcxproj" "/p:Configuration=Debug" "/p:VisualStudioVersion=12.0"
Microsoft(R) 生成引擎版本 12.0.30501.0
[Microsoft .NET Framework 版本 4.0.30319.18444]
版权所有 (C) Microsoft Corporation。保留所有权利。

生成启动时间为 2016/3/21 星期一 下午 9:55:32。
节点 1 上的项目“E:\GitCode\Caffe_Test\src\thirdparty\HDF5\vs2013\CMakeFiles\CMakeTmp\cmTC_8c508.vcxproj”(默认目标)。
PrepareForBuild:
  正在创建目录“cmTC_8c508.dir\Debug\”。
  正在创建目录“E:\GitCode\Caffe_Test\src\thirdparty\HDF5\vs2013\CMakeFiles\CMakeTmp\Debug\”。
  正在创建目录“cmTC_8c508.dir\Debug\cmTC_8c508.tlog\”。
InitializeBuildStatus:
  正在创建“cmTC_8c508.dir\Debug\cmTC_8c508.tlog\unsuccessfulbuild”，因为已指定“AlwaysCreate”。
ClCompile:
  C:\Program Files (x86)\Microsoft Visual Studio 12.0\VC\bin\x86_amd64\CL.exe /c /Zi /W3 /WX- /Od /Ob0 /D WIN32 /D _WINDOWS /D WIN32_LEAN_AND_MEAN=1 /D NOGDI=1 /D _DEBUG /D "CMAKE_INTDIR=\"Debug\"" /D _MBCS /Gm- /RTC1 /MDd /GS /fp:precise /Zc:wchar_t /Zc:forScope /Fo"cmTC_8c508.dir\Debug\\" /Fd"cmTC_8c508.dir\Debug\vc120.pdb" /Gd /TC /errorReport:queue E:\GitCode\Caffe_Test\src\thirdparty\HDF5\vs2013\CMakeFiles\CMakeTmp\CheckIncludeFiles.c
  用于 x64 的 Microsoft (R) C/C++ 优化编译器 18.00.30501 版
  版权所有(C) Microsoft Corporation。  保留所有权利。
  
  cl /c /Zi /W3 /WX- /Od /Ob0 /D WIN32 /D _WINDOWS /D WIN32_LEAN_AND_MEAN=1 /D NOGDI=1 /D _DEBUG /D "CMAKE_INTDIR=\"Debug\"" /D _MBCS /Gm- /RTC1 /MDd /GS /fp:precise /Zc:wchar_t /Zc:forScope /Fo"cmTC_8c508.dir\Debug\\" /Fd"cmTC_8c508.dir\Debug\vc120.pdb" /Gd /TC /errorReport:queue E:\GitCode\Caffe_Test\src\thirdparty\HDF5\vs2013\CMakeFiles\CMakeTmp\CheckIncludeFiles.c
  
  CheckIncludeFiles.c
E:\GitCode\Caffe_Test\src\thirdparty\HDF5\vs2013\CMakeFiles\CMakeTmp\CheckIncludeFiles.c(3): fatal error C1083: 无法打开包括文件: “sys/resource.h”: No such file or directory [E:\GitCode\Caffe_Test\src\thirdparty\HDF5\vs2013\CMakeFiles\CMakeTmp\cmTC_8c508.vcxproj]
已完成生成项目“E:\GitCode\Caffe_Test\src\thirdparty\HDF5\vs2013\CMakeFiles\CMakeTmp\cmTC_8c508.vcxproj”(默认目标)的操作 - 失败。

生成失败。

“E:\GitCode\Caffe_Test\src\thirdparty\HDF5\vs2013\CMakeFiles\CMakeTmp\cmTC_8c508.vcxproj”(默认目标) (1) ->
(ClCompile 目标) -> 
  E:\GitCode\Caffe_Test\src\thirdparty\HDF5\vs2013\CMakeFiles\CMakeTmp\CheckIncludeFiles.c(3): fatal error C1083: 无法打开包括文件: “sys/resource.h”: No such file or directory [E:\GitCode\Caffe_Test\src\thirdparty\HDF5\vs2013\CMakeFiles\CMakeTmp\cmTC_8c508.vcxproj]

    0 个警告
    1 个错误

已用时间 00:00:00.97

Source:
/* */
#include <windows.h>
#include <sys/resource.h>


int main(void){return 0;}

Determining if files windows.h;sys/time.h exist failed with the following output:
Change Dir: E:/GitCode/Caffe_Test/src/thirdparty/HDF5/vs2013/CMakeFiles/CMakeTmp

Run Build Command:"C:/Program Files (x86)/MSBuild/12.0/bin/MSBuild.exe" "cmTC_272a2.vcxproj" "/p:Configuration=Debug" "/p:VisualStudioVersion=12.0"
Microsoft(R) 生成引擎版本 12.0.30501.0
[Microsoft .NET Framework 版本 4.0.30319.18444]
版权所有 (C) Microsoft Corporation。保留所有权利。

生成启动时间为 2016/3/21 星期一 下午 9:55:33。
节点 1 上的项目“E:\GitCode\Caffe_Test\src\thirdparty\HDF5\vs2013\CMakeFiles\CMakeTmp\cmTC_272a2.vcxproj”(默认目标)。
PrepareForBuild:
  正在创建目录“cmTC_272a2.dir\Debug\”。
  正在创建目录“E:\GitCode\Caffe_Test\src\thirdparty\HDF5\vs2013\CMakeFiles\CMakeTmp\Debug\”。
  正在创建目录“cmTC_272a2.dir\Debug\cmTC_272a2.tlog\”。
InitializeBuildStatus:
  正在创建“cmTC_272a2.dir\Debug\cmTC_272a2.tlog\unsuccessfulbuild”，因为已指定“AlwaysCreate”。
ClCompile:
  C:\Program Files (x86)\Microsoft Visual Studio 12.0\VC\bin\x86_amd64\CL.exe /c /Zi /W3 /WX- /Od /Ob0 /D WIN32 /D _WINDOWS /D WIN32_LEAN_AND_MEAN=1 /D NOGDI=1 /D _DEBUG /D "CMAKE_INTDIR=\"Debug\"" /D _MBCS /Gm- /RTC1 /MDd /GS /fp:precise /Zc:wchar_t /Zc:forScope /Fo"cmTC_272a2.dir\Debug\\" /Fd"cmTC_272a2.dir\Debug\vc120.pdb" /Gd /TC /errorReport:queue E:\GitCode\Caffe_Test\src\thirdparty\HDF5\vs2013\CMakeFiles\CMakeTmp\CheckIncludeFiles.c
  用于 x64 的 Microsoft (R) C/C++ 优化编译器 18.00.30501 版
  版权所有(C) Microsoft Corporation。  保留所有权利。
  
  cl /c /Zi /W3 /WX- /Od /Ob0 /D WIN32 /D _WINDOWS /D WIN32_LEAN_AND_MEAN=1 /D NOGDI=1 /D _DEBUG /D "CMAKE_INTDIR=\"Debug\"" /D _MBCS /Gm- /RTC1 /MDd /GS /fp:precise /Zc:wchar_t /Zc:forScope /Fo"cmTC_272a2.dir\Debug\\" /Fd"cmTC_272a2.dir\Debug\vc120.pdb" /Gd /TC /errorReport:queue E:\GitCode\Caffe_Test\src\thirdparty\HDF5\vs2013\CMakeFiles\CMakeTmp\CheckIncludeFiles.c
  
  CheckIncludeFiles.c
E:\GitCode\Caffe_Test\src\thirdparty\HDF5\vs2013\CMakeFiles\CMakeTmp\CheckIncludeFiles.c(3): fatal error C1083: 无法打开包括文件: “sys/time.h”: No such file or directory [E:\GitCode\Caffe_Test\src\thirdparty\HDF5\vs2013\CMakeFiles\CMakeTmp\cmTC_272a2.vcxproj]
已完成生成项目“E:\GitCode\Caffe_Test\src\thirdparty\HDF5\vs2013\CMakeFiles\CMakeTmp\cmTC_272a2.vcxproj”(默认目标)的操作 - 失败。

生成失败。

“E:\GitCode\Caffe_Test\src\thirdparty\HDF5\vs2013\CMakeFiles\CMakeTmp\cmTC_272a2.vcxproj”(默认目标) (1) ->
(ClCompile 目标) -> 
  E:\GitCode\Caffe_Test\src\thirdparty\HDF5\vs2013\CMakeFiles\CMakeTmp\CheckIncludeFiles.c(3): fatal error C1083: 无法打开包括文件: “sys/time.h”: No such file or directory [E:\GitCode\Caffe_Test\src\thirdparty\HDF5\vs2013\CMakeFiles\CMakeTmp\cmTC_272a2.vcxproj]

    0 个警告
    1 个错误

已用时间 00:00:00.56

Source:
/* */
#include <windows.h>
#include <sys/time.h>


int main(void){return 0;}

Determining if files windows.h;unistd.h exist failed with the following output:
Change Dir: E:/GitCode/Caffe_Test/src/thirdparty/HDF5/vs2013/CMakeFiles/CMakeTmp

Run Build Command:"C:/Program Files (x86)/MSBuild/12.0/bin/MSBuild.exe" "cmTC_cab62.vcxproj" "/p:Configuration=Debug" "/p:VisualStudioVersion=12.0"
Microsoft(R) 生成引擎版本 12.0.30501.0
[Microsoft .NET Framework 版本 4.0.30319.18444]
版权所有 (C) Microsoft Corporation。保留所有权利。

生成启动时间为 2016/3/21 星期一 下午 9:55:34。
节点 1 上的项目“E:\GitCode\Caffe_Test\src\thirdparty\HDF5\vs2013\CMakeFiles\CMakeTmp\cmTC_cab62.vcxproj”(默认目标)。
PrepareForBuild:
  正在创建目录“cmTC_cab62.dir\Debug\”。
  正在创建目录“E:\GitCode\Caffe_Test\src\thirdparty\HDF5\vs2013\CMakeFiles\CMakeTmp\Debug\”。
  正在创建目录“cmTC_cab62.dir\Debug\cmTC_cab62.tlog\”。
InitializeBuildStatus:
  正在创建“cmTC_cab62.dir\Debug\cmTC_cab62.tlog\unsuccessfulbuild”，因为已指定“AlwaysCreate”。
ClCompile:
  C:\Program Files (x86)\Microsoft Visual Studio 12.0\VC\bin\x86_amd64\CL.exe /c /Zi /W3 /WX- /Od /Ob0 /D WIN32 /D _WINDOWS /D WIN32_LEAN_AND_MEAN=1 /D NOGDI=1 /D _DEBUG /D "CMAKE_INTDIR=\"Debug\"" /D _MBCS /Gm- /RTC1 /MDd /GS /fp:precise /Zc:wchar_t /Zc:forScope /Fo"cmTC_cab62.dir\Debug\\" /Fd"cmTC_cab62.dir\Debug\vc120.pdb" /Gd /TC /errorReport:queue E:\GitCode\Caffe_Test\src\thirdparty\HDF5\vs2013\CMakeFiles\CMakeTmp\CheckIncludeFiles.c
  用于 x64 的 Microsoft (R) C/C++ 优化编译器 18.00.30501 版
  版权所有(C) Microsoft Corporation。  保留所有权利。
  
  cl /c /Zi /W3 /WX- /Od /Ob0 /D WIN32 /D _WINDOWS /D WIN32_LEAN_AND_MEAN=1 /D NOGDI=1 /D _DEBUG /D "CMAKE_INTDIR=\"Debug\"" /D _MBCS /Gm- /RTC1 /MDd /GS /fp:precise /Zc:wchar_t /Zc:forScope /Fo"cmTC_cab62.dir\Debug\\" /Fd"cmTC_cab62.dir\Debug\vc120.pdb" /Gd /TC /errorReport:queue E:\GitCode\Caffe_Test\src\thirdparty\HDF5\vs2013\CMakeFiles\CMakeTmp\CheckIncludeFiles.c
  
  CheckIncludeFiles.c
E:\GitCode\Caffe_Test\src\thirdparty\HDF5\vs2013\CMakeFiles\CMakeTmp\CheckIncludeFiles.c(3): fatal error C1083: 无法打开包括文件: “unistd.h”: No such file or directory [E:\GitCode\Caffe_Test\src\thirdparty\HDF5\vs2013\CMakeFiles\CMakeTmp\cmTC_cab62.vcxproj]
已完成生成项目“E:\GitCode\Caffe_Test\src\thirdparty\HDF5\vs2013\CMakeFiles\CMakeTmp\cmTC_cab62.vcxproj”(默认目标)的操作 - 失败。

生成失败。

“E:\GitCode\Caffe_Test\src\thirdparty\HDF5\vs2013\CMakeFiles\CMakeTmp\cmTC_cab62.vcxproj”(默认目标) (1) ->
(ClCompile 目标) -> 
  E:\GitCode\Caffe_Test\src\thirdparty\HDF5\vs2013\CMakeFiles\CMakeTmp\CheckIncludeFiles.c(3): fatal error C1083: 无法打开包括文件: “unistd.h”: No such file or directory [E:\GitCode\Caffe_Test\src\thirdparty\HDF5\vs2013\CMakeFiles\CMakeTmp\cmTC_cab62.vcxproj]

    0 个警告
    1 个错误

已用时间 00:00:00.65

Source:
/* */
#include <windows.h>
#include <unistd.h>


int main(void){return 0;}

Determining if files windows.h;sys/ioctl.h exist failed with the following output:
Change Dir: E:/GitCode/Caffe_Test/src/thirdparty/HDF5/vs2013/CMakeFiles/CMakeTmp

Run Build Command:"C:/Program Files (x86)/MSBuild/12.0/bin/MSBuild.exe" "cmTC_386ba.vcxproj" "/p:Configuration=Debug" "/p:VisualStudioVersion=12.0"
Microsoft(R) 生成引擎版本 12.0.30501.0
[Microsoft .NET Framework 版本 4.0.30319.18444]
版权所有 (C) Microsoft Corporation。保留所有权利。

生成启动时间为 2016/3/21 星期一 下午 9:55:35。
节点 1 上的项目“E:\GitCode\Caffe_Test\src\thirdparty\HDF5\vs2013\CMakeFiles\CMakeTmp\cmTC_386ba.vcxproj”(默认目标)。
PrepareForBuild:
  正在创建目录“cmTC_386ba.dir\Debug\”。
  正在创建目录“E:\GitCode\Caffe_Test\src\thirdparty\HDF5\vs2013\CMakeFiles\CMakeTmp\Debug\”。
  正在创建目录“cmTC_386ba.dir\Debug\cmTC_386ba.tlog\”。
InitializeBuildStatus:
  正在创建“cmTC_386ba.dir\Debug\cmTC_386ba.tlog\unsuccessfulbuild”，因为已指定“AlwaysCreate”。
ClCompile:
  C:\Program Files (x86)\Microsoft Visual Studio 12.0\VC\bin\x86_amd64\CL.exe /c /Zi /W3 /WX- /Od /Ob0 /D WIN32 /D _WINDOWS /D WIN32_LEAN_AND_MEAN=1 /D NOGDI=1 /D _DEBUG /D "CMAKE_INTDIR=\"Debug\"" /D _MBCS /Gm- /RTC1 /MDd /GS /fp:precise /Zc:wchar_t /Zc:forScope /Fo"cmTC_386ba.dir\Debug\\" /Fd"cmTC_386ba.dir\Debug\vc120.pdb" /Gd /TC /errorReport:queue E:\GitCode\Caffe_Test\src\thirdparty\HDF5\vs2013\CMakeFiles\CMakeTmp\CheckIncludeFiles.c
  用于 x64 的 Microsoft (R) C/C++ 优化编译器 18.00.30501 版
  版权所有(C) Microsoft Corporation。  保留所有权利。
  
  cl /c /Zi /W3 /WX- /Od /Ob0 /D WIN32 /D _WINDOWS /D WIN32_LEAN_AND_MEAN=1 /D NOGDI=1 /D _DEBUG /D "CMAKE_INTDIR=\"Debug\"" /D _MBCS /Gm- /RTC1 /MDd /GS /fp:precise /Zc:wchar_t /Zc:forScope /Fo"cmTC_386ba.dir\Debug\\" /Fd"cmTC_386ba.dir\Debug\vc120.pdb" /Gd /TC /errorReport:queue E:\GitCode\Caffe_Test\src\thirdparty\HDF5\vs2013\CMakeFiles\CMakeTmp\CheckIncludeFiles.c
  
  CheckIncludeFiles.c
E:\GitCode\Caffe_Test\src\thirdparty\HDF5\vs2013\CMakeFiles\CMakeTmp\CheckIncludeFiles.c(3): fatal error C1083: 无法打开包括文件: “sys/ioctl.h”: No such file or directory [E:\GitCode\Caffe_Test\src\thirdparty\HDF5\vs2013\CMakeFiles\CMakeTmp\cmTC_386ba.vcxproj]
已完成生成项目“E:\GitCode\Caffe_Test\src\thirdparty\HDF5\vs2013\CMakeFiles\CMakeTmp\cmTC_386ba.vcxproj”(默认目标)的操作 - 失败。

生成失败。

“E:\GitCode\Caffe_Test\src\thirdparty\HDF5\vs2013\CMakeFiles\CMakeTmp\cmTC_386ba.vcxproj”(默认目标) (1) ->
(ClCompile 目标) -> 
  E:\GitCode\Caffe_Test\src\thirdparty\HDF5\vs2013\CMakeFiles\CMakeTmp\CheckIncludeFiles.c(3): fatal error C1083: 无法打开包括文件: “sys/ioctl.h”: No such file or directory [E:\GitCode\Caffe_Test\src\thirdparty\HDF5\vs2013\CMakeFiles\CMakeTmp\cmTC_386ba.vcxproj]

    0 个警告
    1 个错误

已用时间 00:00:00.56

Source:
/* */
#include <windows.h>
#include <sys/ioctl.h>


int main(void){return 0;}

Determining if files windows.h;sys/stat.h;sys/socket.h exist failed with the following output:
Change Dir: E:/GitCode/Caffe_Test/src/thirdparty/HDF5/vs2013/CMakeFiles/CMakeTmp

Run Build Command:"C:/Program Files (x86)/MSBuild/12.0/bin/MSBuild.exe" "cmTC_12a3b.vcxproj" "/p:Configuration=Debug" "/p:VisualStudioVersion=12.0"
Microsoft(R) 生成引擎版本 12.0.30501.0
[Microsoft .NET Framework 版本 4.0.30319.18444]
版权所有 (C) Microsoft Corporation。保留所有权利。

生成启动时间为 2016/3/21 星期一 下午 9:55:36。
节点 1 上的项目“E:\GitCode\Caffe_Test\src\thirdparty\HDF5\vs2013\CMakeFiles\CMakeTmp\cmTC_12a3b.vcxproj”(默认目标)。
PrepareForBuild:
  正在创建目录“cmTC_12a3b.dir\Debug\”。
  正在创建目录“E:\GitCode\Caffe_Test\src\thirdparty\HDF5\vs2013\CMakeFiles\CMakeTmp\Debug\”。
  正在创建目录“cmTC_12a3b.dir\Debug\cmTC_12a3b.tlog\”。
InitializeBuildStatus:
  正在创建“cmTC_12a3b.dir\Debug\cmTC_12a3b.tlog\unsuccessfulbuild”，因为已指定“AlwaysCreate”。
ClCompile:
  C:\Program Files (x86)\Microsoft Visual Studio 12.0\VC\bin\x86_amd64\CL.exe /c /Zi /W3 /WX- /Od /Ob0 /D WIN32 /D _WINDOWS /D WIN32_LEAN_AND_MEAN=1 /D NOGDI=1 /D _DEBUG /D "CMAKE_INTDIR=\"Debug\"" /D _MBCS /Gm- /RTC1 /MDd /GS /fp:precise /Zc:wchar_t /Zc:forScope /Fo"cmTC_12a3b.dir\Debug\\" /Fd"cmTC_12a3b.dir\Debug\vc120.pdb" /Gd /TC /errorReport:queue E:\GitCode\Caffe_Test\src\thirdparty\HDF5\vs2013\CMakeFiles\CMakeTmp\CheckIncludeFiles.c
  用于 x64 的 Microsoft (R) C/C++ 优化编译器 18.00.30501 版
  版权所有(C) Microsoft Corporation。  保留所有权利。
  
  cl /c /Zi /W3 /WX- /Od /Ob0 /D WIN32 /D _WINDOWS /D WIN32_LEAN_AND_MEAN=1 /D NOGDI=1 /D _DEBUG /D "CMAKE_INTDIR=\"Debug\"" /D _MBCS /Gm- /RTC1 /MDd /GS /fp:precise /Zc:wchar_t /Zc:forScope /Fo"cmTC_12a3b.dir\Debug\\" /Fd"cmTC_12a3b.dir\Debug\vc120.pdb" /Gd /TC /errorReport:queue E:\GitCode\Caffe_Test\src\thirdparty\HDF5\vs2013\CMakeFiles\CMakeTmp\CheckIncludeFiles.c
  
  CheckIncludeFiles.c
E:\GitCode\Caffe_Test\src\thirdparty\HDF5\vs2013\CMakeFiles\CMakeTmp\CheckIncludeFiles.c(4): fatal error C1083: 无法打开包括文件: “sys/socket.h”: No such file or directory [E:\GitCode\Caffe_Test\src\thirdparty\HDF5\vs2013\CMakeFiles\CMakeTmp\cmTC_12a3b.vcxproj]
已完成生成项目“E:\GitCode\Caffe_Test\src\thirdparty\HDF5\vs2013\CMakeFiles\CMakeTmp\cmTC_12a3b.vcxproj”(默认目标)的操作 - 失败。

生成失败。

“E:\GitCode\Caffe_Test\src\thirdparty\HDF5\vs2013\CMakeFiles\CMakeTmp\cmTC_12a3b.vcxproj”(默认目标) (1) ->
(ClCompile 目标) -> 
  E:\GitCode\Caffe_Test\src\thirdparty\HDF5\vs2013\CMakeFiles\CMakeTmp\CheckIncludeFiles.c(4): fatal error C1083: 无法打开包括文件: “sys/socket.h”: No such file or directory [E:\GitCode\Caffe_Test\src\thirdparty\HDF5\vs2013\CMakeFiles\CMakeTmp\cmTC_12a3b.vcxproj]

    0 个警告
    1 个错误

已用时间 00:00:00.67

Source:
/* */
#include <windows.h>
#include <sys/stat.h>
#include <sys/socket.h>


int main(void){return 0;}

Determining if files windows.h;sys/stat.h;sys/types.h;stddef.h;setjmp.h;features.h exist failed with the following output:
Change Dir: E:/GitCode/Caffe_Test/src/thirdparty/HDF5/vs2013/CMakeFiles/CMakeTmp

Run Build Command:"C:/Program Files (x86)/MSBuild/12.0/bin/MSBuild.exe" "cmTC_9adc3.vcxproj" "/p:Configuration=Debug" "/p:VisualStudioVersion=12.0"
Microsoft(R) 生成引擎版本 12.0.30501.0
[Microsoft .NET Framework 版本 4.0.30319.18444]
版权所有 (C) Microsoft Corporation。保留所有权利。

生成启动时间为 2016/3/21 星期一 下午 9:55:38。
节点 1 上的项目“E:\GitCode\Caffe_Test\src\thirdparty\HDF5\vs2013\CMakeFiles\CMakeTmp\cmTC_9adc3.vcxproj”(默认目标)。
PrepareForBuild:
  正在创建目录“cmTC_9adc3.dir\Debug\”。
  正在创建目录“E:\GitCode\Caffe_Test\src\thirdparty\HDF5\vs2013\CMakeFiles\CMakeTmp\Debug\”。
  正在创建目录“cmTC_9adc3.dir\Debug\cmTC_9adc3.tlog\”。
InitializeBuildStatus:
  正在创建“cmTC_9adc3.dir\Debug\cmTC_9adc3.tlog\unsuccessfulbuild”，因为已指定“AlwaysCreate”。
ClCompile:
  C:\Program Files (x86)\Microsoft Visual Studio 12.0\VC\bin\x86_amd64\CL.exe /c /Zi /W3 /WX- /Od /Ob0 /D WIN32 /D _WINDOWS /D WIN32_LEAN_AND_MEAN=1 /D NOGDI=1 /D _DEBUG /D "CMAKE_INTDIR=\"Debug\"" /D _MBCS /Gm- /RTC1 /MDd /GS /fp:precise /Zc:wchar_t /Zc:forScope /Fo"cmTC_9adc3.dir\Debug\\" /Fd"cmTC_9adc3.dir\Debug\vc120.pdb" /Gd /TC /errorReport:queue E:\GitCode\Caffe_Test\src\thirdparty\HDF5\vs2013\CMakeFiles\CMakeTmp\CheckIncludeFiles.c
  用于 x64 的 Microsoft (R) C/C++ 优化编译器 18.00.30501 版
  版权所有(C) Microsoft Corporation。  保留所有权利。
  
  cl /c /Zi /W3 /WX- /Od /Ob0 /D WIN32 /D _WINDOWS /D WIN32_LEAN_AND_MEAN=1 /D NOGDI=1 /D _DEBUG /D "CMAKE_INTDIR=\"Debug\"" /D _MBCS /Gm- /RTC1 /MDd /GS /fp:precise /Zc:wchar_t /Zc:forScope /Fo"cmTC_9adc3.dir\Debug\\" /Fd"cmTC_9adc3.dir\Debug\vc120.pdb" /Gd /TC /errorReport:queue E:\GitCode\Caffe_Test\src\thirdparty\HDF5\vs2013\CMakeFiles\CMakeTmp\CheckIncludeFiles.c
  
  CheckIncludeFiles.c
E:\GitCode\Caffe_Test\src\thirdparty\HDF5\vs2013\CMakeFiles\CMakeTmp\CheckIncludeFiles.c(7): fatal error C1083: 无法打开包括文件: “features.h”: No such file or directory [E:\GitCode\Caffe_Test\src\thirdparty\HDF5\vs2013\CMakeFiles\CMakeTmp\cmTC_9adc3.vcxproj]
已完成生成项目“E:\GitCode\Caffe_Test\src\thirdparty\HDF5\vs2013\CMakeFiles\CMakeTmp\cmTC_9adc3.vcxproj”(默认目标)的操作 - 失败。

生成失败。

“E:\GitCode\Caffe_Test\src\thirdparty\HDF5\vs2013\CMakeFiles\CMakeTmp\cmTC_9adc3.vcxproj”(默认目标) (1) ->
(ClCompile 目标) -> 
  E:\GitCode\Caffe_Test\src\thirdparty\HDF5\vs2013\CMakeFiles\CMakeTmp\CheckIncludeFiles.c(7): fatal error C1083: 无法打开包括文件: “features.h”: No such file or directory [E:\GitCode\Caffe_Test\src\thirdparty\HDF5\vs2013\CMakeFiles\CMakeTmp\cmTC_9adc3.vcxproj]

    0 个警告
    1 个错误

已用时间 00:00:00.58

Source:
/* */
#include <windows.h>
#include <sys/stat.h>
#include <sys/types.h>
#include <stddef.h>
#include <setjmp.h>
#include <features.h>


int main(void){return 0;}

Determining if files windows.h;sys/stat.h;sys/types.h;stddef.h;setjmp.h;dirent.h exist failed with the following output:
Change Dir: E:/GitCode/Caffe_Test/src/thirdparty/HDF5/vs2013/CMakeFiles/CMakeTmp

Run Build Command:"C:/Program Files (x86)/MSBuild/12.0/bin/MSBuild.exe" "cmTC_76b55.vcxproj" "/p:Configuration=Debug" "/p:VisualStudioVersion=12.0"
Microsoft(R) 生成引擎版本 12.0.30501.0
[Microsoft .NET Framework 版本 4.0.30319.18444]
版权所有 (C) Microsoft Corporation。保留所有权利。

生成启动时间为 2016/3/21 星期一 下午 9:55:39。
节点 1 上的项目“E:\GitCode\Caffe_Test\src\thirdparty\HDF5\vs2013\CMakeFiles\CMakeTmp\cmTC_76b55.vcxproj”(默认目标)。
PrepareForBuild:
  正在创建目录“cmTC_76b55.dir\Debug\”。
  正在创建目录“E:\GitCode\Caffe_Test\src\thirdparty\HDF5\vs2013\CMakeFiles\CMakeTmp\Debug\”。
  正在创建目录“cmTC_76b55.dir\Debug\cmTC_76b55.tlog\”。
InitializeBuildStatus:
  正在创建“cmTC_76b55.dir\Debug\cmTC_76b55.tlog\unsuccessfulbuild”，因为已指定“AlwaysCreate”。
ClCompile:
  C:\Program Files (x86)\Microsoft Visual Studio 12.0\VC\bin\x86_amd64\CL.exe /c /Zi /W3 /WX- /Od /Ob0 /D WIN32 /D _WINDOWS /D WIN32_LEAN_AND_MEAN=1 /D NOGDI=1 /D _DEBUG /D "CMAKE_INTDIR=\"Debug\"" /D _MBCS /Gm- /RTC1 /MDd /GS /fp:precise /Zc:wchar_t /Zc:forScope /Fo"cmTC_76b55.dir\Debug\\" /Fd"cmTC_76b55.dir\Debug\vc120.pdb" /Gd /TC /errorReport:queue E:\GitCode\Caffe_Test\src\thirdparty\HDF5\vs2013\CMakeFiles\CMakeTmp\CheckIncludeFiles.c
  用于 x64 的 Microsoft (R) C/C++ 优化编译器 18.00.30501 版
  版权所有(C) Microsoft Corporation。  保留所有权利。
  
  cl /c /Zi /W3 /WX- /Od /Ob0 /D WIN32 /D _WINDOWS /D WIN32_LEAN_AND_MEAN=1 /D NOGDI=1 /D _DEBUG /D "CMAKE_INTDIR=\"Debug\"" /D _MBCS /Gm- /RTC1 /MDd /GS /fp:precise /Zc:wchar_t /Zc:forScope /Fo"cmTC_76b55.dir\Debug\\" /Fd"cmTC_76b55.dir\Debug\vc120.pdb" /Gd /TC /errorReport:queue E:\GitCode\Caffe_Test\src\thirdparty\HDF5\vs2013\CMakeFiles\CMakeTmp\CheckIncludeFiles.c
  
  CheckIncludeFiles.c
E:\GitCode\Caffe_Test\src\thirdparty\HDF5\vs2013\CMakeFiles\CMakeTmp\CheckIncludeFiles.c(7): fatal error C1083: 无法打开包括文件: “dirent.h”: No such file or directory [E:\GitCode\Caffe_Test\src\thirdparty\HDF5\vs2013\CMakeFiles\CMakeTmp\cmTC_76b55.vcxproj]
已完成生成项目“E:\GitCode\Caffe_Test\src\thirdparty\HDF5\vs2013\CMakeFiles\CMakeTmp\cmTC_76b55.vcxproj”(默认目标)的操作 - 失败。

生成失败。

“E:\GitCode\Caffe_Test\src\thirdparty\HDF5\vs2013\CMakeFiles\CMakeTmp\cmTC_76b55.vcxproj”(默认目标) (1) ->
(ClCompile 目标) -> 
  E:\GitCode\Caffe_Test\src\thirdparty\HDF5\vs2013\CMakeFiles\CMakeTmp\CheckIncludeFiles.c(7): fatal error C1083: 无法打开包括文件: “dirent.h”: No such file or directory [E:\GitCode\Caffe_Test\src\thirdparty\HDF5\vs2013\CMakeFiles\CMakeTmp\cmTC_76b55.vcxproj]

    0 个警告
    1 个错误

已用时间 00:00:00.58

Source:
/* */
#include <windows.h>
#include <sys/stat.h>
#include <sys/types.h>
#include <stddef.h>
#include <setjmp.h>
#include <dirent.h>


int main(void){return 0;}

Determining if files windows.h;sys/stat.h;sys/types.h;stddef.h;setjmp.h;stdint.h;mach/mach_time.h exist failed with the following output:
Change Dir: E:/GitCode/Caffe_Test/src/thirdparty/HDF5/vs2013/CMakeFiles/CMakeTmp

Run Build Command:"C:/Program Files (x86)/MSBuild/12.0/bin/MSBuild.exe" "cmTC_80a98.vcxproj" "/p:Configuration=Debug" "/p:VisualStudioVersion=12.0"
Microsoft(R) 生成引擎版本 12.0.30501.0
[Microsoft .NET Framework 版本 4.0.30319.18444]
版权所有 (C) Microsoft Corporation。保留所有权利。

生成启动时间为 2016/3/21 星期一 下午 9:55:42。
节点 1 上的项目“E:\GitCode\Caffe_Test\src\thirdparty\HDF5\vs2013\CMakeFiles\CMakeTmp\cmTC_80a98.vcxproj”(默认目标)。
PrepareForBuild:
  正在创建目录“cmTC_80a98.dir\Debug\”。
  正在创建目录“E:\GitCode\Caffe_Test\src\thirdparty\HDF5\vs2013\CMakeFiles\CMakeTmp\Debug\”。
  正在创建目录“cmTC_80a98.dir\Debug\cmTC_80a98.tlog\”。
InitializeBuildStatus:
  正在创建“cmTC_80a98.dir\Debug\cmTC_80a98.tlog\unsuccessfulbuild”，因为已指定“AlwaysCreate”。
ClCompile:
  C:\Program Files (x86)\Microsoft Visual Studio 12.0\VC\bin\x86_amd64\CL.exe /c /Zi /W3 /WX- /Od /Ob0 /D WIN32 /D _WINDOWS /D WIN32_LEAN_AND_MEAN=1 /D NOGDI=1 /D _DEBUG /D "CMAKE_INTDIR=\"Debug\"" /D _MBCS /Gm- /RTC1 /MDd /GS /fp:precise /Zc:wchar_t /Zc:forScope /Fo"cmTC_80a98.dir\Debug\\" /Fd"cmTC_80a98.dir\Debug\vc120.pdb" /Gd /TC /errorReport:queue E:\GitCode\Caffe_Test\src\thirdparty\HDF5\vs2013\CMakeFiles\CMakeTmp\CheckIncludeFiles.c
  用于 x64 的 Microsoft (R) C/C++ 优化编译器 18.00.30501 版
  版权所有(C) Microsoft Corporation。  保留所有权利。
  
  cl /c /Zi /W3 /WX- /Od /Ob0 /D WIN32 /D _WINDOWS /D WIN32_LEAN_AND_MEAN=1 /D NOGDI=1 /D _DEBUG /D "CMAKE_INTDIR=\"Debug\"" /D _MBCS /Gm- /RTC1 /MDd /GS /fp:precise /Zc:wchar_t /Zc:forScope /Fo"cmTC_80a98.dir\Debug\\" /Fd"cmTC_80a98.dir\Debug\vc120.pdb" /Gd /TC /errorReport:queue E:\GitCode\Caffe_Test\src\thirdparty\HDF5\vs2013\CMakeFiles\CMakeTmp\CheckIncludeFiles.c
  
  CheckIncludeFiles.c
E:\GitCode\Caffe_Test\src\thirdparty\HDF5\vs2013\CMakeFiles\CMakeTmp\CheckIncludeFiles.c(8): fatal error C1083: 无法打开包括文件: “mach/mach_time.h”: No such file or directory [E:\GitCode\Caffe_Test\src\thirdparty\HDF5\vs2013\CMakeFiles\CMakeTmp\cmTC_80a98.vcxproj]
已完成生成项目“E:\GitCode\Caffe_Test\src\thirdparty\HDF5\vs2013\CMakeFiles\CMakeTmp\cmTC_80a98.vcxproj”(默认目标)的操作 - 失败。

生成失败。

“E:\GitCode\Caffe_Test\src\thirdparty\HDF5\vs2013\CMakeFiles\CMakeTmp\cmTC_80a98.vcxproj”(默认目标) (1) ->
(ClCompile 目标) -> 
  E:\GitCode\Caffe_Test\src\thirdparty\HDF5\vs2013\CMakeFiles\CMakeTmp\CheckIncludeFiles.c(8): fatal error C1083: 无法打开包括文件: “mach/mach_time.h”: No such file or directory [E:\GitCode\Caffe_Test\src\thirdparty\HDF5\vs2013\CMakeFiles\CMakeTmp\cmTC_80a98.vcxproj]

    0 个警告
    1 个错误

已用时间 00:00:00.57

Source:
/* */
#include <windows.h>
#include <sys/stat.h>
#include <sys/types.h>
#include <stddef.h>
#include <setjmp.h>
#include <stdint.h>
#include <mach/mach_time.h>


int main(void){return 0;}

Determining if files windows.h;sys/stat.h;sys/types.h;stddef.h;setjmp.h;stdint.h;io.h;winsock2.h;sys/timeb.h;globus/common.h exist failed with the following output:
Change Dir: E:/GitCode/Caffe_Test/src/thirdparty/HDF5/vs2013/CMakeFiles/CMakeTmp

Run Build Command:"C:/Program Files (x86)/MSBuild/12.0/bin/MSBuild.exe" "cmTC_56b27.vcxproj" "/p:Configuration=Debug" "/p:VisualStudioVersion=12.0"
Microsoft(R) 生成引擎版本 12.0.30501.0
[Microsoft .NET Framework 版本 4.0.30319.18444]
版权所有 (C) Microsoft Corporation。保留所有权利。

生成启动时间为 2016/3/21 星期一 下午 9:55:47。
节点 1 上的项目“E:\GitCode\Caffe_Test\src\thirdparty\HDF5\vs2013\CMakeFiles\CMakeTmp\cmTC_56b27.vcxproj”(默认目标)。
PrepareForBuild:
  正在创建目录“cmTC_56b27.dir\Debug\”。
  正在创建目录“E:\GitCode\Caffe_Test\src\thirdparty\HDF5\vs2013\CMakeFiles\CMakeTmp\Debug\”。
  正在创建目录“cmTC_56b27.dir\Debug\cmTC_56b27.tlog\”。
InitializeBuildStatus:
  正在创建“cmTC_56b27.dir\Debug\cmTC_56b27.tlog\unsuccessfulbuild”，因为已指定“AlwaysCreate”。
ClCompile:
  C:\Program Files (x86)\Microsoft Visual Studio 12.0\VC\bin\x86_amd64\CL.exe /c /Zi /W3 /WX- /Od /Ob0 /D WIN32 /D _WINDOWS /D WIN32_LEAN_AND_MEAN=1 /D NOGDI=1 /D _DEBUG /D "CMAKE_INTDIR=\"Debug\"" /D _MBCS /Gm- /RTC1 /MDd /GS /fp:precise /Zc:wchar_t /Zc:forScope /Fo"cmTC_56b27.dir\Debug\\" /Fd"cmTC_56b27.dir\Debug\vc120.pdb" /Gd /TC /errorReport:queue E:\GitCode\Caffe_Test\src\thirdparty\HDF5\vs2013\CMakeFiles\CMakeTmp\CheckIncludeFiles.c
  用于 x64 的 Microsoft (R) C/C++ 优化编译器 18.00.30501 版
  版权所有(C) Microsoft Corporation。  保留所有权利。
  
  cl /c /Zi /W3 /WX- /Od /Ob0 /D WIN32 /D _WINDOWS /D WIN32_LEAN_AND_MEAN=1 /D NOGDI=1 /D _DEBUG /D "CMAKE_INTDIR=\"Debug\"" /D _MBCS /Gm- /RTC1 /MDd /GS /fp:precise /Zc:wchar_t /Zc:forScope /Fo"cmTC_56b27.dir\Debug\\" /Fd"cmTC_56b27.dir\Debug\vc120.pdb" /Gd /TC /errorReport:queue E:\GitCode\Caffe_Test\src\thirdparty\HDF5\vs2013\CMakeFiles\CMakeTmp\CheckIncludeFiles.c
  
  CheckIncludeFiles.c
E:\GitCode\Caffe_Test\src\thirdparty\HDF5\vs2013\CMakeFiles\CMakeTmp\CheckIncludeFiles.c(11): fatal error C1083: 无法打开包括文件: “globus/common.h”: No such file or directory [E:\GitCode\Caffe_Test\src\thirdparty\HDF5\vs2013\CMakeFiles\CMakeTmp\cmTC_56b27.vcxproj]
已完成生成项目“E:\GitCode\Caffe_Test\src\thirdparty\HDF5\vs2013\CMakeFiles\CMakeTmp\cmTC_56b27.vcxproj”(默认目标)的操作 - 失败。

生成失败。

“E:\GitCode\Caffe_Test\src\thirdparty\HDF5\vs2013\CMakeFiles\CMakeTmp\cmTC_56b27.vcxproj”(默认目标) (1) ->
(ClCompile 目标) -> 
  E:\GitCode\Caffe_Test\src\thirdparty\HDF5\vs2013\CMakeFiles\CMakeTmp\CheckIncludeFiles.c(11): fatal error C1083: 无法打开包括文件: “globus/common.h”: No such file or directory [E:\GitCode\Caffe_Test\src\thirdparty\HDF5\vs2013\CMakeFiles\CMakeTmp\cmTC_56b27.vcxproj]

    0 个警告
    1 个错误

已用时间 00:00:00.59

Source:
/* */
#include <windows.h>
#include <sys/stat.h>
#include <sys/types.h>
#include <stddef.h>
#include <setjmp.h>
#include <stdint.h>
#include <io.h>
#include <winsock2.h>
#include <sys/timeb.h>
#include <globus/common.h>


int main(void){return 0;}

Determining if files windows.h;sys/stat.h;sys/types.h;stddef.h;setjmp.h;stdint.h;io.h;winsock2.h;sys/timeb.h;pdb.h exist failed with the following output:
Change Dir: E:/GitCode/Caffe_Test/src/thirdparty/HDF5/vs2013/CMakeFiles/CMakeTmp

Run Build Command:"C:/Program Files (x86)/MSBuild/12.0/bin/MSBuild.exe" "cmTC_23abe.vcxproj" "/p:Configuration=Debug" "/p:VisualStudioVersion=12.0"
Microsoft(R) 生成引擎版本 12.0.30501.0
[Microsoft .NET Framework 版本 4.0.30319.18444]
版权所有 (C) Microsoft Corporation。保留所有权利。

生成启动时间为 2016/3/21 星期一 下午 9:55:48。
节点 1 上的项目“E:\GitCode\Caffe_Test\src\thirdparty\HDF5\vs2013\CMakeFiles\CMakeTmp\cmTC_23abe.vcxproj”(默认目标)。
PrepareForBuild:
  正在创建目录“cmTC_23abe.dir\Debug\”。
  正在创建目录“E:\GitCode\Caffe_Test\src\thirdparty\HDF5\vs2013\CMakeFiles\CMakeTmp\Debug\”。
  正在创建目录“cmTC_23abe.dir\Debug\cmTC_23abe.tlog\”。
InitializeBuildStatus:
  正在创建“cmTC_23abe.dir\Debug\cmTC_23abe.tlog\unsuccessfulbuild”，因为已指定“AlwaysCreate”。
ClCompile:
  C:\Program Files (x86)\Microsoft Visual Studio 12.0\VC\bin\x86_amd64\CL.exe /c /Zi /W3 /WX- /Od /Ob0 /D WIN32 /D _WINDOWS /D WIN32_LEAN_AND_MEAN=1 /D NOGDI=1 /D _DEBUG /D "CMAKE_INTDIR=\"Debug\"" /D _MBCS /Gm- /RTC1 /MDd /GS /fp:precise /Zc:wchar_t /Zc:forScope /Fo"cmTC_23abe.dir\Debug\\" /Fd"cmTC_23abe.dir\Debug\vc120.pdb" /Gd /TC /errorReport:queue E:\GitCode\Caffe_Test\src\thirdparty\HDF5\vs2013\CMakeFiles\CMakeTmp\CheckIncludeFiles.c
  用于 x64 的 Microsoft (R) C/C++ 优化编译器 18.00.30501 版
  版权所有(C) Microsoft Corporation。  保留所有权利。
  
  cl /c /Zi /W3 /WX- /Od /Ob0 /D WIN32 /D _WINDOWS /D WIN32_LEAN_AND_MEAN=1 /D NOGDI=1 /D _DEBUG /D "CMAKE_INTDIR=\"Debug\"" /D _MBCS /Gm- /RTC1 /MDd /GS /fp:precise /Zc:wchar_t /Zc:forScope /Fo"cmTC_23abe.dir\Debug\\" /Fd"cmTC_23abe.dir\Debug\vc120.pdb" /Gd /TC /errorReport:queue E:\GitCode\Caffe_Test\src\thirdparty\HDF5\vs2013\CMakeFiles\CMakeTmp\CheckIncludeFiles.c
  
  CheckIncludeFiles.c
E:\GitCode\Caffe_Test\src\thirdparty\HDF5\vs2013\CMakeFiles\CMakeTmp\CheckIncludeFiles.c(11): fatal error C1083: 无法打开包括文件: “pdb.h”: No such file or directory [E:\GitCode\Caffe_Test\src\thirdparty\HDF5\vs2013\CMakeFiles\CMakeTmp\cmTC_23abe.vcxproj]
已完成生成项目“E:\GitCode\Caffe_Test\src\thirdparty\HDF5\vs2013\CMakeFiles\CMakeTmp\cmTC_23abe.vcxproj”(默认目标)的操作 - 失败。

生成失败。

“E:\GitCode\Caffe_Test\src\thirdparty\HDF5\vs2013\CMakeFiles\CMakeTmp\cmTC_23abe.vcxproj”(默认目标) (1) ->
(ClCompile 目标) -> 
  E:\GitCode\Caffe_Test\src\thirdparty\HDF5\vs2013\CMakeFiles\CMakeTmp\CheckIncludeFiles.c(11): fatal error C1083: 无法打开包括文件: “pdb.h”: No such file or directory [E:\GitCode\Caffe_Test\src\thirdparty\HDF5\vs2013\CMakeFiles\CMakeTmp\cmTC_23abe.vcxproj]

    0 个警告
    1 个错误

已用时间 00:00:00.59

Source:
/* */
#include <windows.h>
#include <sys/stat.h>
#include <sys/types.h>
#include <stddef.h>
#include <setjmp.h>
#include <stdint.h>
#include <io.h>
#include <winsock2.h>
#include <sys/timeb.h>
#include <pdb.h>


int main(void){return 0;}

Determining if files windows.h;sys/stat.h;sys/types.h;stddef.h;setjmp.h;stdint.h;io.h;winsock2.h;sys/timeb.h;pthread.h exist failed with the following output:
Change Dir: E:/GitCode/Caffe_Test/src/thirdparty/HDF5/vs2013/CMakeFiles/CMakeTmp

Run Build Command:"C:/Program Files (x86)/MSBuild/12.0/bin/MSBuild.exe" "cmTC_2128e.vcxproj" "/p:Configuration=Debug" "/p:VisualStudioVersion=12.0"
Microsoft(R) 生成引擎版本 12.0.30501.0
[Microsoft .NET Framework 版本 4.0.30319.18444]
版权所有 (C) Microsoft Corporation。保留所有权利。

生成启动时间为 2016/3/21 星期一 下午 9:55:49。
节点 1 上的项目“E:\GitCode\Caffe_Test\src\thirdparty\HDF5\vs2013\CMakeFiles\CMakeTmp\cmTC_2128e.vcxproj”(默认目标)。
PrepareForBuild:
  正在创建目录“cmTC_2128e.dir\Debug\”。
  正在创建目录“E:\GitCode\Caffe_Test\src\thirdparty\HDF5\vs2013\CMakeFiles\CMakeTmp\Debug\”。
  正在创建目录“cmTC_2128e.dir\Debug\cmTC_2128e.tlog\”。
InitializeBuildStatus:
  正在创建“cmTC_2128e.dir\Debug\cmTC_2128e.tlog\unsuccessfulbuild”，因为已指定“AlwaysCreate”。
ClCompile:
  C:\Program Files (x86)\Microsoft Visual Studio 12.0\VC\bin\x86_amd64\CL.exe /c /Zi /W3 /WX- /Od /Ob0 /D WIN32 /D _WINDOWS /D WIN32_LEAN_AND_MEAN=1 /D NOGDI=1 /D _DEBUG /D "CMAKE_INTDIR=\"Debug\"" /D _MBCS /Gm- /RTC1 /MDd /GS /fp:precise /Zc:wchar_t /Zc:forScope /Fo"cmTC_2128e.dir\Debug\\" /Fd"cmTC_2128e.dir\Debug\vc120.pdb" /Gd /TC /errorReport:queue E:\GitCode\Caffe_Test\src\thirdparty\HDF5\vs2013\CMakeFiles\CMakeTmp\CheckIncludeFiles.c
  用于 x64 的 Microsoft (R) C/C++ 优化编译器 18.00.30501 版
  版权所有(C) Microsoft Corporation。  保留所有权利。
  
  cl /c /Zi /W3 /WX- /Od /Ob0 /D WIN32 /D _WINDOWS /D WIN32_LEAN_AND_MEAN=1 /D NOGDI=1 /D _DEBUG /D "CMAKE_INTDIR=\"Debug\"" /D _MBCS /Gm- /RTC1 /MDd /GS /fp:precise /Zc:wchar_t /Zc:forScope /Fo"cmTC_2128e.dir\Debug\\" /Fd"cmTC_2128e.dir\Debug\vc120.pdb" /Gd /TC /errorReport:queue E:\GitCode\Caffe_Test\src\thirdparty\HDF5\vs2013\CMakeFiles\CMakeTmp\CheckIncludeFiles.c
  
  CheckIncludeFiles.c
E:\GitCode\Caffe_Test\src\thirdparty\HDF5\vs2013\CMakeFiles\CMakeTmp\CheckIncludeFiles.c(11): fatal error C1083: 无法打开包括文件: “pthread.h”: No such file or directory [E:\GitCode\Caffe_Test\src\thirdparty\HDF5\vs2013\CMakeFiles\CMakeTmp\cmTC_2128e.vcxproj]
已完成生成项目“E:\GitCode\Caffe_Test\src\thirdparty\HDF5\vs2013\CMakeFiles\CMakeTmp\cmTC_2128e.vcxproj”(默认目标)的操作 - 失败。

生成失败。

“E:\GitCode\Caffe_Test\src\thirdparty\HDF5\vs2013\CMakeFiles\CMakeTmp\cmTC_2128e.vcxproj”(默认目标) (1) ->
(ClCompile 目标) -> 
  E:\GitCode\Caffe_Test\src\thirdparty\HDF5\vs2013\CMakeFiles\CMakeTmp\CheckIncludeFiles.c(11): fatal error C1083: 无法打开包括文件: “pthread.h”: No such file or directory [E:\GitCode\Caffe_Test\src\thirdparty\HDF5\vs2013\CMakeFiles\CMakeTmp\cmTC_2128e.vcxproj]

    0 个警告
    1 个错误

已用时间 00:00:00.59

Source:
/* */
#include <windows.h>
#include <sys/stat.h>
#include <sys/types.h>
#include <stddef.h>
#include <setjmp.h>
#include <stdint.h>
#include <io.h>
#include <winsock2.h>
#include <sys/timeb.h>
#include <pthread.h>


int main(void){return 0;}

Determining if files windows.h;sys/stat.h;sys/types.h;stddef.h;setjmp.h;stdint.h;io.h;winsock2.h;sys/timeb.h;srbclient.h exist failed with the following output:
Change Dir: E:/GitCode/Caffe_Test/src/thirdparty/HDF5/vs2013/CMakeFiles/CMakeTmp

Run Build Command:"C:/Program Files (x86)/MSBuild/12.0/bin/MSBuild.exe" "cmTC_ff641.vcxproj" "/p:Configuration=Debug" "/p:VisualStudioVersion=12.0"
Microsoft(R) 生成引擎版本 12.0.30501.0
[Microsoft .NET Framework 版本 4.0.30319.18444]
版权所有 (C) Microsoft Corporation。保留所有权利。

生成启动时间为 2016/3/21 星期一 下午 9:55:50。
节点 1 上的项目“E:\GitCode\Caffe_Test\src\thirdparty\HDF5\vs2013\CMakeFiles\CMakeTmp\cmTC_ff641.vcxproj”(默认目标)。
PrepareForBuild:
  正在创建目录“cmTC_ff641.dir\Debug\”。
  正在创建目录“E:\GitCode\Caffe_Test\src\thirdparty\HDF5\vs2013\CMakeFiles\CMakeTmp\Debug\”。
  正在创建目录“cmTC_ff641.dir\Debug\cmTC_ff641.tlog\”。
InitializeBuildStatus:
  正在创建“cmTC_ff641.dir\Debug\cmTC_ff641.tlog\unsuccessfulbuild”，因为已指定“AlwaysCreate”。
ClCompile:
  C:\Program Files (x86)\Microsoft Visual Studio 12.0\VC\bin\x86_amd64\CL.exe /c /Zi /W3 /WX- /Od /Ob0 /D WIN32 /D _WINDOWS /D WIN32_LEAN_AND_MEAN=1 /D NOGDI=1 /D _DEBUG /D "CMAKE_INTDIR=\"Debug\"" /D _MBCS /Gm- /RTC1 /MDd /GS /fp:precise /Zc:wchar_t /Zc:forScope /Fo"cmTC_ff641.dir\Debug\\" /Fd"cmTC_ff641.dir\Debug\vc120.pdb" /Gd /TC /errorReport:queue E:\GitCode\Caffe_Test\src\thirdparty\HDF5\vs2013\CMakeFiles\CMakeTmp\CheckIncludeFiles.c
  用于 x64 的 Microsoft (R) C/C++ 优化编译器 18.00.30501 版
  版权所有(C) Microsoft Corporation。  保留所有权利。
  
  cl /c /Zi /W3 /WX- /Od /Ob0 /D WIN32 /D _WINDOWS /D WIN32_LEAN_AND_MEAN=1 /D NOGDI=1 /D _DEBUG /D "CMAKE_INTDIR=\"Debug\"" /D _MBCS /Gm- /RTC1 /MDd /GS /fp:precise /Zc:wchar_t /Zc:forScope /Fo"cmTC_ff641.dir\Debug\\" /Fd"cmTC_ff641.dir\Debug\vc120.pdb" /Gd /TC /errorReport:queue E:\GitCode\Caffe_Test\src\thirdparty\HDF5\vs2013\CMakeFiles\CMakeTmp\CheckIncludeFiles.c
  CheckIncludeFiles.c
  
E:\GitCode\Caffe_Test\src\thirdparty\HDF5\vs2013\CMakeFiles\CMakeTmp\CheckIncludeFiles.c(11): fatal error C1083: 无法打开包括文件: “srbclient.h”: No such file or directory [E:\GitCode\Caffe_Test\src\thirdparty\HDF5\vs2013\CMakeFiles\CMakeTmp\cmTC_ff641.vcxproj]
已完成生成项目“E:\GitCode\Caffe_Test\src\thirdparty\HDF5\vs2013\CMakeFiles\CMakeTmp\cmTC_ff641.vcxproj”(默认目标)的操作 - 失败。

生成失败。

“E:\GitCode\Caffe_Test\src\thirdparty\HDF5\vs2013\CMakeFiles\CMakeTmp\cmTC_ff641.vcxproj”(默认目标) (1) ->
(ClCompile 目标) -> 
  E:\GitCode\Caffe_Test\src\thirdparty\HDF5\vs2013\CMakeFiles\CMakeTmp\CheckIncludeFiles.c(11): fatal error C1083: 无法打开包括文件: “srbclient.h”: No such file or directory [E:\GitCode\Caffe_Test\src\thirdparty\HDF5\vs2013\CMakeFiles\CMakeTmp\cmTC_ff641.vcxproj]

    0 个警告
    1 个错误

已用时间 00:00:00.58

Source:
/* */
#include <windows.h>
#include <sys/stat.h>
#include <sys/types.h>
#include <stddef.h>
#include <setjmp.h>
#include <stdint.h>
#include <io.h>
#include <winsock2.h>
#include <sys/timeb.h>
#include <srbclient.h>


int main(void){return 0;}

Determining if files windows.h;sys/stat.h;sys/types.h;stddef.h;setjmp.h;stdint.h;io.h;winsock2.h;sys/timeb.h;string.h;strings.h exist failed with the following output:
Change Dir: E:/GitCode/Caffe_Test/src/thirdparty/HDF5/vs2013/CMakeFiles/CMakeTmp

Run Build Command:"C:/Program Files (x86)/MSBuild/12.0/bin/MSBuild.exe" "cmTC_56f3a.vcxproj" "/p:Configuration=Debug" "/p:VisualStudioVersion=12.0"
Microsoft(R) 生成引擎版本 12.0.30501.0
[Microsoft .NET Framework 版本 4.0.30319.18444]
版权所有 (C) Microsoft Corporation。保留所有权利。

生成启动时间为 2016/3/21 星期一 下午 9:55:52。
节点 1 上的项目“E:\GitCode\Caffe_Test\src\thirdparty\HDF5\vs2013\CMakeFiles\CMakeTmp\cmTC_56f3a.vcxproj”(默认目标)。
PrepareForBuild:
  正在创建目录“cmTC_56f3a.dir\Debug\”。
  正在创建目录“E:\GitCode\Caffe_Test\src\thirdparty\HDF5\vs2013\CMakeFiles\CMakeTmp\Debug\”。
  正在创建目录“cmTC_56f3a.dir\Debug\cmTC_56f3a.tlog\”。
InitializeBuildStatus:
  正在创建“cmTC_56f3a.dir\Debug\cmTC_56f3a.tlog\unsuccessfulbuild”，因为已指定“AlwaysCreate”。
ClCompile:
  C:\Program Files (x86)\Microsoft Visual Studio 12.0\VC\bin\x86_amd64\CL.exe /c /Zi /W3 /WX- /Od /Ob0 /D WIN32 /D _WINDOWS /D WIN32_LEAN_AND_MEAN=1 /D NOGDI=1 /D _DEBUG /D "CMAKE_INTDIR=\"Debug\"" /D _MBCS /Gm- /RTC1 /MDd /GS /fp:precise /Zc:wchar_t /Zc:forScope /Fo"cmTC_56f3a.dir\Debug\\" /Fd"cmTC_56f3a.dir\Debug\vc120.pdb" /Gd /TC /errorReport:queue E:\GitCode\Caffe_Test\src\thirdparty\HDF5\vs2013\CMakeFiles\CMakeTmp\CheckIncludeFiles.c
  用于 x64 的 Microsoft (R) C/C++ 优化编译器 18.00.30501 版
  版权所有(C) Microsoft Corporation。  保留所有权利。
  
  cl /c /Zi /W3 /WX- /Od /Ob0 /D WIN32 /D _WINDOWS /D WIN32_LEAN_AND_MEAN=1 /D NOGDI=1 /D _DEBUG /D "CMAKE_INTDIR=\"Debug\"" /D _MBCS /Gm- /RTC1 /MDd /GS /fp:precise /Zc:wchar_t /Zc:forScope /Fo"cmTC_56f3a.dir\Debug\\" /Fd"cmTC_56f3a.dir\Debug\vc120.pdb" /Gd /TC /errorReport:queue E:\GitCode\Caffe_Test\src\thirdparty\HDF5\vs2013\CMakeFiles\CMakeTmp\CheckIncludeFiles.c
  
  CheckIncludeFiles.c
E:\GitCode\Caffe_Test\src\thirdparty\HDF5\vs2013\CMakeFiles\CMakeTmp\CheckIncludeFiles.c(12): fatal error C1083: 无法打开包括文件: “strings.h”: No such file or directory [E:\GitCode\Caffe_Test\src\thirdparty\HDF5\vs2013\CMakeFiles\CMakeTmp\cmTC_56f3a.vcxproj]
已完成生成项目“E:\GitCode\Caffe_Test\src\thirdparty\HDF5\vs2013\CMakeFiles\CMakeTmp\cmTC_56f3a.vcxproj”(默认目标)的操作 - 失败。

生成失败。

“E:\GitCode\Caffe_Test\src\thirdparty\HDF5\vs2013\CMakeFiles\CMakeTmp\cmTC_56f3a.vcxproj”(默认目标) (1) ->
(ClCompile 目标) -> 
  E:\GitCode\Caffe_Test\src\thirdparty\HDF5\vs2013\CMakeFiles\CMakeTmp\CheckIncludeFiles.c(12): fatal error C1083: 无法打开包括文件: “strings.h”: No such file or directory [E:\GitCode\Caffe_Test\src\thirdparty\HDF5\vs2013\CMakeFiles\CMakeTmp\cmTC_56f3a.vcxproj]

    0 个警告
    1 个错误

已用时间 00:00:00.60

Source:
/* */
#include <windows.h>
#include <sys/stat.h>
#include <sys/types.h>
#include <stddef.h>
#include <setjmp.h>
#include <stdint.h>
#include <io.h>
#include <winsock2.h>
#include <sys/timeb.h>
#include <string.h>
#include <strings.h>


int main(void){return 0;}

Determining if files windows.h;sys/stat.h;sys/types.h;stddef.h;setjmp.h;stdint.h;io.h;winsock2.h;sys/timeb.h;string.h;time.h;stdlib.h;memory.h;dlfcn.h exist failed with the following output:
Change Dir: E:/GitCode/Caffe_Test/src/thirdparty/HDF5/vs2013/CMakeFiles/CMakeTmp

Run Build Command:"C:/Program Files (x86)/MSBuild/12.0/bin/MSBuild.exe" "cmTC_18d21.vcxproj" "/p:Configuration=Debug" "/p:VisualStudioVersion=12.0"
Microsoft(R) 生成引擎版本 12.0.30501.0
[Microsoft .NET Framework 版本 4.0.30319.18444]
版权所有 (C) Microsoft Corporation。保留所有权利。

生成启动时间为 2016/3/21 星期一 下午 9:55:56。
节点 1 上的项目“E:\GitCode\Caffe_Test\src\thirdparty\HDF5\vs2013\CMakeFiles\CMakeTmp\cmTC_18d21.vcxproj”(默认目标)。
PrepareForBuild:
  正在创建目录“cmTC_18d21.dir\Debug\”。
  正在创建目录“E:\GitCode\Caffe_Test\src\thirdparty\HDF5\vs2013\CMakeFiles\CMakeTmp\Debug\”。
  正在创建目录“cmTC_18d21.dir\Debug\cmTC_18d21.tlog\”。
InitializeBuildStatus:
  正在创建“cmTC_18d21.dir\Debug\cmTC_18d21.tlog\unsuccessfulbuild”，因为已指定“AlwaysCreate”。
ClCompile:
  C:\Program Files (x86)\Microsoft Visual Studio 12.0\VC\bin\x86_amd64\CL.exe /c /Zi /W3 /WX- /Od /Ob0 /D WIN32 /D _WINDOWS /D WIN32_LEAN_AND_MEAN=1 /D NOGDI=1 /D _DEBUG /D "CMAKE_INTDIR=\"Debug\"" /D _MBCS /Gm- /RTC1 /MDd /GS /fp:precise /Zc:wchar_t /Zc:forScope /Fo"cmTC_18d21.dir\Debug\\" /Fd"cmTC_18d21.dir\Debug\vc120.pdb" /Gd /TC /errorReport:queue E:\GitCode\Caffe_Test\src\thirdparty\HDF5\vs2013\CMakeFiles\CMakeTmp\CheckIncludeFiles.c
  用于 x64 的 Microsoft (R) C/C++ 优化编译器 18.00.30501 版
  版权所有(C) Microsoft Corporation。  保留所有权利。
  
  cl /c /Zi /W3 /WX- /Od /Ob0 /D WIN32 /D _WINDOWS /D WIN32_LEAN_AND_MEAN=1 /D NOGDI=1 /D _DEBUG /D "CMAKE_INTDIR=\"Debug\"" /D _MBCS /Gm- /RTC1 /MDd /GS /fp:precise /Zc:wchar_t /Zc:forScope /Fo"cmTC_18d21.dir\Debug\\" /Fd"cmTC_18d21.dir\Debug\vc120.pdb" /Gd /TC /errorReport:queue E:\GitCode\Caffe_Test\src\thirdparty\HDF5\vs2013\CMakeFiles\CMakeTmp\CheckIncludeFiles.c
  
  CheckIncludeFiles.c
E:\GitCode\Caffe_Test\src\thirdparty\HDF5\vs2013\CMakeFiles\CMakeTmp\CheckIncludeFiles.c(15): fatal error C1083: 无法打开包括文件: “dlfcn.h”: No such file or directory [E:\GitCode\Caffe_Test\src\thirdparty\HDF5\vs2013\CMakeFiles\CMakeTmp\cmTC_18d21.vcxproj]
已完成生成项目“E:\GitCode\Caffe_Test\src\thirdparty\HDF5\vs2013\CMakeFiles\CMakeTmp\cmTC_18d21.vcxproj”(默认目标)的操作 - 失败。

生成失败。

“E:\GitCode\Caffe_Test\src\thirdparty\HDF5\vs2013\CMakeFiles\CMakeTmp\cmTC_18d21.vcxproj”(默认目标) (1) ->
(ClCompile 目标) -> 
  E:\GitCode\Caffe_Test\src\thirdparty\HDF5\vs2013\CMakeFiles\CMakeTmp\CheckIncludeFiles.c(15): fatal error C1083: 无法打开包括文件: “dlfcn.h”: No such file or directory [E:\GitCode\Caffe_Test\src\thirdparty\HDF5\vs2013\CMakeFiles\CMakeTmp\cmTC_18d21.vcxproj]

    0 个警告
    1 个错误

已用时间 00:00:00.61

Source:
/* */
#include <windows.h>
#include <sys/stat.h>
#include <sys/types.h>
#include <stddef.h>
#include <setjmp.h>
#include <stdint.h>
#include <io.h>
#include <winsock2.h>
#include <sys/timeb.h>
#include <string.h>
#include <time.h>
#include <stdlib.h>
#include <memory.h>
#include <dlfcn.h>


int main(void){return 0;}

Determining if files windows.h;sys/stat.h;sys/types.h;stddef.h;setjmp.h;stdint.h;io.h;winsock2.h;sys/timeb.h;string.h;time.h;stdlib.h;memory.h;inttypes.h;netinet/in.h exist failed with the following output:
Change Dir: E:/GitCode/Caffe_Test/src/thirdparty/HDF5/vs2013/CMakeFiles/CMakeTmp

Run Build Command:"C:/Program Files (x86)/MSBuild/12.0/bin/MSBuild.exe" "cmTC_62c20.vcxproj" "/p:Configuration=Debug" "/p:VisualStudioVersion=12.0"
Microsoft(R) 生成引擎版本 12.0.30501.0
[Microsoft .NET Framework 版本 4.0.30319.18444]
版权所有 (C) Microsoft Corporation。保留所有权利。

生成启动时间为 2016/3/21 星期一 下午 9:55:58。
节点 1 上的项目“E:\GitCode\Caffe_Test\src\thirdparty\HDF5\vs2013\CMakeFiles\CMakeTmp\cmTC_62c20.vcxproj”(默认目标)。
PrepareForBuild:
  正在创建目录“cmTC_62c20.dir\Debug\”。
  正在创建目录“E:\GitCode\Caffe_Test\src\thirdparty\HDF5\vs2013\CMakeFiles\CMakeTmp\Debug\”。
  正在创建目录“cmTC_62c20.dir\Debug\cmTC_62c20.tlog\”。
InitializeBuildStatus:
  正在创建“cmTC_62c20.dir\Debug\cmTC_62c20.tlog\unsuccessfulbuild”，因为已指定“AlwaysCreate”。
ClCompile:
  C:\Program Files (x86)\Microsoft Visual Studio 12.0\VC\bin\x86_amd64\CL.exe /c /Zi /W3 /WX- /Od /Ob0 /D WIN32 /D _WINDOWS /D WIN32_LEAN_AND_MEAN=1 /D NOGDI=1 /D _DEBUG /D "CMAKE_INTDIR=\"Debug\"" /D _MBCS /Gm- /RTC1 /MDd /GS /fp:precise /Zc:wchar_t /Zc:forScope /Fo"cmTC_62c20.dir\Debug\\" /Fd"cmTC_62c20.dir\Debug\vc120.pdb" /Gd /TC /errorReport:queue E:\GitCode\Caffe_Test\src\thirdparty\HDF5\vs2013\CMakeFiles\CMakeTmp\CheckIncludeFiles.c
  用于 x64 的 Microsoft (R) C/C++ 优化编译器 18.00.30501 版
  版权所有(C) Microsoft Corporation。  保留所有权利。
  
  cl /c /Zi /W3 /WX- /Od /Ob0 /D WIN32 /D _WINDOWS /D WIN32_LEAN_AND_MEAN=1 /D NOGDI=1 /D _DEBUG /D "CMAKE_INTDIR=\"Debug\"" /D _MBCS /Gm- /RTC1 /MDd /GS /fp:precise /Zc:wchar_t /Zc:forScope /Fo"cmTC_62c20.dir\Debug\\" /Fd"cmTC_62c20.dir\Debug\vc120.pdb" /Gd /TC /errorReport:queue E:\GitCode\Caffe_Test\src\thirdparty\HDF5\vs2013\CMakeFiles\CMakeTmp\CheckIncludeFiles.c
  
  CheckIncludeFiles.c
E:\GitCode\Caffe_Test\src\thirdparty\HDF5\vs2013\CMakeFiles\CMakeTmp\CheckIncludeFiles.c(16): fatal error C1083: 无法打开包括文件: “netinet/in.h”: No such file or directory [E:\GitCode\Caffe_Test\src\thirdparty\HDF5\vs2013\CMakeFiles\CMakeTmp\cmTC_62c20.vcxproj]
已完成生成项目“E:\GitCode\Caffe_Test\src\thirdparty\HDF5\vs2013\CMakeFiles\CMakeTmp\cmTC_62c20.vcxproj”(默认目标)的操作 - 失败。

生成失败。

“E:\GitCode\Caffe_Test\src\thirdparty\HDF5\vs2013\CMakeFiles\CMakeTmp\cmTC_62c20.vcxproj”(默认目标) (1) ->
(ClCompile 目标) -> 
  E:\GitCode\Caffe_Test\src\thirdparty\HDF5\vs2013\CMakeFiles\CMakeTmp\CheckIncludeFiles.c(16): fatal error C1083: 无法打开包括文件: “netinet/in.h”: No such file or directory [E:\GitCode\Caffe_Test\src\thirdparty\HDF5\vs2013\CMakeFiles\CMakeTmp\cmTC_62c20.vcxproj]

    0 个警告
    1 个错误

已用时间 00:00:00.60

Source:
/* */
#include <windows.h>
#include <sys/stat.h>
#include <sys/types.h>
#include <stddef.h>
#include <setjmp.h>
#include <stdint.h>
#include <io.h>
#include <winsock2.h>
#include <sys/timeb.h>
#include <string.h>
#include <time.h>
#include <stdlib.h>
#include <memory.h>
#include <inttypes.h>
#include <netinet/in.h>


int main(void){return 0;}

Determining size of ssize_t failed with the following output:
Change Dir: E:/GitCode/Caffe_Test/src/thirdparty/HDF5/vs2013/CMakeFiles/CMakeTmp

Run Build Command:"C:/Program Files (x86)/MSBuild/12.0/bin/MSBuild.exe" "cmTC_20414.vcxproj" "/p:Configuration=Debug" "/p:VisualStudioVersion=12.0"
Microsoft(R) 生成引擎版本 12.0.30501.0
[Microsoft .NET Framework 版本 4.0.30319.18444]
版权所有 (C) Microsoft Corporation。保留所有权利。

生成启动时间为 2016/3/21 星期一 下午 9:56:37。
节点 1 上的项目“E:\GitCode\Caffe_Test\src\thirdparty\HDF5\vs2013\CMakeFiles\CMakeTmp\cmTC_20414.vcxproj”(默认目标)。
PrepareForBuild:
  正在创建目录“cmTC_20414.dir\Debug\”。
  正在创建目录“E:\GitCode\Caffe_Test\src\thirdparty\HDF5\vs2013\CMakeFiles\CMakeTmp\Debug\”。
  正在创建目录“cmTC_20414.dir\Debug\cmTC_20414.tlog\”。
InitializeBuildStatus:
  正在创建“cmTC_20414.dir\Debug\cmTC_20414.tlog\unsuccessfulbuild”，因为已指定“AlwaysCreate”。
ClCompile:
  C:\Program Files (x86)\Microsoft Visual Studio 12.0\VC\bin\x86_amd64\CL.exe /c /Zi /W3 /WX- /Od /Ob0 /D WIN32 /D _WINDOWS /D WIN32_LEAN_AND_MEAN=1 /D NOGDI=1 /D _DEBUG /D "CMAKE_INTDIR=\"Debug\"" /D _MBCS /Gm- /RTC1 /MDd /GS /fp:precise /Zc:wchar_t /Zc:forScope /Fo"cmTC_20414.dir\Debug\\" /Fd"cmTC_20414.dir\Debug\vc120.pdb" /Gd /TC /errorReport:queue E:\GitCode\Caffe_Test\src\thirdparty\HDF5\vs2013\CMakeFiles\CheckTypeSize\H5_SIZEOF_SSIZE_T.c
  用于 x64 的 Microsoft (R) C/C++ 优化编译器 18.00.30501 版
  版权所有(C) Microsoft Corporation。  保留所有权利。
  
  cl /c /Zi /W3 /WX- /Od /Ob0 /D WIN32 /D _WINDOWS /D WIN32_LEAN_AND_MEAN=1 /D NOGDI=1 /D _DEBUG /D "CMAKE_INTDIR=\"Debug\"" /D _MBCS /Gm- /RTC1 /MDd /GS /fp:precise /Zc:wchar_t /Zc:forScope /Fo"cmTC_20414.dir\Debug\\" /Fd"cmTC_20414.dir\Debug\vc120.pdb" /Gd /TC /errorReport:queue E:\GitCode\Caffe_Test\src\thirdparty\HDF5\vs2013\CMakeFiles\CheckTypeSize\H5_SIZEOF_SSIZE_T.c
  H5_SIZEOF_SSIZE_T.c
  
E:\GitCode\Caffe_Test\src\thirdparty\HDF5\vs2013\CMakeFiles\CheckTypeSize\H5_SIZEOF_SSIZE_T.c(19): error C2065: “ssize_t”: 未声明的标识符 [E:\GitCode\Caffe_Test\src\thirdparty\HDF5\vs2013\CMakeFiles\CMakeTmp\cmTC_20414.vcxproj]
E:\GitCode\Caffe_Test\src\thirdparty\HDF5\vs2013\CMakeFiles\CheckTypeSize\H5_SIZEOF_SSIZE_T.c(20): error C2065: “ssize_t”: 未声明的标识符 [E:\GitCode\Caffe_Test\src\thirdparty\HDF5\vs2013\CMakeFiles\CMakeTmp\cmTC_20414.vcxproj]
E:\GitCode\Caffe_Test\src\thirdparty\HDF5\vs2013\CMakeFiles\CheckTypeSize\H5_SIZEOF_SSIZE_T.c(21): error C2065: “ssize_t”: 未声明的标识符 [E:\GitCode\Caffe_Test\src\thirdparty\HDF5\vs2013\CMakeFiles\CMakeTmp\cmTC_20414.vcxproj]
E:\GitCode\Caffe_Test\src\thirdparty\HDF5\vs2013\CMakeFiles\CheckTypeSize\H5_SIZEOF_SSIZE_T.c(22): error C2065: “ssize_t”: 未声明的标识符 [E:\GitCode\Caffe_Test\src\thirdparty\HDF5\vs2013\CMakeFiles\CMakeTmp\cmTC_20414.vcxproj]
E:\GitCode\Caffe_Test\src\thirdparty\HDF5\vs2013\CMakeFiles\CheckTypeSize\H5_SIZEOF_SSIZE_T.c(23): error C2065: “ssize_t”: 未声明的标识符 [E:\GitCode\Caffe_Test\src\thirdparty\HDF5\vs2013\CMakeFiles\CMakeTmp\cmTC_20414.vcxproj]
已完成生成项目“E:\GitCode\Caffe_Test\src\thirdparty\HDF5\vs2013\CMakeFiles\CMakeTmp\cmTC_20414.vcxproj”(默认目标)的操作 - 失败。

生成失败。

“E:\GitCode\Caffe_Test\src\thirdparty\HDF5\vs2013\CMakeFiles\CMakeTmp\cmTC_20414.vcxproj”(默认目标) (1) ->
(ClCompile 目标) -> 
  E:\GitCode\Caffe_Test\src\thirdparty\HDF5\vs2013\CMakeFiles\CheckTypeSize\H5_SIZEOF_SSIZE_T.c(19): error C2065: “ssize_t”: 未声明的标识符 [E:\GitCode\Caffe_Test\src\thirdparty\HDF5\vs2013\CMakeFiles\CMakeTmp\cmTC_20414.vcxproj]
  E:\GitCode\Caffe_Test\src\thirdparty\HDF5\vs2013\CMakeFiles\CheckTypeSize\H5_SIZEOF_SSIZE_T.c(20): error C2065: “ssize_t”: 未声明的标识符 [E:\GitCode\Caffe_Test\src\thirdparty\HDF5\vs2013\CMakeFiles\CMakeTmp\cmTC_20414.vcxproj]
  E:\GitCode\Caffe_Test\src\thirdparty\HDF5\vs2013\CMakeFiles\CheckTypeSize\H5_SIZEOF_SSIZE_T.c(21): error C2065: “ssize_t”: 未声明的标识符 [E:\GitCode\Caffe_Test\src\thirdparty\HDF5\vs2013\CMakeFiles\CMakeTmp\cmTC_20414.vcxproj]
  E:\GitCode\Caffe_Test\src\thirdparty\HDF5\vs2013\CMakeFiles\CheckTypeSize\H5_SIZEOF_SSIZE_T.c(22): error C2065: “ssize_t”: 未声明的标识符 [E:\GitCode\Caffe_Test\src\thirdparty\HDF5\vs2013\CMakeFiles\CMakeTmp\cmTC_20414.vcxproj]
  E:\GitCode\Caffe_Test\src\thirdparty\HDF5\vs2013\CMakeFiles\CheckTypeSize\H5_SIZEOF_SSIZE_T.c(23): error C2065: “ssize_t”: 未声明的标识符 [E:\GitCode\Caffe_Test\src\thirdparty\HDF5\vs2013\CMakeFiles\CMakeTmp\cmTC_20414.vcxproj]

    0 个警告
    5 个错误

已用时间 00:00:00.42

E:/GitCode/Caffe_Test/src/thirdparty/HDF5/vs2013/CMakeFiles/CheckTypeSize/H5_SIZEOF_SSIZE_T.c:
#include <sys/types.h>
#include <stdint.h>
#include <stddef.h>


#undef KEY
#if defined(__i386)
# define KEY '_','_','i','3','8','6'
#elif defined(__x86_64)
# define KEY '_','_','x','8','6','_','6','4'
#elif defined(__ppc__)
# define KEY '_','_','p','p','c','_','_'
#elif defined(__ppc64__)
# define KEY '_','_','p','p','c','6','4','_','_'
#endif

#define SIZE (sizeof(ssize_t))
char info_size[] =  {'I', 'N', 'F', 'O', ':', 's','i','z','e','[',
  ('0' + ((SIZE / 10000)%10)),
  ('0' + ((SIZE / 1000)%10)),
  ('0' + ((SIZE / 100)%10)),
  ('0' + ((SIZE / 10)%10)),
  ('0' +  (SIZE    % 10)),
  ']',
#ifdef KEY
  ' ','k','e','y','[', KEY, ']',
#endif
  '\0'};

#ifdef __CLASSIC_C__
int main(argc, argv) int argc; char *argv[];
#else
int main(int argc, char *argv[])
#endif
{
  int require = 0;
  require += info_size[argc];
  (void)argv;
  return require;
}


Determining size of off64_t failed with the following output:
Change Dir: E:/GitCode/Caffe_Test/src/thirdparty/HDF5/vs2013/CMakeFiles/CMakeTmp

Run Build Command:"C:/Program Files (x86)/MSBuild/12.0/bin/MSBuild.exe" "cmTC_ed81f.vcxproj" "/p:Configuration=Debug" "/p:VisualStudioVersion=12.0"
Microsoft(R) 生成引擎版本 12.0.30501.0
[Microsoft .NET Framework 版本 4.0.30319.18444]
版权所有 (C) Microsoft Corporation。保留所有权利。

生成启动时间为 2016/3/21 星期一 下午 9:56:39。
节点 1 上的项目“E:\GitCode\Caffe_Test\src\thirdparty\HDF5\vs2013\CMakeFiles\CMakeTmp\cmTC_ed81f.vcxproj”(默认目标)。
PrepareForBuild:
  正在创建目录“cmTC_ed81f.dir\Debug\”。
  正在创建目录“E:\GitCode\Caffe_Test\src\thirdparty\HDF5\vs2013\CMakeFiles\CMakeTmp\Debug\”。
  正在创建目录“cmTC_ed81f.dir\Debug\cmTC_ed81f.tlog\”。
InitializeBuildStatus:
  正在创建“cmTC_ed81f.dir\Debug\cmTC_ed81f.tlog\unsuccessfulbuild”，因为已指定“AlwaysCreate”。
ClCompile:
  C:\Program Files (x86)\Microsoft Visual Studio 12.0\VC\bin\x86_amd64\CL.exe /c /Zi /W3 /WX- /Od /Ob0 /D WIN32 /D _WINDOWS /D WIN32_LEAN_AND_MEAN=1 /D NOGDI=1 /D _DEBUG /D "CMAKE_INTDIR=\"Debug\"" /D _MBCS /Gm- /RTC1 /MDd /GS /fp:precise /Zc:wchar_t /Zc:forScope /Fo"cmTC_ed81f.dir\Debug\\" /Fd"cmTC_ed81f.dir\Debug\vc120.pdb" /Gd /TC /errorReport:queue E:\GitCode\Caffe_Test\src\thirdparty\HDF5\vs2013\CMakeFiles\CheckTypeSize\H5_SIZEOF_OFF64_T.c
  用于 x64 的 Microsoft (R) C/C++ 优化编译器 18.00.30501 版
  版权所有(C) Microsoft Corporation。  保留所有权利。
  
  cl /c /Zi /W3 /WX- /Od /Ob0 /D WIN32 /D _WINDOWS /D WIN32_LEAN_AND_MEAN=1 /D NOGDI=1 /D _DEBUG /D "CMAKE_INTDIR=\"Debug\"" /D _MBCS /Gm- /RTC1 /MDd /GS /fp:precise /Zc:wchar_t /Zc:forScope /Fo"cmTC_ed81f.dir\Debug\\" /Fd"cmTC_ed81f.dir\Debug\vc120.pdb" /Gd /TC /errorReport:queue E:\GitCode\Caffe_Test\src\thirdparty\HDF5\vs2013\CMakeFiles\CheckTypeSize\H5_SIZEOF_OFF64_T.c
  
  H5_SIZEOF_OFF64_T.c
E:\GitCode\Caffe_Test\src\thirdparty\HDF5\vs2013\CMakeFiles\CheckTypeSize\H5_SIZEOF_OFF64_T.c(19): error C2065: “off64_t”: 未声明的标识符 [E:\GitCode\Caffe_Test\src\thirdparty\HDF5\vs2013\CMakeFiles\CMakeTmp\cmTC_ed81f.vcxproj]
E:\GitCode\Caffe_Test\src\thirdparty\HDF5\vs2013\CMakeFiles\CheckTypeSize\H5_SIZEOF_OFF64_T.c(20): error C2065: “off64_t”: 未声明的标识符 [E:\GitCode\Caffe_Test\src\thirdparty\HDF5\vs2013\CMakeFiles\CMakeTmp\cmTC_ed81f.vcxproj]
E:\GitCode\Caffe_Test\src\thirdparty\HDF5\vs2013\CMakeFiles\CheckTypeSize\H5_SIZEOF_OFF64_T.c(21): error C2065: “off64_t”: 未声明的标识符 [E:\GitCode\Caffe_Test\src\thirdparty\HDF5\vs2013\CMakeFiles\CMakeTmp\cmTC_ed81f.vcxproj]
E:\GitCode\Caffe_Test\src\thirdparty\HDF5\vs2013\CMakeFiles\CheckTypeSize\H5_SIZEOF_OFF64_T.c(22): error C2065: “off64_t”: 未声明的标识符 [E:\GitCode\Caffe_Test\src\thirdparty\HDF5\vs2013\CMakeFiles\CMakeTmp\cmTC_ed81f.vcxproj]
E:\GitCode\Caffe_Test\src\thirdparty\HDF5\vs2013\CMakeFiles\CheckTypeSize\H5_SIZEOF_OFF64_T.c(23): error C2065: “off64_t”: 未声明的标识符 [E:\GitCode\Caffe_Test\src\thirdparty\HDF5\vs2013\CMakeFiles\CMakeTmp\cmTC_ed81f.vcxproj]
已完成生成项目“E:\GitCode\Caffe_Test\src\thirdparty\HDF5\vs2013\CMakeFiles\CMakeTmp\cmTC_ed81f.vcxproj”(默认目标)的操作 - 失败。

生成失败。

“E:\GitCode\Caffe_Test\src\thirdparty\HDF5\vs2013\CMakeFiles\CMakeTmp\cmTC_ed81f.vcxproj”(默认目标) (1) ->
(ClCompile 目标) -> 
  E:\GitCode\Caffe_Test\src\thirdparty\HDF5\vs2013\CMakeFiles\CheckTypeSize\H5_SIZEOF_OFF64_T.c(19): error C2065: “off64_t”: 未声明的标识符 [E:\GitCode\Caffe_Test\src\thirdparty\HDF5\vs2013\CMakeFiles\CMakeTmp\cmTC_ed81f.vcxproj]
  E:\GitCode\Caffe_Test\src\thirdparty\HDF5\vs2013\CMakeFiles\CheckTypeSize\H5_SIZEOF_OFF64_T.c(20): error C2065: “off64_t”: 未声明的标识符 [E:\GitCode\Caffe_Test\src\thirdparty\HDF5\vs2013\CMakeFiles\CMakeTmp\cmTC_ed81f.vcxproj]
  E:\GitCode\Caffe_Test\src\thirdparty\HDF5\vs2013\CMakeFiles\CheckTypeSize\H5_SIZEOF_OFF64_T.c(21): error C2065: “off64_t”: 未声明的标识符 [E:\GitCode\Caffe_Test\src\thirdparty\HDF5\vs2013\CMakeFiles\CMakeTmp\cmTC_ed81f.vcxproj]
  E:\GitCode\Caffe_Test\src\thirdparty\HDF5\vs2013\CMakeFiles\CheckTypeSize\H5_SIZEOF_OFF64_T.c(22): error C2065: “off64_t”: 未声明的标识符 [E:\GitCode\Caffe_Test\src\thirdparty\HDF5\vs2013\CMakeFiles\CMakeTmp\cmTC_ed81f.vcxproj]
  E:\GitCode\Caffe_Test\src\thirdparty\HDF5\vs2013\CMakeFiles\CheckTypeSize\H5_SIZEOF_OFF64_T.c(23): error C2065: “off64_t”: 未声明的标识符 [E:\GitCode\Caffe_Test\src\thirdparty\HDF5\vs2013\CMakeFiles\CMakeTmp\cmTC_ed81f.vcxproj]

    0 个警告
    5 个错误

已用时间 00:00:00.47

E:/GitCode/Caffe_Test/src/thirdparty/HDF5/vs2013/CMakeFiles/CheckTypeSize/H5_SIZEOF_OFF64_T.c:
#include <sys/types.h>
#include <stdint.h>
#include <stddef.h>


#undef KEY
#if defined(__i386)
# define KEY '_','_','i','3','8','6'
#elif defined(__x86_64)
# define KEY '_','_','x','8','6','_','6','4'
#elif defined(__ppc__)
# define KEY '_','_','p','p','c','_','_'
#elif defined(__ppc64__)
# define KEY '_','_','p','p','c','6','4','_','_'
#endif

#define SIZE (sizeof(off64_t))
char info_size[] =  {'I', 'N', 'F', 'O', ':', 's','i','z','e','[',
  ('0' + ((SIZE / 10000)%10)),
  ('0' + ((SIZE / 1000)%10)),
  ('0' + ((SIZE / 100)%10)),
  ('0' + ((SIZE / 10)%10)),
  ('0' +  (SIZE    % 10)),
  ']',
#ifdef KEY
  ' ','k','e','y','[', KEY, ']',
#endif
  '\0'};

#ifdef __CLASSIC_C__
int main(argc, argv) int argc; char *argv[];
#else
int main(int argc, char *argv[])
#endif
{
  int require = 0;
  require += info_size[argc];
  (void)argv;
  return require;
}


Determining if the function alarm exists failed with the following output:
Change Dir: E:/GitCode/Caffe_Test/src/thirdparty/HDF5/vs2013/CMakeFiles/CMakeTmp

Run Build Command:"C:/Program Files (x86)/MSBuild/12.0/bin/MSBuild.exe" "cmTC_f6cd4.vcxproj" "/p:Configuration=Debug" "/p:VisualStudioVersion=12.0"
Microsoft(R) 生成引擎版本 12.0.30501.0
[Microsoft .NET Framework 版本 4.0.30319.18444]
版权所有 (C) Microsoft Corporation。保留所有权利。

生成启动时间为 2016/3/21 星期一 下午 9:56:40。
节点 1 上的项目“E:\GitCode\Caffe_Test\src\thirdparty\HDF5\vs2013\CMakeFiles\CMakeTmp\cmTC_f6cd4.vcxproj”(默认目标)。
PrepareForBuild:
  正在创建目录“cmTC_f6cd4.dir\Debug\”。
  正在创建目录“E:\GitCode\Caffe_Test\src\thirdparty\HDF5\vs2013\CMakeFiles\CMakeTmp\Debug\”。
  正在创建目录“cmTC_f6cd4.dir\Debug\cmTC_f6cd4.tlog\”。
InitializeBuildStatus:
  正在创建“cmTC_f6cd4.dir\Debug\cmTC_f6cd4.tlog\unsuccessfulbuild”，因为已指定“AlwaysCreate”。
ClCompile:
  C:\Program Files (x86)\Microsoft Visual Studio 12.0\VC\bin\x86_amd64\CL.exe /c /Zi /W3 /WX- /Od /Ob0 /D WIN32 /D _WINDOWS /D CHECK_FUNCTION_EXISTS=alarm /D WIN32_LEAN_AND_MEAN=1 /D NOGDI=1 /D _DEBUG /D "CMAKE_INTDIR=\"Debug\"" /D _MBCS /Gm- /RTC1 /MDd /GS /fp:precise /Zc:wchar_t /Zc:forScope /Fo"cmTC_f6cd4.dir\Debug\\" /Fd"cmTC_f6cd4.dir\Debug\vc120.pdb" /Gd /TC /errorReport:queue "D:\ProgramFiles\CMake\share\cmake-3.3\Modules\CheckFunctionExists.c"
  用于 x64 的 Microsoft (R) C/C++ 优化编译器 18.00.30501 版
  版权所有(C) Microsoft Corporation。  保留所有权利。
  
  cl /c /Zi /W3 /WX- /Od /Ob0 /D WIN32 /D _WINDOWS /D CHECK_FUNCTION_EXISTS=alarm /D WIN32_LEAN_AND_MEAN=1 /D NOGDI=1 /D _DEBUG /D "CMAKE_INTDIR=\"Debug\"" /D _MBCS /Gm- /RTC1 /MDd /GS /fp:precise /Zc:wchar_t /Zc:forScope /Fo"cmTC_f6cd4.dir\Debug\\" /Fd"cmTC_f6cd4.dir\Debug\vc120.pdb" /Gd /TC /errorReport:queue "D:\ProgramFiles\CMake\share\cmake-3.3\Modules\CheckFunctionExists.c"
  
  CheckFunctionExists.c
Link:
  C:\Program Files (x86)\Microsoft Visual Studio 12.0\VC\bin\x86_amd64\link.exe /ERRORREPORT:QUEUE /OUT:"E:\GitCode\Caffe_Test\src\thirdparty\HDF5\vs2013\CMakeFiles\CMakeTmp\Debug\cmTC_f6cd4.exe" /INCREMENTAL /NOLOGO kernel32.lib user32.lib gdi32.lib winspool.lib shell32.lib ole32.lib oleaut32.lib uuid.lib comdlg32.lib advapi32.lib ws2_32.lib wsock32.lib /MANIFEST /MANIFESTUAC:"level='asInvoker' uiAccess='false'" /manifest:embed /DEBUG /PDB:"E:/GitCode/Caffe_Test/src/thirdparty/HDF5/vs2013/CMakeFiles/CMakeTmp/Debug/cmTC_f6cd4.pdb" /SUBSYSTEM:CONSOLE /TLBID:1 /DYNAMICBASE /NXCOMPAT /IMPLIB:"E:/GitCode/Caffe_Test/src/thirdparty/HDF5/vs2013/CMakeFiles/CMakeTmp/Debug/cmTC_f6cd4.lib" /MACHINE:X64  /machine:x64 /debug cmTC_f6cd4.dir\Debug\CheckFunctionExists.obj
CheckFunctionExists.obj : error LNK2019: 无法解析的外部符号 alarm，该符号在函数 main 中被引用 [E:\GitCode\Caffe_Test\src\thirdparty\HDF5\vs2013\CMakeFiles\CMakeTmp\cmTC_f6cd4.vcxproj]
E:\GitCode\Caffe_Test\src\thirdparty\HDF5\vs2013\CMakeFiles\CMakeTmp\Debug\cmTC_f6cd4.exe : fatal error LNK1120: 1 个无法解析的外部命令 [E:\GitCode\Caffe_Test\src\thirdparty\HDF5\vs2013\CMakeFiles\CMakeTmp\cmTC_f6cd4.vcxproj]
已完成生成项目“E:\GitCode\Caffe_Test\src\thirdparty\HDF5\vs2013\CMakeFiles\CMakeTmp\cmTC_f6cd4.vcxproj”(默认目标)的操作 - 失败。

生成失败。

“E:\GitCode\Caffe_Test\src\thirdparty\HDF5\vs2013\CMakeFiles\CMakeTmp\cmTC_f6cd4.vcxproj”(默认目标) (1) ->
(Link 目标) -> 
  CheckFunctionExists.obj : error LNK2019: 无法解析的外部符号 alarm，该符号在函数 main 中被引用 [E:\GitCode\Caffe_Test\src\thirdparty\HDF5\vs2013\CMakeFiles\CMakeTmp\cmTC_f6cd4.vcxproj]
  E:\GitCode\Caffe_Test\src\thirdparty\HDF5\vs2013\CMakeFiles\CMakeTmp\Debug\cmTC_f6cd4.exe : fatal error LNK1120: 1 个无法解析的外部命令 [E:\GitCode\Caffe_Test\src\thirdparty\HDF5\vs2013\CMakeFiles\CMakeTmp\cmTC_f6cd4.vcxproj]

    0 个警告
    2 个错误

已用时间 00:00:00.57


Determining if the function fork exists failed with the following output:
Change Dir: E:/GitCode/Caffe_Test/src/thirdparty/HDF5/vs2013/CMakeFiles/CMakeTmp

Run Build Command:"C:/Program Files (x86)/MSBuild/12.0/bin/MSBuild.exe" "cmTC_73af7.vcxproj" "/p:Configuration=Debug" "/p:VisualStudioVersion=12.0"
Microsoft(R) 生成引擎版本 12.0.30501.0
[Microsoft .NET Framework 版本 4.0.30319.18444]
版权所有 (C) Microsoft Corporation。保留所有权利。

生成启动时间为 2016/3/21 星期一 下午 9:56:40。
节点 1 上的项目“E:\GitCode\Caffe_Test\src\thirdparty\HDF5\vs2013\CMakeFiles\CMakeTmp\cmTC_73af7.vcxproj”(默认目标)。
PrepareForBuild:
  正在创建目录“cmTC_73af7.dir\Debug\”。
  正在创建目录“E:\GitCode\Caffe_Test\src\thirdparty\HDF5\vs2013\CMakeFiles\CMakeTmp\Debug\”。
  正在创建目录“cmTC_73af7.dir\Debug\cmTC_73af7.tlog\”。
InitializeBuildStatus:
  正在创建“cmTC_73af7.dir\Debug\cmTC_73af7.tlog\unsuccessfulbuild”，因为已指定“AlwaysCreate”。
ClCompile:
  C:\Program Files (x86)\Microsoft Visual Studio 12.0\VC\bin\x86_amd64\CL.exe /c /Zi /W3 /WX- /Od /Ob0 /D WIN32 /D _WINDOWS /D CHECK_FUNCTION_EXISTS=fork /D WIN32_LEAN_AND_MEAN=1 /D NOGDI=1 /D _DEBUG /D "CMAKE_INTDIR=\"Debug\"" /D _MBCS /Gm- /RTC1 /MDd /GS /fp:precise /Zc:wchar_t /Zc:forScope /Fo"cmTC_73af7.dir\Debug\\" /Fd"cmTC_73af7.dir\Debug\vc120.pdb" /Gd /TC /errorReport:queue "D:\ProgramFiles\CMake\share\cmake-3.3\Modules\CheckFunctionExists.c"
  用于 x64 的 Microsoft (R) C/C++ 优化编译器 18.00.30501 版
  版权所有(C) Microsoft Corporation。  保留所有权利。
  
  cl /c /Zi /W3 /WX- /Od /Ob0 /D WIN32 /D _WINDOWS /D CHECK_FUNCTION_EXISTS=fork /D WIN32_LEAN_AND_MEAN=1 /D NOGDI=1 /D _DEBUG /D "CMAKE_INTDIR=\"Debug\"" /D _MBCS /Gm- /RTC1 /MDd /GS /fp:precise /Zc:wchar_t /Zc:forScope /Fo"cmTC_73af7.dir\Debug\\" /Fd"cmTC_73af7.dir\Debug\vc120.pdb" /Gd /TC /errorReport:queue "D:\ProgramFiles\CMake\share\cmake-3.3\Modules\CheckFunctionExists.c"
  
  CheckFunctionExists.c
Link:
  C:\Program Files (x86)\Microsoft Visual Studio 12.0\VC\bin\x86_amd64\link.exe /ERRORREPORT:QUEUE /OUT:"E:\GitCode\Caffe_Test\src\thirdparty\HDF5\vs2013\CMakeFiles\CMakeTmp\Debug\cmTC_73af7.exe" /INCREMENTAL /NOLOGO kernel32.lib user32.lib gdi32.lib winspool.lib shell32.lib ole32.lib oleaut32.lib uuid.lib comdlg32.lib advapi32.lib ws2_32.lib wsock32.lib /MANIFEST /MANIFESTUAC:"level='asInvoker' uiAccess='false'" /manifest:embed /DEBUG /PDB:"E:/GitCode/Caffe_Test/src/thirdparty/HDF5/vs2013/CMakeFiles/CMakeTmp/Debug/cmTC_73af7.pdb" /SUBSYSTEM:CONSOLE /TLBID:1 /DYNAMICBASE /NXCOMPAT /IMPLIB:"E:/GitCode/Caffe_Test/src/thirdparty/HDF5/vs2013/CMakeFiles/CMakeTmp/Debug/cmTC_73af7.lib" /MACHINE:X64  /machine:x64 /debug cmTC_73af7.dir\Debug\CheckFunctionExists.obj
CheckFunctionExists.obj : error LNK2019: 无法解析的外部符号 fork，该符号在函数 main 中被引用 [E:\GitCode\Caffe_Test\src\thirdparty\HDF5\vs2013\CMakeFiles\CMakeTmp\cmTC_73af7.vcxproj]
E:\GitCode\Caffe_Test\src\thirdparty\HDF5\vs2013\CMakeFiles\CMakeTmp\Debug\cmTC_73af7.exe : fatal error LNK1120: 1 个无法解析的外部命令 [E:\GitCode\Caffe_Test\src\thirdparty\HDF5\vs2013\CMakeFiles\CMakeTmp\cmTC_73af7.vcxproj]
已完成生成项目“E:\GitCode\Caffe_Test\src\thirdparty\HDF5\vs2013\CMakeFiles\CMakeTmp\cmTC_73af7.vcxproj”(默认目标)的操作 - 失败。

生成失败。

“E:\GitCode\Caffe_Test\src\thirdparty\HDF5\vs2013\CMakeFiles\CMakeTmp\cmTC_73af7.vcxproj”(默认目标) (1) ->
(Link 目标) -> 
  CheckFunctionExists.obj : error LNK2019: 无法解析的外部符号 fork，该符号在函数 main 中被引用 [E:\GitCode\Caffe_Test\src\thirdparty\HDF5\vs2013\CMakeFiles\CMakeTmp\cmTC_73af7.vcxproj]
  E:\GitCode\Caffe_Test\src\thirdparty\HDF5\vs2013\CMakeFiles\CMakeTmp\Debug\cmTC_73af7.exe : fatal error LNK1120: 1 个无法解析的外部命令 [E:\GitCode\Caffe_Test\src\thirdparty\HDF5\vs2013\CMakeFiles\CMakeTmp\cmTC_73af7.vcxproj]

    0 个警告
    2 个错误

已用时间 00:00:00.57


Determining if the function frexpf exists failed with the following output:
Change Dir: E:/GitCode/Caffe_Test/src/thirdparty/HDF5/vs2013/CMakeFiles/CMakeTmp

Run Build Command:"C:/Program Files (x86)/MSBuild/12.0/bin/MSBuild.exe" "cmTC_1fca4.vcxproj" "/p:Configuration=Debug" "/p:VisualStudioVersion=12.0"
Microsoft(R) 生成引擎版本 12.0.30501.0
[Microsoft .NET Framework 版本 4.0.30319.18444]
版权所有 (C) Microsoft Corporation。保留所有权利。

生成启动时间为 2016/3/21 星期一 下午 9:56:41。
节点 1 上的项目“E:\GitCode\Caffe_Test\src\thirdparty\HDF5\vs2013\CMakeFiles\CMakeTmp\cmTC_1fca4.vcxproj”(默认目标)。
PrepareForBuild:
  正在创建目录“cmTC_1fca4.dir\Debug\”。
  正在创建目录“E:\GitCode\Caffe_Test\src\thirdparty\HDF5\vs2013\CMakeFiles\CMakeTmp\Debug\”。
  正在创建目录“cmTC_1fca4.dir\Debug\cmTC_1fca4.tlog\”。
InitializeBuildStatus:
  正在创建“cmTC_1fca4.dir\Debug\cmTC_1fca4.tlog\unsuccessfulbuild”，因为已指定“AlwaysCreate”。
ClCompile:
  C:\Program Files (x86)\Microsoft Visual Studio 12.0\VC\bin\x86_amd64\CL.exe /c /Zi /W3 /WX- /Od /Ob0 /D WIN32 /D _WINDOWS /D CHECK_FUNCTION_EXISTS=frexpf /D WIN32_LEAN_AND_MEAN=1 /D NOGDI=1 /D _DEBUG /D "CMAKE_INTDIR=\"Debug\"" /D _MBCS /Gm- /RTC1 /MDd /GS /fp:precise /Zc:wchar_t /Zc:forScope /Fo"cmTC_1fca4.dir\Debug\\" /Fd"cmTC_1fca4.dir\Debug\vc120.pdb" /Gd /TC /errorReport:queue "D:\ProgramFiles\CMake\share\cmake-3.3\Modules\CheckFunctionExists.c"
  用于 x64 的 Microsoft (R) C/C++ 优化编译器 18.00.30501 版
  版权所有(C) Microsoft Corporation。  保留所有权利。
  
  cl /c /Zi /W3 /WX- /Od /Ob0 /D WIN32 /D _WINDOWS /D CHECK_FUNCTION_EXISTS=frexpf /D WIN32_LEAN_AND_MEAN=1 /D NOGDI=1 /D _DEBUG /D "CMAKE_INTDIR=\"Debug\"" /D _MBCS /Gm- /RTC1 /MDd /GS /fp:precise /Zc:wchar_t /Zc:forScope /Fo"cmTC_1fca4.dir\Debug\\" /Fd"cmTC_1fca4.dir\Debug\vc120.pdb" /Gd /TC /errorReport:queue "D:\ProgramFiles\CMake\share\cmake-3.3\Modules\CheckFunctionExists.c"
  CheckFunctionExists.c
  
Link:
  C:\Program Files (x86)\Microsoft Visual Studio 12.0\VC\bin\x86_amd64\link.exe /ERRORREPORT:QUEUE /OUT:"E:\GitCode\Caffe_Test\src\thirdparty\HDF5\vs2013\CMakeFiles\CMakeTmp\Debug\cmTC_1fca4.exe" /INCREMENTAL /NOLOGO kernel32.lib user32.lib gdi32.lib winspool.lib shell32.lib ole32.lib oleaut32.lib uuid.lib comdlg32.lib advapi32.lib ws2_32.lib wsock32.lib /MANIFEST /MANIFESTUAC:"level='asInvoker' uiAccess='false'" /manifest:embed /DEBUG /PDB:"E:/GitCode/Caffe_Test/src/thirdparty/HDF5/vs2013/CMakeFiles/CMakeTmp/Debug/cmTC_1fca4.pdb" /SUBSYSTEM:CONSOLE /TLBID:1 /DYNAMICBASE /NXCOMPAT /IMPLIB:"E:/GitCode/Caffe_Test/src/thirdparty/HDF5/vs2013/CMakeFiles/CMakeTmp/Debug/cmTC_1fca4.lib" /MACHINE:X64  /machine:x64 /debug cmTC_1fca4.dir\Debug\CheckFunctionExists.obj
CheckFunctionExists.obj : error LNK2019: 无法解析的外部符号 frexpf，该符号在函数 main 中被引用 [E:\GitCode\Caffe_Test\src\thirdparty\HDF5\vs2013\CMakeFiles\CMakeTmp\cmTC_1fca4.vcxproj]
E:\GitCode\Caffe_Test\src\thirdparty\HDF5\vs2013\CMakeFiles\CMakeTmp\Debug\cmTC_1fca4.exe : fatal error LNK1120: 1 个无法解析的外部命令 [E:\GitCode\Caffe_Test\src\thirdparty\HDF5\vs2013\CMakeFiles\CMakeTmp\cmTC_1fca4.vcxproj]
已完成生成项目“E:\GitCode\Caffe_Test\src\thirdparty\HDF5\vs2013\CMakeFiles\CMakeTmp\cmTC_1fca4.vcxproj”(默认目标)的操作 - 失败。

生成失败。

“E:\GitCode\Caffe_Test\src\thirdparty\HDF5\vs2013\CMakeFiles\CMakeTmp\cmTC_1fca4.vcxproj”(默认目标) (1) ->
(Link 目标) -> 
  CheckFunctionExists.obj : error LNK2019: 无法解析的外部符号 frexpf，该符号在函数 main 中被引用 [E:\GitCode\Caffe_Test\src\thirdparty\HDF5\vs2013\CMakeFiles\CMakeTmp\cmTC_1fca4.vcxproj]
  E:\GitCode\Caffe_Test\src\thirdparty\HDF5\vs2013\CMakeFiles\CMakeTmp\Debug\cmTC_1fca4.exe : fatal error LNK1120: 1 个无法解析的外部命令 [E:\GitCode\Caffe_Test\src\thirdparty\HDF5\vs2013\CMakeFiles\CMakeTmp\cmTC_1fca4.vcxproj]

    0 个警告
    2 个错误

已用时间 00:00:00.56


Determining if the function frexpl exists failed with the following output:
Change Dir: E:/GitCode/Caffe_Test/src/thirdparty/HDF5/vs2013/CMakeFiles/CMakeTmp

Run Build Command:"C:/Program Files (x86)/MSBuild/12.0/bin/MSBuild.exe" "cmTC_9e70f.vcxproj" "/p:Configuration=Debug" "/p:VisualStudioVersion=12.0"
Microsoft(R) 生成引擎版本 12.0.30501.0
[Microsoft .NET Framework 版本 4.0.30319.18444]
版权所有 (C) Microsoft Corporation。保留所有权利。

生成启动时间为 2016/3/21 星期一 下午 9:56:42。
节点 1 上的项目“E:\GitCode\Caffe_Test\src\thirdparty\HDF5\vs2013\CMakeFiles\CMakeTmp\cmTC_9e70f.vcxproj”(默认目标)。
PrepareForBuild:
  正在创建目录“cmTC_9e70f.dir\Debug\”。
  正在创建目录“E:\GitCode\Caffe_Test\src\thirdparty\HDF5\vs2013\CMakeFiles\CMakeTmp\Debug\”。
  正在创建目录“cmTC_9e70f.dir\Debug\cmTC_9e70f.tlog\”。
InitializeBuildStatus:
  正在创建“cmTC_9e70f.dir\Debug\cmTC_9e70f.tlog\unsuccessfulbuild”，因为已指定“AlwaysCreate”。
ClCompile:
  C:\Program Files (x86)\Microsoft Visual Studio 12.0\VC\bin\x86_amd64\CL.exe /c /Zi /W3 /WX- /Od /Ob0 /D WIN32 /D _WINDOWS /D CHECK_FUNCTION_EXISTS=frexpl /D WIN32_LEAN_AND_MEAN=1 /D NOGDI=1 /D _DEBUG /D "CMAKE_INTDIR=\"Debug\"" /D _MBCS /Gm- /RTC1 /MDd /GS /fp:precise /Zc:wchar_t /Zc:forScope /Fo"cmTC_9e70f.dir\Debug\\" /Fd"cmTC_9e70f.dir\Debug\vc120.pdb" /Gd /TC /errorReport:queue "D:\ProgramFiles\CMake\share\cmake-3.3\Modules\CheckFunctionExists.c"
  用于 x64 的 Microsoft (R) C/C++ 优化编译器 18.00.30501 版
  版权所有(C) Microsoft Corporation。  保留所有权利。
  
  cl /c /Zi /W3 /WX- /Od /Ob0 /D WIN32 /D _WINDOWS /D CHECK_FUNCTION_EXISTS=frexpl /D WIN32_LEAN_AND_MEAN=1 /D NOGDI=1 /D _DEBUG /D "CMAKE_INTDIR=\"Debug\"" /D _MBCS /Gm- /RTC1 /MDd /GS /fp:precise /Zc:wchar_t /Zc:forScope /Fo"cmTC_9e70f.dir\Debug\\" /Fd"cmTC_9e70f.dir\Debug\vc120.pdb" /Gd /TC /errorReport:queue "D:\ProgramFiles\CMake\share\cmake-3.3\Modules\CheckFunctionExists.c"
  
  CheckFunctionExists.c
Link:
  C:\Program Files (x86)\Microsoft Visual Studio 12.0\VC\bin\x86_amd64\link.exe /ERRORREPORT:QUEUE /OUT:"E:\GitCode\Caffe_Test\src\thirdparty\HDF5\vs2013\CMakeFiles\CMakeTmp\Debug\cmTC_9e70f.exe" /INCREMENTAL /NOLOGO kernel32.lib user32.lib gdi32.lib winspool.lib shell32.lib ole32.lib oleaut32.lib uuid.lib comdlg32.lib advapi32.lib ws2_32.lib wsock32.lib /MANIFEST /MANIFESTUAC:"level='asInvoker' uiAccess='false'" /manifest:embed /DEBUG /PDB:"E:/GitCode/Caffe_Test/src/thirdparty/HDF5/vs2013/CMakeFiles/CMakeTmp/Debug/cmTC_9e70f.pdb" /SUBSYSTEM:CONSOLE /TLBID:1 /DYNAMICBASE /NXCOMPAT /IMPLIB:"E:/GitCode/Caffe_Test/src/thirdparty/HDF5/vs2013/CMakeFiles/CMakeTmp/Debug/cmTC_9e70f.lib" /MACHINE:X64  /machine:x64 /debug cmTC_9e70f.dir\Debug\CheckFunctionExists.obj
CheckFunctionExists.obj : error LNK2019: 无法解析的外部符号 frexpl，该符号在函数 main 中被引用 [E:\GitCode\Caffe_Test\src\thirdparty\HDF5\vs2013\CMakeFiles\CMakeTmp\cmTC_9e70f.vcxproj]
E:\GitCode\Caffe_Test\src\thirdparty\HDF5\vs2013\CMakeFiles\CMakeTmp\Debug\cmTC_9e70f.exe : fatal error LNK1120: 1 个无法解析的外部命令 [E:\GitCode\Caffe_Test\src\thirdparty\HDF5\vs2013\CMakeFiles\CMakeTmp\cmTC_9e70f.vcxproj]
已完成生成项目“E:\GitCode\Caffe_Test\src\thirdparty\HDF5\vs2013\CMakeFiles\CMakeTmp\cmTC_9e70f.vcxproj”(默认目标)的操作 - 失败。

生成失败。

“E:\GitCode\Caffe_Test\src\thirdparty\HDF5\vs2013\CMakeFiles\CMakeTmp\cmTC_9e70f.vcxproj”(默认目标) (1) ->
(Link 目标) -> 
  CheckFunctionExists.obj : error LNK2019: 无法解析的外部符号 frexpl，该符号在函数 main 中被引用 [E:\GitCode\Caffe_Test\src\thirdparty\HDF5\vs2013\CMakeFiles\CMakeTmp\cmTC_9e70f.vcxproj]
  E:\GitCode\Caffe_Test\src\thirdparty\HDF5\vs2013\CMakeFiles\CMakeTmp\Debug\cmTC_9e70f.exe : fatal error LNK1120: 1 个无法解析的外部命令 [E:\GitCode\Caffe_Test\src\thirdparty\HDF5\vs2013\CMakeFiles\CMakeTmp\cmTC_9e70f.vcxproj]

    0 个警告
    2 个错误

已用时间 00:00:00.56


Determining if the function getpwuid exists failed with the following output:
Change Dir: E:/GitCode/Caffe_Test/src/thirdparty/HDF5/vs2013/CMakeFiles/CMakeTmp

Run Build Command:"C:/Program Files (x86)/MSBuild/12.0/bin/MSBuild.exe" "cmTC_82386.vcxproj" "/p:Configuration=Debug" "/p:VisualStudioVersion=12.0"
Microsoft(R) 生成引擎版本 12.0.30501.0
[Microsoft .NET Framework 版本 4.0.30319.18444]
版权所有 (C) Microsoft Corporation。保留所有权利。

生成启动时间为 2016/3/21 星期一 下午 9:56:43。
节点 1 上的项目“E:\GitCode\Caffe_Test\src\thirdparty\HDF5\vs2013\CMakeFiles\CMakeTmp\cmTC_82386.vcxproj”(默认目标)。
PrepareForBuild:
  正在创建目录“cmTC_82386.dir\Debug\”。
  正在创建目录“E:\GitCode\Caffe_Test\src\thirdparty\HDF5\vs2013\CMakeFiles\CMakeTmp\Debug\”。
  正在创建目录“cmTC_82386.dir\Debug\cmTC_82386.tlog\”。
InitializeBuildStatus:
  正在创建“cmTC_82386.dir\Debug\cmTC_82386.tlog\unsuccessfulbuild”，因为已指定“AlwaysCreate”。
ClCompile:
  C:\Program Files (x86)\Microsoft Visual Studio 12.0\VC\bin\x86_amd64\CL.exe /c /Zi /W3 /WX- /Od /Ob0 /D WIN32 /D _WINDOWS /D CHECK_FUNCTION_EXISTS=getpwuid /D WIN32_LEAN_AND_MEAN=1 /D NOGDI=1 /D _DEBUG /D "CMAKE_INTDIR=\"Debug\"" /D _MBCS /Gm- /RTC1 /MDd /GS /fp:precise /Zc:wchar_t /Zc:forScope /Fo"cmTC_82386.dir\Debug\\" /Fd"cmTC_82386.dir\Debug\vc120.pdb" /Gd /TC /errorReport:queue "D:\ProgramFiles\CMake\share\cmake-3.3\Modules\CheckFunctionExists.c"
  用于 x64 的 Microsoft (R) C/C++ 优化编译器 18.00.30501 版
  版权所有(C) Microsoft Corporation。  保留所有权利。
  
  cl /c /Zi /W3 /WX- /Od /Ob0 /D WIN32 /D _WINDOWS /D CHECK_FUNCTION_EXISTS=getpwuid /D WIN32_LEAN_AND_MEAN=1 /D NOGDI=1 /D _DEBUG /D "CMAKE_INTDIR=\"Debug\"" /D _MBCS /Gm- /RTC1 /MDd /GS /fp:precise /Zc:wchar_t /Zc:forScope /Fo"cmTC_82386.dir\Debug\\" /Fd"cmTC_82386.dir\Debug\vc120.pdb" /Gd /TC /errorReport:queue "D:\ProgramFiles\CMake\share\cmake-3.3\Modules\CheckFunctionExists.c"
  
  CheckFunctionExists.c
Link:
  C:\Program Files (x86)\Microsoft Visual Studio 12.0\VC\bin\x86_amd64\link.exe /ERRORREPORT:QUEUE /OUT:"E:\GitCode\Caffe_Test\src\thirdparty\HDF5\vs2013\CMakeFiles\CMakeTmp\Debug\cmTC_82386.exe" /INCREMENTAL /NOLOGO kernel32.lib user32.lib gdi32.lib winspool.lib shell32.lib ole32.lib oleaut32.lib uuid.lib comdlg32.lib advapi32.lib ws2_32.lib wsock32.lib /MANIFEST /MANIFESTUAC:"level='asInvoker' uiAccess='false'" /manifest:embed /DEBUG /PDB:"E:/GitCode/Caffe_Test/src/thirdparty/HDF5/vs2013/CMakeFiles/CMakeTmp/Debug/cmTC_82386.pdb" /SUBSYSTEM:CONSOLE /TLBID:1 /DYNAMICBASE /NXCOMPAT /IMPLIB:"E:/GitCode/Caffe_Test/src/thirdparty/HDF5/vs2013/CMakeFiles/CMakeTmp/Debug/cmTC_82386.lib" /MACHINE:X64  /machine:x64 /debug cmTC_82386.dir\Debug\CheckFunctionExists.obj
CheckFunctionExists.obj : error LNK2019: 无法解析的外部符号 getpwuid，该符号在函数 main 中被引用 [E:\GitCode\Caffe_Test\src\thirdparty\HDF5\vs2013\CMakeFiles\CMakeTmp\cmTC_82386.vcxproj]
E:\GitCode\Caffe_Test\src\thirdparty\HDF5\vs2013\CMakeFiles\CMakeTmp\Debug\cmTC_82386.exe : fatal error LNK1120: 1 个无法解析的外部命令 [E:\GitCode\Caffe_Test\src\thirdparty\HDF5\vs2013\CMakeFiles\CMakeTmp\cmTC_82386.vcxproj]
已完成生成项目“E:\GitCode\Caffe_Test\src\thirdparty\HDF5\vs2013\CMakeFiles\CMakeTmp\cmTC_82386.vcxproj”(默认目标)的操作 - 失败。

生成失败。

“E:\GitCode\Caffe_Test\src\thirdparty\HDF5\vs2013\CMakeFiles\CMakeTmp\cmTC_82386.vcxproj”(默认目标) (1) ->
(Link 目标) -> 
  CheckFunctionExists.obj : error LNK2019: 无法解析的外部符号 getpwuid，该符号在函数 main 中被引用 [E:\GitCode\Caffe_Test\src\thirdparty\HDF5\vs2013\CMakeFiles\CMakeTmp\cmTC_82386.vcxproj]
  E:\GitCode\Caffe_Test\src\thirdparty\HDF5\vs2013\CMakeFiles\CMakeTmp\Debug\cmTC_82386.exe : fatal error LNK1120: 1 个无法解析的外部命令 [E:\GitCode\Caffe_Test\src\thirdparty\HDF5\vs2013\CMakeFiles\CMakeTmp\cmTC_82386.vcxproj]

    0 个警告
    2 个错误

已用时间 00:00:00.56


Determining if the function getrusage exists failed with the following output:
Change Dir: E:/GitCode/Caffe_Test/src/thirdparty/HDF5/vs2013/CMakeFiles/CMakeTmp

Run Build Command:"C:/Program Files (x86)/MSBuild/12.0/bin/MSBuild.exe" "cmTC_8b57b.vcxproj" "/p:Configuration=Debug" "/p:VisualStudioVersion=12.0"
Microsoft(R) 生成引擎版本 12.0.30501.0
[Microsoft .NET Framework 版本 4.0.30319.18444]
版权所有 (C) Microsoft Corporation。保留所有权利。

生成启动时间为 2016/3/21 星期一 下午 9:56:44。
节点 1 上的项目“E:\GitCode\Caffe_Test\src\thirdparty\HDF5\vs2013\CMakeFiles\CMakeTmp\cmTC_8b57b.vcxproj”(默认目标)。
PrepareForBuild:
  正在创建目录“cmTC_8b57b.dir\Debug\”。
  正在创建目录“E:\GitCode\Caffe_Test\src\thirdparty\HDF5\vs2013\CMakeFiles\CMakeTmp\Debug\”。
  正在创建目录“cmTC_8b57b.dir\Debug\cmTC_8b57b.tlog\”。
InitializeBuildStatus:
  正在创建“cmTC_8b57b.dir\Debug\cmTC_8b57b.tlog\unsuccessfulbuild”，因为已指定“AlwaysCreate”。
ClCompile:
  C:\Program Files (x86)\Microsoft Visual Studio 12.0\VC\bin\x86_amd64\CL.exe /c /Zi /W3 /WX- /Od /Ob0 /D WIN32 /D _WINDOWS /D CHECK_FUNCTION_EXISTS=getrusage /D WIN32_LEAN_AND_MEAN=1 /D NOGDI=1 /D _DEBUG /D "CMAKE_INTDIR=\"Debug\"" /D _MBCS /Gm- /RTC1 /MDd /GS /fp:precise /Zc:wchar_t /Zc:forScope /Fo"cmTC_8b57b.dir\Debug\\" /Fd"cmTC_8b57b.dir\Debug\vc120.pdb" /Gd /TC /errorReport:queue "D:\ProgramFiles\CMake\share\cmake-3.3\Modules\CheckFunctionExists.c"
  用于 x64 的 Microsoft (R) C/C++ 优化编译器 18.00.30501 版
  版权所有(C) Microsoft Corporation。  保留所有权利。
  
  cl /c /Zi /W3 /WX- /Od /Ob0 /D WIN32 /D _WINDOWS /D CHECK_FUNCTION_EXISTS=getrusage /D WIN32_LEAN_AND_MEAN=1 /D NOGDI=1 /D _DEBUG /D "CMAKE_INTDIR=\"Debug\"" /D _MBCS /Gm- /RTC1 /MDd /GS /fp:precise /Zc:wchar_t /Zc:forScope /Fo"cmTC_8b57b.dir\Debug\\" /Fd"cmTC_8b57b.dir\Debug\vc120.pdb" /Gd /TC /errorReport:queue "D:\ProgramFiles\CMake\share\cmake-3.3\Modules\CheckFunctionExists.c"
  
  CheckFunctionExists.c
Link:
  C:\Program Files (x86)\Microsoft Visual Studio 12.0\VC\bin\x86_amd64\link.exe /ERRORREPORT:QUEUE /OUT:"E:\GitCode\Caffe_Test\src\thirdparty\HDF5\vs2013\CMakeFiles\CMakeTmp\Debug\cmTC_8b57b.exe" /INCREMENTAL /NOLOGO kernel32.lib user32.lib gdi32.lib winspool.lib shell32.lib ole32.lib oleaut32.lib uuid.lib comdlg32.lib advapi32.lib ws2_32.lib wsock32.lib /MANIFEST /MANIFESTUAC:"level='asInvoker' uiAccess='false'" /manifest:embed /DEBUG /PDB:"E:/GitCode/Caffe_Test/src/thirdparty/HDF5/vs2013/CMakeFiles/CMakeTmp/Debug/cmTC_8b57b.pdb" /SUBSYSTEM:CONSOLE /TLBID:1 /DYNAMICBASE /NXCOMPAT /IMPLIB:"E:/GitCode/Caffe_Test/src/thirdparty/HDF5/vs2013/CMakeFiles/CMakeTmp/Debug/cmTC_8b57b.lib" /MACHINE:X64  /machine:x64 /debug cmTC_8b57b.dir\Debug\CheckFunctionExists.obj
CheckFunctionExists.obj : error LNK2019: 无法解析的外部符号 getrusage，该符号在函数 main 中被引用 [E:\GitCode\Caffe_Test\src\thirdparty\HDF5\vs2013\CMakeFiles\CMakeTmp\cmTC_8b57b.vcxproj]
E:\GitCode\Caffe_Test\src\thirdparty\HDF5\vs2013\CMakeFiles\CMakeTmp\Debug\cmTC_8b57b.exe : fatal error LNK1120: 1 个无法解析的外部命令 [E:\GitCode\Caffe_Test\src\thirdparty\HDF5\vs2013\CMakeFiles\CMakeTmp\cmTC_8b57b.vcxproj]
已完成生成项目“E:\GitCode\Caffe_Test\src\thirdparty\HDF5\vs2013\CMakeFiles\CMakeTmp\cmTC_8b57b.vcxproj”(默认目标)的操作 - 失败。

生成失败。

“E:\GitCode\Caffe_Test\src\thirdparty\HDF5\vs2013\CMakeFiles\CMakeTmp\cmTC_8b57b.vcxproj”(默认目标) (1) ->
(Link 目标) -> 
  CheckFunctionExists.obj : error LNK2019: 无法解析的外部符号 getrusage，该符号在函数 main 中被引用 [E:\GitCode\Caffe_Test\src\thirdparty\HDF5\vs2013\CMakeFiles\CMakeTmp\cmTC_8b57b.vcxproj]
  E:\GitCode\Caffe_Test\src\thirdparty\HDF5\vs2013\CMakeFiles\CMakeTmp\Debug\cmTC_8b57b.exe : fatal error LNK1120: 1 个无法解析的外部命令 [E:\GitCode\Caffe_Test\src\thirdparty\HDF5\vs2013\CMakeFiles\CMakeTmp\cmTC_8b57b.vcxproj]

    0 个警告
    2 个错误

已用时间 00:00:00.57


Determining if the function lstat exists failed with the following output:
Change Dir: E:/GitCode/Caffe_Test/src/thirdparty/HDF5/vs2013/CMakeFiles/CMakeTmp

Run Build Command:"C:/Program Files (x86)/MSBuild/12.0/bin/MSBuild.exe" "cmTC_53b62.vcxproj" "/p:Configuration=Debug" "/p:VisualStudioVersion=12.0"
Microsoft(R) 生成引擎版本 12.0.30501.0
[Microsoft .NET Framework 版本 4.0.30319.18444]
版权所有 (C) Microsoft Corporation。保留所有权利。

生成启动时间为 2016/3/21 星期一 下午 9:56:45。
节点 1 上的项目“E:\GitCode\Caffe_Test\src\thirdparty\HDF5\vs2013\CMakeFiles\CMakeTmp\cmTC_53b62.vcxproj”(默认目标)。
PrepareForBuild:
  正在创建目录“cmTC_53b62.dir\Debug\”。
  正在创建目录“E:\GitCode\Caffe_Test\src\thirdparty\HDF5\vs2013\CMakeFiles\CMakeTmp\Debug\”。
  正在创建目录“cmTC_53b62.dir\Debug\cmTC_53b62.tlog\”。
InitializeBuildStatus:
  正在创建“cmTC_53b62.dir\Debug\cmTC_53b62.tlog\unsuccessfulbuild”，因为已指定“AlwaysCreate”。
ClCompile:
  C:\Program Files (x86)\Microsoft Visual Studio 12.0\VC\bin\x86_amd64\CL.exe /c /Zi /W3 /WX- /Od /Ob0 /D WIN32 /D _WINDOWS /D CHECK_FUNCTION_EXISTS=lstat /D WIN32_LEAN_AND_MEAN=1 /D NOGDI=1 /D _DEBUG /D "CMAKE_INTDIR=\"Debug\"" /D _MBCS /Gm- /RTC1 /MDd /GS /fp:precise /Zc:wchar_t /Zc:forScope /Fo"cmTC_53b62.dir\Debug\\" /Fd"cmTC_53b62.dir\Debug\vc120.pdb" /Gd /TC /errorReport:queue "D:\ProgramFiles\CMake\share\cmake-3.3\Modules\CheckFunctionExists.c"
  用于 x64 的 Microsoft (R) C/C++ 优化编译器 18.00.30501 版
  版权所有(C) Microsoft Corporation。  保留所有权利。
  
  cl /c /Zi /W3 /WX- /Od /Ob0 /D WIN32 /D _WINDOWS /D CHECK_FUNCTION_EXISTS=lstat /D WIN32_LEAN_AND_MEAN=1 /D NOGDI=1 /D _DEBUG /D "CMAKE_INTDIR=\"Debug\"" /D _MBCS /Gm- /RTC1 /MDd /GS /fp:precise /Zc:wchar_t /Zc:forScope /Fo"cmTC_53b62.dir\Debug\\" /Fd"cmTC_53b62.dir\Debug\vc120.pdb" /Gd /TC /errorReport:queue "D:\ProgramFiles\CMake\share\cmake-3.3\Modules\CheckFunctionExists.c"
  
  CheckFunctionExists.c
Link:
  C:\Program Files (x86)\Microsoft Visual Studio 12.0\VC\bin\x86_amd64\link.exe /ERRORREPORT:QUEUE /OUT:"E:\GitCode\Caffe_Test\src\thirdparty\HDF5\vs2013\CMakeFiles\CMakeTmp\Debug\cmTC_53b62.exe" /INCREMENTAL /NOLOGO kernel32.lib user32.lib gdi32.lib winspool.lib shell32.lib ole32.lib oleaut32.lib uuid.lib comdlg32.lib advapi32.lib ws2_32.lib wsock32.lib /MANIFEST /MANIFESTUAC:"level='asInvoker' uiAccess='false'" /manifest:embed /DEBUG /PDB:"E:/GitCode/Caffe_Test/src/thirdparty/HDF5/vs2013/CMakeFiles/CMakeTmp/Debug/cmTC_53b62.pdb" /SUBSYSTEM:CONSOLE /TLBID:1 /DYNAMICBASE /NXCOMPAT /IMPLIB:"E:/GitCode/Caffe_Test/src/thirdparty/HDF5/vs2013/CMakeFiles/CMakeTmp/Debug/cmTC_53b62.lib" /MACHINE:X64  /machine:x64 /debug cmTC_53b62.dir\Debug\CheckFunctionExists.obj
CheckFunctionExists.obj : error LNK2019: 无法解析的外部符号 lstat，该符号在函数 main 中被引用 [E:\GitCode\Caffe_Test\src\thirdparty\HDF5\vs2013\CMakeFiles\CMakeTmp\cmTC_53b62.vcxproj]
E:\GitCode\Caffe_Test\src\thirdparty\HDF5\vs2013\CMakeFiles\CMakeTmp\Debug\cmTC_53b62.exe : fatal error LNK1120: 1 个无法解析的外部命令 [E:\GitCode\Caffe_Test\src\thirdparty\HDF5\vs2013\CMakeFiles\CMakeTmp\cmTC_53b62.vcxproj]
已完成生成项目“E:\GitCode\Caffe_Test\src\thirdparty\HDF5\vs2013\CMakeFiles\CMakeTmp\cmTC_53b62.vcxproj”(默认目标)的操作 - 失败。

生成失败。

“E:\GitCode\Caffe_Test\src\thirdparty\HDF5\vs2013\CMakeFiles\CMakeTmp\cmTC_53b62.vcxproj”(默认目标) (1) ->
(Link 目标) -> 
  CheckFunctionExists.obj : error LNK2019: 无法解析的外部符号 lstat，该符号在函数 main 中被引用 [E:\GitCode\Caffe_Test\src\thirdparty\HDF5\vs2013\CMakeFiles\CMakeTmp\cmTC_53b62.vcxproj]
  E:\GitCode\Caffe_Test\src\thirdparty\HDF5\vs2013\CMakeFiles\CMakeTmp\Debug\cmTC_53b62.exe : fatal error LNK1120: 1 个无法解析的外部命令 [E:\GitCode\Caffe_Test\src\thirdparty\HDF5\vs2013\CMakeFiles\CMakeTmp\cmTC_53b62.vcxproj]

    0 个警告
    2 个错误

已用时间 00:00:00.56


Determining if the function rand_r exists failed with the following output:
Change Dir: E:/GitCode/Caffe_Test/src/thirdparty/HDF5/vs2013/CMakeFiles/CMakeTmp

Run Build Command:"C:/Program Files (x86)/MSBuild/12.0/bin/MSBuild.exe" "cmTC_17908.vcxproj" "/p:Configuration=Debug" "/p:VisualStudioVersion=12.0"
Microsoft(R) 生成引擎版本 12.0.30501.0
[Microsoft .NET Framework 版本 4.0.30319.18444]
版权所有 (C) Microsoft Corporation。保留所有权利。

生成启动时间为 2016/3/21 星期一 下午 9:56:46。
节点 1 上的项目“E:\GitCode\Caffe_Test\src\thirdparty\HDF5\vs2013\CMakeFiles\CMakeTmp\cmTC_17908.vcxproj”(默认目标)。
PrepareForBuild:
  正在创建目录“cmTC_17908.dir\Debug\”。
  正在创建目录“E:\GitCode\Caffe_Test\src\thirdparty\HDF5\vs2013\CMakeFiles\CMakeTmp\Debug\”。
  正在创建目录“cmTC_17908.dir\Debug\cmTC_17908.tlog\”。
InitializeBuildStatus:
  正在创建“cmTC_17908.dir\Debug\cmTC_17908.tlog\unsuccessfulbuild”，因为已指定“AlwaysCreate”。
ClCompile:
  C:\Program Files (x86)\Microsoft Visual Studio 12.0\VC\bin\x86_amd64\CL.exe /c /Zi /W3 /WX- /Od /Ob0 /D WIN32 /D _WINDOWS /D CHECK_FUNCTION_EXISTS=rand_r /D WIN32_LEAN_AND_MEAN=1 /D NOGDI=1 /D _DEBUG /D "CMAKE_INTDIR=\"Debug\"" /D _MBCS /Gm- /RTC1 /MDd /GS /fp:precise /Zc:wchar_t /Zc:forScope /Fo"cmTC_17908.dir\Debug\\" /Fd"cmTC_17908.dir\Debug\vc120.pdb" /Gd /TC /errorReport:queue "D:\ProgramFiles\CMake\share\cmake-3.3\Modules\CheckFunctionExists.c"
  用于 x64 的 Microsoft (R) C/C++ 优化编译器 18.00.30501 版
  版权所有(C) Microsoft Corporation。  保留所有权利。
  
  cl /c /Zi /W3 /WX- /Od /Ob0 /D WIN32 /D _WINDOWS /D CHECK_FUNCTION_EXISTS=rand_r /D WIN32_LEAN_AND_MEAN=1 /D NOGDI=1 /D _DEBUG /D "CMAKE_INTDIR=\"Debug\"" /D _MBCS /Gm- /RTC1 /MDd /GS /fp:precise /Zc:wchar_t /Zc:forScope /Fo"cmTC_17908.dir\Debug\\" /Fd"cmTC_17908.dir\Debug\vc120.pdb" /Gd /TC /errorReport:queue "D:\ProgramFiles\CMake\share\cmake-3.3\Modules\CheckFunctionExists.c"
  CheckFunctionExists.c
  
Link:
  C:\Program Files (x86)\Microsoft Visual Studio 12.0\VC\bin\x86_amd64\link.exe /ERRORREPORT:QUEUE /OUT:"E:\GitCode\Caffe_Test\src\thirdparty\HDF5\vs2013\CMakeFiles\CMakeTmp\Debug\cmTC_17908.exe" /INCREMENTAL /NOLOGO kernel32.lib user32.lib gdi32.lib winspool.lib shell32.lib ole32.lib oleaut32.lib uuid.lib comdlg32.lib advapi32.lib ws2_32.lib wsock32.lib /MANIFEST /MANIFESTUAC:"level='asInvoker' uiAccess='false'" /manifest:embed /DEBUG /PDB:"E:/GitCode/Caffe_Test/src/thirdparty/HDF5/vs2013/CMakeFiles/CMakeTmp/Debug/cmTC_17908.pdb" /SUBSYSTEM:CONSOLE /TLBID:1 /DYNAMICBASE /NXCOMPAT /IMPLIB:"E:/GitCode/Caffe_Test/src/thirdparty/HDF5/vs2013/CMakeFiles/CMakeTmp/Debug/cmTC_17908.lib" /MACHINE:X64  /machine:x64 /debug cmTC_17908.dir\Debug\CheckFunctionExists.obj
CheckFunctionExists.obj : error LNK2019: 无法解析的外部符号 rand_r，该符号在函数 main 中被引用 [E:\GitCode\Caffe_Test\src\thirdparty\HDF5\vs2013\CMakeFiles\CMakeTmp\cmTC_17908.vcxproj]
E:\GitCode\Caffe_Test\src\thirdparty\HDF5\vs2013\CMakeFiles\CMakeTmp\Debug\cmTC_17908.exe : fatal error LNK1120: 1 个无法解析的外部命令 [E:\GitCode\Caffe_Test\src\thirdparty\HDF5\vs2013\CMakeFiles\CMakeTmp\cmTC_17908.vcxproj]
已完成生成项目“E:\GitCode\Caffe_Test\src\thirdparty\HDF5\vs2013\CMakeFiles\CMakeTmp\cmTC_17908.vcxproj”(默认目标)的操作 - 失败。

生成失败。

“E:\GitCode\Caffe_Test\src\thirdparty\HDF5\vs2013\CMakeFiles\CMakeTmp\cmTC_17908.vcxproj”(默认目标) (1) ->
(Link 目标) -> 
  CheckFunctionExists.obj : error LNK2019: 无法解析的外部符号 rand_r，该符号在函数 main 中被引用 [E:\GitCode\Caffe_Test\src\thirdparty\HDF5\vs2013\CMakeFiles\CMakeTmp\cmTC_17908.vcxproj]
  E:\GitCode\Caffe_Test\src\thirdparty\HDF5\vs2013\CMakeFiles\CMakeTmp\Debug\cmTC_17908.exe : fatal error LNK1120: 1 个无法解析的外部命令 [E:\GitCode\Caffe_Test\src\thirdparty\HDF5\vs2013\CMakeFiles\CMakeTmp\cmTC_17908.vcxproj]

    0 个警告
    2 个错误

已用时间 00:00:00.59


Determining if the function random exists failed with the following output:
Change Dir: E:/GitCode/Caffe_Test/src/thirdparty/HDF5/vs2013/CMakeFiles/CMakeTmp

Run Build Command:"C:/Program Files (x86)/MSBuild/12.0/bin/MSBuild.exe" "cmTC_71c95.vcxproj" "/p:Configuration=Debug" "/p:VisualStudioVersion=12.0"
Microsoft(R) 生成引擎版本 12.0.30501.0
[Microsoft .NET Framework 版本 4.0.30319.18444]
版权所有 (C) Microsoft Corporation。保留所有权利。

生成启动时间为 2016/3/21 星期一 下午 9:56:47。
节点 1 上的项目“E:\GitCode\Caffe_Test\src\thirdparty\HDF5\vs2013\CMakeFiles\CMakeTmp\cmTC_71c95.vcxproj”(默认目标)。
PrepareForBuild:
  正在创建目录“cmTC_71c95.dir\Debug\”。
  正在创建目录“E:\GitCode\Caffe_Test\src\thirdparty\HDF5\vs2013\CMakeFiles\CMakeTmp\Debug\”。
  正在创建目录“cmTC_71c95.dir\Debug\cmTC_71c95.tlog\”。
InitializeBuildStatus:
  正在创建“cmTC_71c95.dir\Debug\cmTC_71c95.tlog\unsuccessfulbuild”，因为已指定“AlwaysCreate”。
ClCompile:
  C:\Program Files (x86)\Microsoft Visual Studio 12.0\VC\bin\x86_amd64\CL.exe /c /Zi /W3 /WX- /Od /Ob0 /D WIN32 /D _WINDOWS /D CHECK_FUNCTION_EXISTS=random /D WIN32_LEAN_AND_MEAN=1 /D NOGDI=1 /D _DEBUG /D "CMAKE_INTDIR=\"Debug\"" /D _MBCS /Gm- /RTC1 /MDd /GS /fp:precise /Zc:wchar_t /Zc:forScope /Fo"cmTC_71c95.dir\Debug\\" /Fd"cmTC_71c95.dir\Debug\vc120.pdb" /Gd /TC /errorReport:queue "D:\ProgramFiles\CMake\share\cmake-3.3\Modules\CheckFunctionExists.c"
  用于 x64 的 Microsoft (R) C/C++ 优化编译器 18.00.30501 版
  版权所有(C) Microsoft Corporation。  保留所有权利。
  
  cl /c /Zi /W3 /WX- /Od /Ob0 /D WIN32 /D _WINDOWS /D CHECK_FUNCTION_EXISTS=random /D WIN32_LEAN_AND_MEAN=1 /D NOGDI=1 /D _DEBUG /D "CMAKE_INTDIR=\"Debug\"" /D _MBCS /Gm- /RTC1 /MDd /GS /fp:precise /Zc:wchar_t /Zc:forScope /Fo"cmTC_71c95.dir\Debug\\" /Fd"cmTC_71c95.dir\Debug\vc120.pdb" /Gd /TC /errorReport:queue "D:\ProgramFiles\CMake\share\cmake-3.3\Modules\CheckFunctionExists.c"
  
  CheckFunctionExists.c
Link:
  C:\Program Files (x86)\Microsoft Visual Studio 12.0\VC\bin\x86_amd64\link.exe /ERRORREPORT:QUEUE /OUT:"E:\GitCode\Caffe_Test\src\thirdparty\HDF5\vs2013\CMakeFiles\CMakeTmp\Debug\cmTC_71c95.exe" /INCREMENTAL /NOLOGO kernel32.lib user32.lib gdi32.lib winspool.lib shell32.lib ole32.lib oleaut32.lib uuid.lib comdlg32.lib advapi32.lib ws2_32.lib wsock32.lib /MANIFEST /MANIFESTUAC:"level='asInvoker' uiAccess='false'" /manifest:embed /DEBUG /PDB:"E:/GitCode/Caffe_Test/src/thirdparty/HDF5/vs2013/CMakeFiles/CMakeTmp/Debug/cmTC_71c95.pdb" /SUBSYSTEM:CONSOLE /TLBID:1 /DYNAMICBASE /NXCOMPAT /IMPLIB:"E:/GitCode/Caffe_Test/src/thirdparty/HDF5/vs2013/CMakeFiles/CMakeTmp/Debug/cmTC_71c95.lib" /MACHINE:X64  /machine:x64 /debug cmTC_71c95.dir\Debug\CheckFunctionExists.obj
CheckFunctionExists.obj : error LNK2019: 无法解析的外部符号 random，该符号在函数 main 中被引用 [E:\GitCode\Caffe_Test\src\thirdparty\HDF5\vs2013\CMakeFiles\CMakeTmp\cmTC_71c95.vcxproj]
E:\GitCode\Caffe_Test\src\thirdparty\HDF5\vs2013\CMakeFiles\CMakeTmp\Debug\cmTC_71c95.exe : fatal error LNK1120: 1 个无法解析的外部命令 [E:\GitCode\Caffe_Test\src\thirdparty\HDF5\vs2013\CMakeFiles\CMakeTmp\cmTC_71c95.vcxproj]
已完成生成项目“E:\GitCode\Caffe_Test\src\thirdparty\HDF5\vs2013\CMakeFiles\CMakeTmp\cmTC_71c95.vcxproj”(默认目标)的操作 - 失败。

生成失败。

“E:\GitCode\Caffe_Test\src\thirdparty\HDF5\vs2013\CMakeFiles\CMakeTmp\cmTC_71c95.vcxproj”(默认目标) (1) ->
(Link 目标) -> 
  CheckFunctionExists.obj : error LNK2019: 无法解析的外部符号 random，该符号在函数 main 中被引用 [E:\GitCode\Caffe_Test\src\thirdparty\HDF5\vs2013\CMakeFiles\CMakeTmp\cmTC_71c95.vcxproj]
  E:\GitCode\Caffe_Test\src\thirdparty\HDF5\vs2013\CMakeFiles\CMakeTmp\Debug\cmTC_71c95.exe : fatal error LNK1120: 1 个无法解析的外部命令 [E:\GitCode\Caffe_Test\src\thirdparty\HDF5\vs2013\CMakeFiles\CMakeTmp\cmTC_71c95.vcxproj]

    0 个警告
    2 个错误

已用时间 00:00:00.67


Determining if the function setsysinfo exists failed with the following output:
Change Dir: E:/GitCode/Caffe_Test/src/thirdparty/HDF5/vs2013/CMakeFiles/CMakeTmp

Run Build Command:"C:/Program Files (x86)/MSBuild/12.0/bin/MSBuild.exe" "cmTC_288fb.vcxproj" "/p:Configuration=Debug" "/p:VisualStudioVersion=12.0"
Microsoft(R) 生成引擎版本 12.0.30501.0
[Microsoft .NET Framework 版本 4.0.30319.18444]
版权所有 (C) Microsoft Corporation。保留所有权利。

生成启动时间为 2016/3/21 星期一 下午 9:56:48。
节点 1 上的项目“E:\GitCode\Caffe_Test\src\thirdparty\HDF5\vs2013\CMakeFiles\CMakeTmp\cmTC_288fb.vcxproj”(默认目标)。
PrepareForBuild:
  正在创建目录“cmTC_288fb.dir\Debug\”。
  正在创建目录“E:\GitCode\Caffe_Test\src\thirdparty\HDF5\vs2013\CMakeFiles\CMakeTmp\Debug\”。
  正在创建目录“cmTC_288fb.dir\Debug\cmTC_288fb.tlog\”。
InitializeBuildStatus:
  正在创建“cmTC_288fb.dir\Debug\cmTC_288fb.tlog\unsuccessfulbuild”，因为已指定“AlwaysCreate”。
ClCompile:
  C:\Program Files (x86)\Microsoft Visual Studio 12.0\VC\bin\x86_amd64\CL.exe /c /Zi /W3 /WX- /Od /Ob0 /D WIN32 /D _WINDOWS /D CHECK_FUNCTION_EXISTS=setsysinfo /D WIN32_LEAN_AND_MEAN=1 /D NOGDI=1 /D _DEBUG /D "CMAKE_INTDIR=\"Debug\"" /D _MBCS /Gm- /RTC1 /MDd /GS /fp:precise /Zc:wchar_t /Zc:forScope /Fo"cmTC_288fb.dir\Debug\\" /Fd"cmTC_288fb.dir\Debug\vc120.pdb" /Gd /TC /errorReport:queue "D:\ProgramFiles\CMake\share\cmake-3.3\Modules\CheckFunctionExists.c"
  用于 x64 的 Microsoft (R) C/C++ 优化编译器 18.00.30501 版
  版权所有(C) Microsoft Corporation。  保留所有权利。
  
  cl /c /Zi /W3 /WX- /Od /Ob0 /D WIN32 /D _WINDOWS /D CHECK_FUNCTION_EXISTS=setsysinfo /D WIN32_LEAN_AND_MEAN=1 /D NOGDI=1 /D _DEBUG /D "CMAKE_INTDIR=\"Debug\"" /D _MBCS /Gm- /RTC1 /MDd /GS /fp:precise /Zc:wchar_t /Zc:forScope /Fo"cmTC_288fb.dir\Debug\\" /Fd"cmTC_288fb.dir\Debug\vc120.pdb" /Gd /TC /errorReport:queue "D:\ProgramFiles\CMake\share\cmake-3.3\Modules\CheckFunctionExists.c"
  
  CheckFunctionExists.c
Link:
  C:\Program Files (x86)\Microsoft Visual Studio 12.0\VC\bin\x86_amd64\link.exe /ERRORREPORT:QUEUE /OUT:"E:\GitCode\Caffe_Test\src\thirdparty\HDF5\vs2013\CMakeFiles\CMakeTmp\Debug\cmTC_288fb.exe" /INCREMENTAL /NOLOGO kernel32.lib user32.lib gdi32.lib winspool.lib shell32.lib ole32.lib oleaut32.lib uuid.lib comdlg32.lib advapi32.lib ws2_32.lib wsock32.lib /MANIFEST /MANIFESTUAC:"level='asInvoker' uiAccess='false'" /manifest:embed /DEBUG /PDB:"E:/GitCode/Caffe_Test/src/thirdparty/HDF5/vs2013/CMakeFiles/CMakeTmp/Debug/cmTC_288fb.pdb" /SUBSYSTEM:CONSOLE /TLBID:1 /DYNAMICBASE /NXCOMPAT /IMPLIB:"E:/GitCode/Caffe_Test/src/thirdparty/HDF5/vs2013/CMakeFiles/CMakeTmp/Debug/cmTC_288fb.lib" /MACHINE:X64  /machine:x64 /debug cmTC_288fb.dir\Debug\CheckFunctionExists.obj
CheckFunctionExists.obj : error LNK2019: 无法解析的外部符号 setsysinfo，该符号在函数 main 中被引用 [E:\GitCode\Caffe_Test\src\thirdparty\HDF5\vs2013\CMakeFiles\CMakeTmp\cmTC_288fb.vcxproj]
E:\GitCode\Caffe_Test\src\thirdparty\HDF5\vs2013\CMakeFiles\CMakeTmp\Debug\cmTC_288fb.exe : fatal error LNK1120: 1 个无法解析的外部命令 [E:\GitCode\Caffe_Test\src\thirdparty\HDF5\vs2013\CMakeFiles\CMakeTmp\cmTC_288fb.vcxproj]
已完成生成项目“E:\GitCode\Caffe_Test\src\thirdparty\HDF5\vs2013\CMakeFiles\CMakeTmp\cmTC_288fb.vcxproj”(默认目标)的操作 - 失败。

生成失败。

“E:\GitCode\Caffe_Test\src\thirdparty\HDF5\vs2013\CMakeFiles\CMakeTmp\cmTC_288fb.vcxproj”(默认目标) (1) ->
(Link 目标) -> 
  CheckFunctionExists.obj : error LNK2019: 无法解析的外部符号 setsysinfo，该符号在函数 main 中被引用 [E:\GitCode\Caffe_Test\src\thirdparty\HDF5\vs2013\CMakeFiles\CMakeTmp\cmTC_288fb.vcxproj]
  E:\GitCode\Caffe_Test\src\thirdparty\HDF5\vs2013\CMakeFiles\CMakeTmp\Debug\cmTC_288fb.exe : fatal error LNK1120: 1 个无法解析的外部命令 [E:\GitCode\Caffe_Test\src\thirdparty\HDF5\vs2013\CMakeFiles\CMakeTmp\cmTC_288fb.vcxproj]

    0 个警告
    2 个错误

已用时间 00:00:00.57


Determining if the function siglongjmp exists failed with the following output:
Change Dir: E:/GitCode/Caffe_Test/src/thirdparty/HDF5/vs2013/CMakeFiles/CMakeTmp

Run Build Command:"C:/Program Files (x86)/MSBuild/12.0/bin/MSBuild.exe" "cmTC_5c58e.vcxproj" "/p:Configuration=Debug" "/p:VisualStudioVersion=12.0"
Microsoft(R) 生成引擎版本 12.0.30501.0
[Microsoft .NET Framework 版本 4.0.30319.18444]
版权所有 (C) Microsoft Corporation。保留所有权利。

生成启动时间为 2016/3/21 星期一 下午 9:56:51。
节点 1 上的项目“E:\GitCode\Caffe_Test\src\thirdparty\HDF5\vs2013\CMakeFiles\CMakeTmp\cmTC_5c58e.vcxproj”(默认目标)。
PrepareForBuild:
  正在创建目录“cmTC_5c58e.dir\Debug\”。
  正在创建目录“E:\GitCode\Caffe_Test\src\thirdparty\HDF5\vs2013\CMakeFiles\CMakeTmp\Debug\”。
  正在创建目录“cmTC_5c58e.dir\Debug\cmTC_5c58e.tlog\”。
InitializeBuildStatus:
  正在创建“cmTC_5c58e.dir\Debug\cmTC_5c58e.tlog\unsuccessfulbuild”，因为已指定“AlwaysCreate”。
ClCompile:
  C:\Program Files (x86)\Microsoft Visual Studio 12.0\VC\bin\x86_amd64\CL.exe /c /Zi /W3 /WX- /Od /Ob0 /D WIN32 /D _WINDOWS /D CHECK_FUNCTION_EXISTS=siglongjmp /D WIN32_LEAN_AND_MEAN=1 /D NOGDI=1 /D _DEBUG /D "CMAKE_INTDIR=\"Debug\"" /D _MBCS /Gm- /RTC1 /MDd /GS /fp:precise /Zc:wchar_t /Zc:forScope /Fo"cmTC_5c58e.dir\Debug\\" /Fd"cmTC_5c58e.dir\Debug\vc120.pdb" /Gd /TC /errorReport:queue "D:\ProgramFiles\CMake\share\cmake-3.3\Modules\CheckFunctionExists.c"
  用于 x64 的 Microsoft (R) C/C++ 优化编译器 18.00.30501 版
  版权所有(C) Microsoft Corporation。  保留所有权利。
  
  cl /c /Zi /W3 /WX- /Od /Ob0 /D WIN32 /D _WINDOWS /D CHECK_FUNCTION_EXISTS=siglongjmp /D WIN32_LEAN_AND_MEAN=1 /D NOGDI=1 /D _DEBUG /D "CMAKE_INTDIR=\"Debug\"" /D _MBCS /Gm- /RTC1 /MDd /GS /fp:precise /Zc:wchar_t /Zc:forScope /Fo"cmTC_5c58e.dir\Debug\\" /Fd"cmTC_5c58e.dir\Debug\vc120.pdb" /Gd /TC /errorReport:queue "D:\ProgramFiles\CMake\share\cmake-3.3\Modules\CheckFunctionExists.c"
  
  CheckFunctionExists.c
Link:
  C:\Program Files (x86)\Microsoft Visual Studio 12.0\VC\bin\x86_amd64\link.exe /ERRORREPORT:QUEUE /OUT:"E:\GitCode\Caffe_Test\src\thirdparty\HDF5\vs2013\CMakeFiles\CMakeTmp\Debug\cmTC_5c58e.exe" /INCREMENTAL /NOLOGO kernel32.lib user32.lib gdi32.lib winspool.lib shell32.lib ole32.lib oleaut32.lib uuid.lib comdlg32.lib advapi32.lib ws2_32.lib wsock32.lib /MANIFEST /MANIFESTUAC:"level='asInvoker' uiAccess='false'" /manifest:embed /DEBUG /PDB:"E:/GitCode/Caffe_Test/src/thirdparty/HDF5/vs2013/CMakeFiles/CMakeTmp/Debug/cmTC_5c58e.pdb" /SUBSYSTEM:CONSOLE /TLBID:1 /DYNAMICBASE /NXCOMPAT /IMPLIB:"E:/GitCode/Caffe_Test/src/thirdparty/HDF5/vs2013/CMakeFiles/CMakeTmp/Debug/cmTC_5c58e.lib" /MACHINE:X64  /machine:x64 /debug cmTC_5c58e.dir\Debug\CheckFunctionExists.obj
CheckFunctionExists.obj : error LNK2019: 无法解析的外部符号 siglongjmp，该符号在函数 main 中被引用 [E:\GitCode\Caffe_Test\src\thirdparty\HDF5\vs2013\CMakeFiles\CMakeTmp\cmTC_5c58e.vcxproj]
E:\GitCode\Caffe_Test\src\thirdparty\HDF5\vs2013\CMakeFiles\CMakeTmp\Debug\cmTC_5c58e.exe : fatal error LNK1120: 1 个无法解析的外部命令 [E:\GitCode\Caffe_Test\src\thirdparty\HDF5\vs2013\CMakeFiles\CMakeTmp\cmTC_5c58e.vcxproj]
已完成生成项目“E:\GitCode\Caffe_Test\src\thirdparty\HDF5\vs2013\CMakeFiles\CMakeTmp\cmTC_5c58e.vcxproj”(默认目标)的操作 - 失败。

生成失败。

“E:\GitCode\Caffe_Test\src\thirdparty\HDF5\vs2013\CMakeFiles\CMakeTmp\cmTC_5c58e.vcxproj”(默认目标) (1) ->
(Link 目标) -> 
  CheckFunctionExists.obj : error LNK2019: 无法解析的外部符号 siglongjmp，该符号在函数 main 中被引用 [E:\GitCode\Caffe_Test\src\thirdparty\HDF5\vs2013\CMakeFiles\CMakeTmp\cmTC_5c58e.vcxproj]
  E:\GitCode\Caffe_Test\src\thirdparty\HDF5\vs2013\CMakeFiles\CMakeTmp\Debug\cmTC_5c58e.exe : fatal error LNK1120: 1 个无法解析的外部命令 [E:\GitCode\Caffe_Test\src\thirdparty\HDF5\vs2013\CMakeFiles\CMakeTmp\cmTC_5c58e.vcxproj]

    0 个警告
    2 个错误

已用时间 00:00:00.57


Determining if the function sigsetjmp exists failed with the following output:
Change Dir: E:/GitCode/Caffe_Test/src/thirdparty/HDF5/vs2013/CMakeFiles/CMakeTmp

Run Build Command:"C:/Program Files (x86)/MSBuild/12.0/bin/MSBuild.exe" "cmTC_7e982.vcxproj" "/p:Configuration=Debug" "/p:VisualStudioVersion=12.0"
Microsoft(R) 生成引擎版本 12.0.30501.0
[Microsoft .NET Framework 版本 4.0.30319.18444]
版权所有 (C) Microsoft Corporation。保留所有权利。

生成启动时间为 2016/3/21 星期一 下午 9:56:51。
节点 1 上的项目“E:\GitCode\Caffe_Test\src\thirdparty\HDF5\vs2013\CMakeFiles\CMakeTmp\cmTC_7e982.vcxproj”(默认目标)。
PrepareForBuild:
  正在创建目录“cmTC_7e982.dir\Debug\”。
  正在创建目录“E:\GitCode\Caffe_Test\src\thirdparty\HDF5\vs2013\CMakeFiles\CMakeTmp\Debug\”。
  正在创建目录“cmTC_7e982.dir\Debug\cmTC_7e982.tlog\”。
InitializeBuildStatus:
  正在创建“cmTC_7e982.dir\Debug\cmTC_7e982.tlog\unsuccessfulbuild”，因为已指定“AlwaysCreate”。
ClCompile:
  C:\Program Files (x86)\Microsoft Visual Studio 12.0\VC\bin\x86_amd64\CL.exe /c /Zi /W3 /WX- /Od /Ob0 /D WIN32 /D _WINDOWS /D CHECK_FUNCTION_EXISTS=sigsetjmp /D WIN32_LEAN_AND_MEAN=1 /D NOGDI=1 /D _DEBUG /D "CMAKE_INTDIR=\"Debug\"" /D _MBCS /Gm- /RTC1 /MDd /GS /fp:precise /Zc:wchar_t /Zc:forScope /Fo"cmTC_7e982.dir\Debug\\" /Fd"cmTC_7e982.dir\Debug\vc120.pdb" /Gd /TC /errorReport:queue "D:\ProgramFiles\CMake\share\cmake-3.3\Modules\CheckFunctionExists.c"
  用于 x64 的 Microsoft (R) C/C++ 优化编译器 18.00.30501 版
  版权所有(C) Microsoft Corporation。  保留所有权利。
  
  cl /c /Zi /W3 /WX- /Od /Ob0 /D WIN32 /D _WINDOWS /D CHECK_FUNCTION_EXISTS=sigsetjmp /D WIN32_LEAN_AND_MEAN=1 /D NOGDI=1 /D _DEBUG /D "CMAKE_INTDIR=\"Debug\"" /D _MBCS /Gm- /RTC1 /MDd /GS /fp:precise /Zc:wchar_t /Zc:forScope /Fo"cmTC_7e982.dir\Debug\\" /Fd"cmTC_7e982.dir\Debug\vc120.pdb" /Gd /TC /errorReport:queue "D:\ProgramFiles\CMake\share\cmake-3.3\Modules\CheckFunctionExists.c"
  CheckFunctionExists.c
  
Link:
  C:\Program Files (x86)\Microsoft Visual Studio 12.0\VC\bin\x86_amd64\link.exe /ERRORREPORT:QUEUE /OUT:"E:\GitCode\Caffe_Test\src\thirdparty\HDF5\vs2013\CMakeFiles\CMakeTmp\Debug\cmTC_7e982.exe" /INCREMENTAL /NOLOGO kernel32.lib user32.lib gdi32.lib winspool.lib shell32.lib ole32.lib oleaut32.lib uuid.lib comdlg32.lib advapi32.lib ws2_32.lib wsock32.lib /MANIFEST /MANIFESTUAC:"level='asInvoker' uiAccess='false'" /manifest:embed /DEBUG /PDB:"E:/GitCode/Caffe_Test/src/thirdparty/HDF5/vs2013/CMakeFiles/CMakeTmp/Debug/cmTC_7e982.pdb" /SUBSYSTEM:CONSOLE /TLBID:1 /DYNAMICBASE /NXCOMPAT /IMPLIB:"E:/GitCode/Caffe_Test/src/thirdparty/HDF5/vs2013/CMakeFiles/CMakeTmp/Debug/cmTC_7e982.lib" /MACHINE:X64  /machine:x64 /debug cmTC_7e982.dir\Debug\CheckFunctionExists.obj
CheckFunctionExists.obj : error LNK2019: 无法解析的外部符号 sigsetjmp，该符号在函数 main 中被引用 [E:\GitCode\Caffe_Test\src\thirdparty\HDF5\vs2013\CMakeFiles\CMakeTmp\cmTC_7e982.vcxproj]
E:\GitCode\Caffe_Test\src\thirdparty\HDF5\vs2013\CMakeFiles\CMakeTmp\Debug\cmTC_7e982.exe : fatal error LNK1120: 1 个无法解析的外部命令 [E:\GitCode\Caffe_Test\src\thirdparty\HDF5\vs2013\CMakeFiles\CMakeTmp\cmTC_7e982.vcxproj]
已完成生成项目“E:\GitCode\Caffe_Test\src\thirdparty\HDF5\vs2013\CMakeFiles\CMakeTmp\cmTC_7e982.vcxproj”(默认目标)的操作 - 失败。

生成失败。

“E:\GitCode\Caffe_Test\src\thirdparty\HDF5\vs2013\CMakeFiles\CMakeTmp\cmTC_7e982.vcxproj”(默认目标) (1) ->
(Link 目标) -> 
  CheckFunctionExists.obj : error LNK2019: 无法解析的外部符号 sigsetjmp，该符号在函数 main 中被引用 [E:\GitCode\Caffe_Test\src\thirdparty\HDF5\vs2013\CMakeFiles\CMakeTmp\cmTC_7e982.vcxproj]
  E:\GitCode\Caffe_Test\src\thirdparty\HDF5\vs2013\CMakeFiles\CMakeTmp\Debug\cmTC_7e982.exe : fatal error LNK1120: 1 个无法解析的外部命令 [E:\GitCode\Caffe_Test\src\thirdparty\HDF5\vs2013\CMakeFiles\CMakeTmp\cmTC_7e982.vcxproj]

    0 个警告
    2 个错误

已用时间 00:00:00.57


Determining if the function sigaction exists failed with the following output:
Change Dir: E:/GitCode/Caffe_Test/src/thirdparty/HDF5/vs2013/CMakeFiles/CMakeTmp

Run Build Command:"C:/Program Files (x86)/MSBuild/12.0/bin/MSBuild.exe" "cmTC_b9f67.vcxproj" "/p:Configuration=Debug" "/p:VisualStudioVersion=12.0"
Microsoft(R) 生成引擎版本 12.0.30501.0
[Microsoft .NET Framework 版本 4.0.30319.18444]
版权所有 (C) Microsoft Corporation。保留所有权利。

生成启动时间为 2016/3/21 星期一 下午 9:56:52。
节点 1 上的项目“E:\GitCode\Caffe_Test\src\thirdparty\HDF5\vs2013\CMakeFiles\CMakeTmp\cmTC_b9f67.vcxproj”(默认目标)。
PrepareForBuild:
  正在创建目录“cmTC_b9f67.dir\Debug\”。
  正在创建目录“E:\GitCode\Caffe_Test\src\thirdparty\HDF5\vs2013\CMakeFiles\CMakeTmp\Debug\”。
  正在创建目录“cmTC_b9f67.dir\Debug\cmTC_b9f67.tlog\”。
InitializeBuildStatus:
  正在创建“cmTC_b9f67.dir\Debug\cmTC_b9f67.tlog\unsuccessfulbuild”，因为已指定“AlwaysCreate”。
ClCompile:
  C:\Program Files (x86)\Microsoft Visual Studio 12.0\VC\bin\x86_amd64\CL.exe /c /Zi /W3 /WX- /Od /Ob0 /D WIN32 /D _WINDOWS /D CHECK_FUNCTION_EXISTS=sigaction /D WIN32_LEAN_AND_MEAN=1 /D NOGDI=1 /D _DEBUG /D "CMAKE_INTDIR=\"Debug\"" /D _MBCS /Gm- /RTC1 /MDd /GS /fp:precise /Zc:wchar_t /Zc:forScope /Fo"cmTC_b9f67.dir\Debug\\" /Fd"cmTC_b9f67.dir\Debug\vc120.pdb" /Gd /TC /errorReport:queue "D:\ProgramFiles\CMake\share\cmake-3.3\Modules\CheckFunctionExists.c"
  用于 x64 的 Microsoft (R) C/C++ 优化编译器 18.00.30501 版
  版权所有(C) Microsoft Corporation。  保留所有权利。
  
  cl /c /Zi /W3 /WX- /Od /Ob0 /D WIN32 /D _WINDOWS /D CHECK_FUNCTION_EXISTS=sigaction /D WIN32_LEAN_AND_MEAN=1 /D NOGDI=1 /D _DEBUG /D "CMAKE_INTDIR=\"Debug\"" /D _MBCS /Gm- /RTC1 /MDd /GS /fp:precise /Zc:wchar_t /Zc:forScope /Fo"cmTC_b9f67.dir\Debug\\" /Fd"cmTC_b9f67.dir\Debug\vc120.pdb" /Gd /TC /errorReport:queue "D:\ProgramFiles\CMake\share\cmake-3.3\Modules\CheckFunctionExists.c"
  
  CheckFunctionExists.c
Link:
  C:\Program Files (x86)\Microsoft Visual Studio 12.0\VC\bin\x86_amd64\link.exe /ERRORREPORT:QUEUE /OUT:"E:\GitCode\Caffe_Test\src\thirdparty\HDF5\vs2013\CMakeFiles\CMakeTmp\Debug\cmTC_b9f67.exe" /INCREMENTAL /NOLOGO kernel32.lib user32.lib gdi32.lib winspool.lib shell32.lib ole32.lib oleaut32.lib uuid.lib comdlg32.lib advapi32.lib ws2_32.lib wsock32.lib /MANIFEST /MANIFESTUAC:"level='asInvoker' uiAccess='false'" /manifest:embed /DEBUG /PDB:"E:/GitCode/Caffe_Test/src/thirdparty/HDF5/vs2013/CMakeFiles/CMakeTmp/Debug/cmTC_b9f67.pdb" /SUBSYSTEM:CONSOLE /TLBID:1 /DYNAMICBASE /NXCOMPAT /IMPLIB:"E:/GitCode/Caffe_Test/src/thirdparty/HDF5/vs2013/CMakeFiles/CMakeTmp/Debug/cmTC_b9f67.lib" /MACHINE:X64  /machine:x64 /debug cmTC_b9f67.dir\Debug\CheckFunctionExists.obj
CheckFunctionExists.obj : error LNK2019: 无法解析的外部符号 sigaction，该符号在函数 main 中被引用 [E:\GitCode\Caffe_Test\src\thirdparty\HDF5\vs2013\CMakeFiles\CMakeTmp\cmTC_b9f67.vcxproj]
E:\GitCode\Caffe_Test\src\thirdparty\HDF5\vs2013\CMakeFiles\CMakeTmp\Debug\cmTC_b9f67.exe : fatal error LNK1120: 1 个无法解析的外部命令 [E:\GitCode\Caffe_Test\src\thirdparty\HDF5\vs2013\CMakeFiles\CMakeTmp\cmTC_b9f67.vcxproj]
已完成生成项目“E:\GitCode\Caffe_Test\src\thirdparty\HDF5\vs2013\CMakeFiles\CMakeTmp\cmTC_b9f67.vcxproj”(默认目标)的操作 - 失败。

生成失败。

“E:\GitCode\Caffe_Test\src\thirdparty\HDF5\vs2013\CMakeFiles\CMakeTmp\cmTC_b9f67.vcxproj”(默认目标) (1) ->
(Link 目标) -> 
  CheckFunctionExists.obj : error LNK2019: 无法解析的外部符号 sigaction，该符号在函数 main 中被引用 [E:\GitCode\Caffe_Test\src\thirdparty\HDF5\vs2013\CMakeFiles\CMakeTmp\cmTC_b9f67.vcxproj]
  E:\GitCode\Caffe_Test\src\thirdparty\HDF5\vs2013\CMakeFiles\CMakeTmp\Debug\cmTC_b9f67.exe : fatal error LNK1120: 1 个无法解析的外部命令 [E:\GitCode\Caffe_Test\src\thirdparty\HDF5\vs2013\CMakeFiles\CMakeTmp\cmTC_b9f67.vcxproj]

    0 个警告
    2 个错误

已用时间 00:00:00.56


Determining if the function sigprocmask exists failed with the following output:
Change Dir: E:/GitCode/Caffe_Test/src/thirdparty/HDF5/vs2013/CMakeFiles/CMakeTmp

Run Build Command:"C:/Program Files (x86)/MSBuild/12.0/bin/MSBuild.exe" "cmTC_d1685.vcxproj" "/p:Configuration=Debug" "/p:VisualStudioVersion=12.0"
Microsoft(R) 生成引擎版本 12.0.30501.0
[Microsoft .NET Framework 版本 4.0.30319.18444]
版权所有 (C) Microsoft Corporation。保留所有权利。

生成启动时间为 2016/3/21 星期一 下午 9:56:53。
节点 1 上的项目“E:\GitCode\Caffe_Test\src\thirdparty\HDF5\vs2013\CMakeFiles\CMakeTmp\cmTC_d1685.vcxproj”(默认目标)。
PrepareForBuild:
  正在创建目录“cmTC_d1685.dir\Debug\”。
  正在创建目录“E:\GitCode\Caffe_Test\src\thirdparty\HDF5\vs2013\CMakeFiles\CMakeTmp\Debug\”。
  正在创建目录“cmTC_d1685.dir\Debug\cmTC_d1685.tlog\”。
InitializeBuildStatus:
  正在创建“cmTC_d1685.dir\Debug\cmTC_d1685.tlog\unsuccessfulbuild”，因为已指定“AlwaysCreate”。
ClCompile:
  C:\Program Files (x86)\Microsoft Visual Studio 12.0\VC\bin\x86_amd64\CL.exe /c /Zi /W3 /WX- /Od /Ob0 /D WIN32 /D _WINDOWS /D CHECK_FUNCTION_EXISTS=sigprocmask /D WIN32_LEAN_AND_MEAN=1 /D NOGDI=1 /D _DEBUG /D "CMAKE_INTDIR=\"Debug\"" /D _MBCS /Gm- /RTC1 /MDd /GS /fp:precise /Zc:wchar_t /Zc:forScope /Fo"cmTC_d1685.dir\Debug\\" /Fd"cmTC_d1685.dir\Debug\vc120.pdb" /Gd /TC /errorReport:queue "D:\ProgramFiles\CMake\share\cmake-3.3\Modules\CheckFunctionExists.c"
  用于 x64 的 Microsoft (R) C/C++ 优化编译器 18.00.30501 版
  版权所有(C) Microsoft Corporation。  保留所有权利。
  
  cl /c /Zi /W3 /WX- /Od /Ob0 /D WIN32 /D _WINDOWS /D CHECK_FUNCTION_EXISTS=sigprocmask /D WIN32_LEAN_AND_MEAN=1 /D NOGDI=1 /D _DEBUG /D "CMAKE_INTDIR=\"Debug\"" /D _MBCS /Gm- /RTC1 /MDd /GS /fp:precise /Zc:wchar_t /Zc:forScope /Fo"cmTC_d1685.dir\Debug\\" /Fd"cmTC_d1685.dir\Debug\vc120.pdb" /Gd /TC /errorReport:queue "D:\ProgramFiles\CMake\share\cmake-3.3\Modules\CheckFunctionExists.c"
  
  CheckFunctionExists.c
Link:
  C:\Program Files (x86)\Microsoft Visual Studio 12.0\VC\bin\x86_amd64\link.exe /ERRORREPORT:QUEUE /OUT:"E:\GitCode\Caffe_Test\src\thirdparty\HDF5\vs2013\CMakeFiles\CMakeTmp\Debug\cmTC_d1685.exe" /INCREMENTAL /NOLOGO kernel32.lib user32.lib gdi32.lib winspool.lib shell32.lib ole32.lib oleaut32.lib uuid.lib comdlg32.lib advapi32.lib ws2_32.lib wsock32.lib /MANIFEST /MANIFESTUAC:"level='asInvoker' uiAccess='false'" /manifest:embed /DEBUG /PDB:"E:/GitCode/Caffe_Test/src/thirdparty/HDF5/vs2013/CMakeFiles/CMakeTmp/Debug/cmTC_d1685.pdb" /SUBSYSTEM:CONSOLE /TLBID:1 /DYNAMICBASE /NXCOMPAT /IMPLIB:"E:/GitCode/Caffe_Test/src/thirdparty/HDF5/vs2013/CMakeFiles/CMakeTmp/Debug/cmTC_d1685.lib" /MACHINE:X64  /machine:x64 /debug cmTC_d1685.dir\Debug\CheckFunctionExists.obj
CheckFunctionExists.obj : error LNK2019: 无法解析的外部符号 sigprocmask，该符号在函数 main 中被引用 [E:\GitCode\Caffe_Test\src\thirdparty\HDF5\vs2013\CMakeFiles\CMakeTmp\cmTC_d1685.vcxproj]
E:\GitCode\Caffe_Test\src\thirdparty\HDF5\vs2013\CMakeFiles\CMakeTmp\Debug\cmTC_d1685.exe : fatal error LNK1120: 1 个无法解析的外部命令 [E:\GitCode\Caffe_Test\src\thirdparty\HDF5\vs2013\CMakeFiles\CMakeTmp\cmTC_d1685.vcxproj]
已完成生成项目“E:\GitCode\Caffe_Test\src\thirdparty\HDF5\vs2013\CMakeFiles\CMakeTmp\cmTC_d1685.vcxproj”(默认目标)的操作 - 失败。

生成失败。

“E:\GitCode\Caffe_Test\src\thirdparty\HDF5\vs2013\CMakeFiles\CMakeTmp\cmTC_d1685.vcxproj”(默认目标) (1) ->
(Link 目标) -> 
  CheckFunctionExists.obj : error LNK2019: 无法解析的外部符号 sigprocmask，该符号在函数 main 中被引用 [E:\GitCode\Caffe_Test\src\thirdparty\HDF5\vs2013\CMakeFiles\CMakeTmp\cmTC_d1685.vcxproj]
  E:\GitCode\Caffe_Test\src\thirdparty\HDF5\vs2013\CMakeFiles\CMakeTmp\Debug\cmTC_d1685.exe : fatal error LNK1120: 1 个无法解析的外部命令 [E:\GitCode\Caffe_Test\src\thirdparty\HDF5\vs2013\CMakeFiles\CMakeTmp\cmTC_d1685.vcxproj]

    0 个警告
    2 个错误

已用时间 00:00:00.57


Determining if the function snprintf exists failed with the following output:
Change Dir: E:/GitCode/Caffe_Test/src/thirdparty/HDF5/vs2013/CMakeFiles/CMakeTmp

Run Build Command:"C:/Program Files (x86)/MSBuild/12.0/bin/MSBuild.exe" "cmTC_da4b4.vcxproj" "/p:Configuration=Debug" "/p:VisualStudioVersion=12.0"
Microsoft(R) 生成引擎版本 12.0.30501.0
[Microsoft .NET Framework 版本 4.0.30319.18444]
版权所有 (C) Microsoft Corporation。保留所有权利。

生成启动时间为 2016/3/21 星期一 下午 9:56:54。
节点 1 上的项目“E:\GitCode\Caffe_Test\src\thirdparty\HDF5\vs2013\CMakeFiles\CMakeTmp\cmTC_da4b4.vcxproj”(默认目标)。
PrepareForBuild:
  正在创建目录“cmTC_da4b4.dir\Debug\”。
  正在创建目录“E:\GitCode\Caffe_Test\src\thirdparty\HDF5\vs2013\CMakeFiles\CMakeTmp\Debug\”。
  正在创建目录“cmTC_da4b4.dir\Debug\cmTC_da4b4.tlog\”。
InitializeBuildStatus:
  正在创建“cmTC_da4b4.dir\Debug\cmTC_da4b4.tlog\unsuccessfulbuild”，因为已指定“AlwaysCreate”。
ClCompile:
  C:\Program Files (x86)\Microsoft Visual Studio 12.0\VC\bin\x86_amd64\CL.exe /c /Zi /W3 /WX- /Od /Ob0 /D WIN32 /D _WINDOWS /D CHECK_FUNCTION_EXISTS=snprintf /D WIN32_LEAN_AND_MEAN=1 /D NOGDI=1 /D _DEBUG /D "CMAKE_INTDIR=\"Debug\"" /D _MBCS /Gm- /RTC1 /MDd /GS /fp:precise /Zc:wchar_t /Zc:forScope /Fo"cmTC_da4b4.dir\Debug\\" /Fd"cmTC_da4b4.dir\Debug\vc120.pdb" /Gd /TC /errorReport:queue "D:\ProgramFiles\CMake\share\cmake-3.3\Modules\CheckFunctionExists.c"
  用于 x64 的 Microsoft (R) C/C++ 优化编译器 18.00.30501 版
  版权所有(C) Microsoft Corporation。  保留所有权利。
  
  cl /c /Zi /W3 /WX- /Od /Ob0 /D WIN32 /D _WINDOWS /D CHECK_FUNCTION_EXISTS=snprintf /D WIN32_LEAN_AND_MEAN=1 /D NOGDI=1 /D _DEBUG /D "CMAKE_INTDIR=\"Debug\"" /D _MBCS /Gm- /RTC1 /MDd /GS /fp:precise /Zc:wchar_t /Zc:forScope /Fo"cmTC_da4b4.dir\Debug\\" /Fd"cmTC_da4b4.dir\Debug\vc120.pdb" /Gd /TC /errorReport:queue "D:\ProgramFiles\CMake\share\cmake-3.3\Modules\CheckFunctionExists.c"
  CheckFunctionExists.c
  
Link:
  C:\Program Files (x86)\Microsoft Visual Studio 12.0\VC\bin\x86_amd64\link.exe /ERRORREPORT:QUEUE /OUT:"E:\GitCode\Caffe_Test\src\thirdparty\HDF5\vs2013\CMakeFiles\CMakeTmp\Debug\cmTC_da4b4.exe" /INCREMENTAL /NOLOGO kernel32.lib user32.lib gdi32.lib winspool.lib shell32.lib ole32.lib oleaut32.lib uuid.lib comdlg32.lib advapi32.lib ws2_32.lib wsock32.lib /MANIFEST /MANIFESTUAC:"level='asInvoker' uiAccess='false'" /manifest:embed /DEBUG /PDB:"E:/GitCode/Caffe_Test/src/thirdparty/HDF5/vs2013/CMakeFiles/CMakeTmp/Debug/cmTC_da4b4.pdb" /SUBSYSTEM:CONSOLE /TLBID:1 /DYNAMICBASE /NXCOMPAT /IMPLIB:"E:/GitCode/Caffe_Test/src/thirdparty/HDF5/vs2013/CMakeFiles/CMakeTmp/Debug/cmTC_da4b4.lib" /MACHINE:X64  /machine:x64 /debug cmTC_da4b4.dir\Debug\CheckFunctionExists.obj
CheckFunctionExists.obj : error LNK2019: 无法解析的外部符号 snprintf，该符号在函数 main 中被引用 [E:\GitCode\Caffe_Test\src\thirdparty\HDF5\vs2013\CMakeFiles\CMakeTmp\cmTC_da4b4.vcxproj]
E:\GitCode\Caffe_Test\src\thirdparty\HDF5\vs2013\CMakeFiles\CMakeTmp\Debug\cmTC_da4b4.exe : fatal error LNK1120: 1 个无法解析的外部命令 [E:\GitCode\Caffe_Test\src\thirdparty\HDF5\vs2013\CMakeFiles\CMakeTmp\cmTC_da4b4.vcxproj]
已完成生成项目“E:\GitCode\Caffe_Test\src\thirdparty\HDF5\vs2013\CMakeFiles\CMakeTmp\cmTC_da4b4.vcxproj”(默认目标)的操作 - 失败。

生成失败。

“E:\GitCode\Caffe_Test\src\thirdparty\HDF5\vs2013\CMakeFiles\CMakeTmp\cmTC_da4b4.vcxproj”(默认目标) (1) ->
(Link 目标) -> 
  CheckFunctionExists.obj : error LNK2019: 无法解析的外部符号 snprintf，该符号在函数 main 中被引用 [E:\GitCode\Caffe_Test\src\thirdparty\HDF5\vs2013\CMakeFiles\CMakeTmp\cmTC_da4b4.vcxproj]
  E:\GitCode\Caffe_Test\src\thirdparty\HDF5\vs2013\CMakeFiles\CMakeTmp\Debug\cmTC_da4b4.exe : fatal error LNK1120: 1 个无法解析的外部命令 [E:\GitCode\Caffe_Test\src\thirdparty\HDF5\vs2013\CMakeFiles\CMakeTmp\cmTC_da4b4.vcxproj]

    0 个警告
    2 个错误

已用时间 00:00:00.62


Determining if the function srandom exists failed with the following output:
Change Dir: E:/GitCode/Caffe_Test/src/thirdparty/HDF5/vs2013/CMakeFiles/CMakeTmp

Run Build Command:"C:/Program Files (x86)/MSBuild/12.0/bin/MSBuild.exe" "cmTC_d9a4d.vcxproj" "/p:Configuration=Debug" "/p:VisualStudioVersion=12.0"
Microsoft(R) 生成引擎版本 12.0.30501.0
[Microsoft .NET Framework 版本 4.0.30319.18444]
版权所有 (C) Microsoft Corporation。保留所有权利。

生成启动时间为 2016/3/21 星期一 下午 9:56:55。
节点 1 上的项目“E:\GitCode\Caffe_Test\src\thirdparty\HDF5\vs2013\CMakeFiles\CMakeTmp\cmTC_d9a4d.vcxproj”(默认目标)。
PrepareForBuild:
  正在创建目录“cmTC_d9a4d.dir\Debug\”。
  正在创建目录“E:\GitCode\Caffe_Test\src\thirdparty\HDF5\vs2013\CMakeFiles\CMakeTmp\Debug\”。
  正在创建目录“cmTC_d9a4d.dir\Debug\cmTC_d9a4d.tlog\”。
InitializeBuildStatus:
  正在创建“cmTC_d9a4d.dir\Debug\cmTC_d9a4d.tlog\unsuccessfulbuild”，因为已指定“AlwaysCreate”。
ClCompile:
  C:\Program Files (x86)\Microsoft Visual Studio 12.0\VC\bin\x86_amd64\CL.exe /c /Zi /W3 /WX- /Od /Ob0 /D WIN32 /D _WINDOWS /D CHECK_FUNCTION_EXISTS=srandom /D WIN32_LEAN_AND_MEAN=1 /D NOGDI=1 /D _DEBUG /D "CMAKE_INTDIR=\"Debug\"" /D _MBCS /Gm- /RTC1 /MDd /GS /fp:precise /Zc:wchar_t /Zc:forScope /Fo"cmTC_d9a4d.dir\Debug\\" /Fd"cmTC_d9a4d.dir\Debug\vc120.pdb" /Gd /TC /errorReport:queue "D:\ProgramFiles\CMake\share\cmake-3.3\Modules\CheckFunctionExists.c"
  用于 x64 的 Microsoft (R) C/C++ 优化编译器 18.00.30501 版
  版权所有(C) Microsoft Corporation。  保留所有权利。
  
  cl /c /Zi /W3 /WX- /Od /Ob0 /D WIN32 /D _WINDOWS /D CHECK_FUNCTION_EXISTS=srandom /D WIN32_LEAN_AND_MEAN=1 /D NOGDI=1 /D _DEBUG /D "CMAKE_INTDIR=\"Debug\"" /D _MBCS /Gm- /RTC1 /MDd /GS /fp:precise /Zc:wchar_t /Zc:forScope /Fo"cmTC_d9a4d.dir\Debug\\" /Fd"cmTC_d9a4d.dir\Debug\vc120.pdb" /Gd /TC /errorReport:queue "D:\ProgramFiles\CMake\share\cmake-3.3\Modules\CheckFunctionExists.c"
  
  CheckFunctionExists.c
Link:
  C:\Program Files (x86)\Microsoft Visual Studio 12.0\VC\bin\x86_amd64\link.exe /ERRORREPORT:QUEUE /OUT:"E:\GitCode\Caffe_Test\src\thirdparty\HDF5\vs2013\CMakeFiles\CMakeTmp\Debug\cmTC_d9a4d.exe" /INCREMENTAL /NOLOGO kernel32.lib user32.lib gdi32.lib winspool.lib shell32.lib ole32.lib oleaut32.lib uuid.lib comdlg32.lib advapi32.lib ws2_32.lib wsock32.lib /MANIFEST /MANIFESTUAC:"level='asInvoker' uiAccess='false'" /manifest:embed /DEBUG /PDB:"E:/GitCode/Caffe_Test/src/thirdparty/HDF5/vs2013/CMakeFiles/CMakeTmp/Debug/cmTC_d9a4d.pdb" /SUBSYSTEM:CONSOLE /TLBID:1 /DYNAMICBASE /NXCOMPAT /IMPLIB:"E:/GitCode/Caffe_Test/src/thirdparty/HDF5/vs2013/CMakeFiles/CMakeTmp/Debug/cmTC_d9a4d.lib" /MACHINE:X64  /machine:x64 /debug cmTC_d9a4d.dir\Debug\CheckFunctionExists.obj
CheckFunctionExists.obj : error LNK2019: 无法解析的外部符号 srandom，该符号在函数 main 中被引用 [E:\GitCode\Caffe_Test\src\thirdparty\HDF5\vs2013\CMakeFiles\CMakeTmp\cmTC_d9a4d.vcxproj]
E:\GitCode\Caffe_Test\src\thirdparty\HDF5\vs2013\CMakeFiles\CMakeTmp\Debug\cmTC_d9a4d.exe : fatal error LNK1120: 1 个无法解析的外部命令 [E:\GitCode\Caffe_Test\src\thirdparty\HDF5\vs2013\CMakeFiles\CMakeTmp\cmTC_d9a4d.vcxproj]
已完成生成项目“E:\GitCode\Caffe_Test\src\thirdparty\HDF5\vs2013\CMakeFiles\CMakeTmp\cmTC_d9a4d.vcxproj”(默认目标)的操作 - 失败。

生成失败。

“E:\GitCode\Caffe_Test\src\thirdparty\HDF5\vs2013\CMakeFiles\CMakeTmp\cmTC_d9a4d.vcxproj”(默认目标) (1) ->
(Link 目标) -> 
  CheckFunctionExists.obj : error LNK2019: 无法解析的外部符号 srandom，该符号在函数 main 中被引用 [E:\GitCode\Caffe_Test\src\thirdparty\HDF5\vs2013\CMakeFiles\CMakeTmp\cmTC_d9a4d.vcxproj]
  E:\GitCode\Caffe_Test\src\thirdparty\HDF5\vs2013\CMakeFiles\CMakeTmp\Debug\cmTC_d9a4d.exe : fatal error LNK1120: 1 个无法解析的外部命令 [E:\GitCode\Caffe_Test\src\thirdparty\HDF5\vs2013\CMakeFiles\CMakeTmp\cmTC_d9a4d.vcxproj]

    0 个警告
    2 个错误

已用时间 00:00:00.58


Determining if the function symlink exists failed with the following output:
Change Dir: E:/GitCode/Caffe_Test/src/thirdparty/HDF5/vs2013/CMakeFiles/CMakeTmp

Run Build Command:"C:/Program Files (x86)/MSBuild/12.0/bin/MSBuild.exe" "cmTC_f3a5a.vcxproj" "/p:Configuration=Debug" "/p:VisualStudioVersion=12.0"
Microsoft(R) 生成引擎版本 12.0.30501.0
[Microsoft .NET Framework 版本 4.0.30319.18444]
版权所有 (C) Microsoft Corporation。保留所有权利。

生成启动时间为 2016/3/21 星期一 下午 9:56:56。
节点 1 上的项目“E:\GitCode\Caffe_Test\src\thirdparty\HDF5\vs2013\CMakeFiles\CMakeTmp\cmTC_f3a5a.vcxproj”(默认目标)。
PrepareForBuild:
  正在创建目录“cmTC_f3a5a.dir\Debug\”。
  正在创建目录“E:\GitCode\Caffe_Test\src\thirdparty\HDF5\vs2013\CMakeFiles\CMakeTmp\Debug\”。
  正在创建目录“cmTC_f3a5a.dir\Debug\cmTC_f3a5a.tlog\”。
InitializeBuildStatus:
  正在创建“cmTC_f3a5a.dir\Debug\cmTC_f3a5a.tlog\unsuccessfulbuild”，因为已指定“AlwaysCreate”。
ClCompile:
  C:\Program Files (x86)\Microsoft Visual Studio 12.0\VC\bin\x86_amd64\CL.exe /c /Zi /W3 /WX- /Od /Ob0 /D WIN32 /D _WINDOWS /D CHECK_FUNCTION_EXISTS=symlink /D WIN32_LEAN_AND_MEAN=1 /D NOGDI=1 /D _DEBUG /D "CMAKE_INTDIR=\"Debug\"" /D _MBCS /Gm- /RTC1 /MDd /GS /fp:precise /Zc:wchar_t /Zc:forScope /Fo"cmTC_f3a5a.dir\Debug\\" /Fd"cmTC_f3a5a.dir\Debug\vc120.pdb" /Gd /TC /errorReport:queue "D:\ProgramFiles\CMake\share\cmake-3.3\Modules\CheckFunctionExists.c"
  用于 x64 的 Microsoft (R) C/C++ 优化编译器 18.00.30501 版
  版权所有(C) Microsoft Corporation。  保留所有权利。
  
  cl /c /Zi /W3 /WX- /Od /Ob0 /D WIN32 /D _WINDOWS /D CHECK_FUNCTION_EXISTS=symlink /D WIN32_LEAN_AND_MEAN=1 /D NOGDI=1 /D _DEBUG /D "CMAKE_INTDIR=\"Debug\"" /D _MBCS /Gm- /RTC1 /MDd /GS /fp:precise /Zc:wchar_t /Zc:forScope /Fo"cmTC_f3a5a.dir\Debug\\" /Fd"cmTC_f3a5a.dir\Debug\vc120.pdb" /Gd /TC /errorReport:queue "D:\ProgramFiles\CMake\share\cmake-3.3\Modules\CheckFunctionExists.c"
  
  CheckFunctionExists.c
Link:
  C:\Program Files (x86)\Microsoft Visual Studio 12.0\VC\bin\x86_amd64\link.exe /ERRORREPORT:QUEUE /OUT:"E:\GitCode\Caffe_Test\src\thirdparty\HDF5\vs2013\CMakeFiles\CMakeTmp\Debug\cmTC_f3a5a.exe" /INCREMENTAL /NOLOGO kernel32.lib user32.lib gdi32.lib winspool.lib shell32.lib ole32.lib oleaut32.lib uuid.lib comdlg32.lib advapi32.lib ws2_32.lib wsock32.lib /MANIFEST /MANIFESTUAC:"level='asInvoker' uiAccess='false'" /manifest:embed /DEBUG /PDB:"E:/GitCode/Caffe_Test/src/thirdparty/HDF5/vs2013/CMakeFiles/CMakeTmp/Debug/cmTC_f3a5a.pdb" /SUBSYSTEM:CONSOLE /TLBID:1 /DYNAMICBASE /NXCOMPAT /IMPLIB:"E:/GitCode/Caffe_Test/src/thirdparty/HDF5/vs2013/CMakeFiles/CMakeTmp/Debug/cmTC_f3a5a.lib" /MACHINE:X64  /machine:x64 /debug cmTC_f3a5a.dir\Debug\CheckFunctionExists.obj
CheckFunctionExists.obj : error LNK2019: 无法解析的外部符号 symlink，该符号在函数 main 中被引用 [E:\GitCode\Caffe_Test\src\thirdparty\HDF5\vs2013\CMakeFiles\CMakeTmp\cmTC_f3a5a.vcxproj]
E:\GitCode\Caffe_Test\src\thirdparty\HDF5\vs2013\CMakeFiles\CMakeTmp\Debug\cmTC_f3a5a.exe : fatal error LNK1120: 1 个无法解析的外部命令 [E:\GitCode\Caffe_Test\src\thirdparty\HDF5\vs2013\CMakeFiles\CMakeTmp\cmTC_f3a5a.vcxproj]
已完成生成项目“E:\GitCode\Caffe_Test\src\thirdparty\HDF5\vs2013\CMakeFiles\CMakeTmp\cmTC_f3a5a.vcxproj”(默认目标)的操作 - 失败。

生成失败。

“E:\GitCode\Caffe_Test\src\thirdparty\HDF5\vs2013\CMakeFiles\CMakeTmp\cmTC_f3a5a.vcxproj”(默认目标) (1) ->
(Link 目标) -> 
  CheckFunctionExists.obj : error LNK2019: 无法解析的外部符号 symlink，该符号在函数 main 中被引用 [E:\GitCode\Caffe_Test\src\thirdparty\HDF5\vs2013\CMakeFiles\CMakeTmp\cmTC_f3a5a.vcxproj]
  E:\GitCode\Caffe_Test\src\thirdparty\HDF5\vs2013\CMakeFiles\CMakeTmp\Debug\cmTC_f3a5a.exe : fatal error LNK1120: 1 个无法解析的外部命令 [E:\GitCode\Caffe_Test\src\thirdparty\HDF5\vs2013\CMakeFiles\CMakeTmp\cmTC_f3a5a.vcxproj]

    0 个警告
    2 个错误

已用时间 00:00:00.59


Determining if the function asprintf exists failed with the following output:
Change Dir: E:/GitCode/Caffe_Test/src/thirdparty/HDF5/vs2013/CMakeFiles/CMakeTmp

Run Build Command:"C:/Program Files (x86)/MSBuild/12.0/bin/MSBuild.exe" "cmTC_d087a.vcxproj" "/p:Configuration=Debug" "/p:VisualStudioVersion=12.0"
Microsoft(R) 生成引擎版本 12.0.30501.0
[Microsoft .NET Framework 版本 4.0.30319.18444]
版权所有 (C) Microsoft Corporation。保留所有权利。

生成启动时间为 2016/3/21 星期一 下午 9:56:58。
节点 1 上的项目“E:\GitCode\Caffe_Test\src\thirdparty\HDF5\vs2013\CMakeFiles\CMakeTmp\cmTC_d087a.vcxproj”(默认目标)。
PrepareForBuild:
  正在创建目录“cmTC_d087a.dir\Debug\”。
  正在创建目录“E:\GitCode\Caffe_Test\src\thirdparty\HDF5\vs2013\CMakeFiles\CMakeTmp\Debug\”。
  正在创建目录“cmTC_d087a.dir\Debug\cmTC_d087a.tlog\”。
InitializeBuildStatus:
  正在创建“cmTC_d087a.dir\Debug\cmTC_d087a.tlog\unsuccessfulbuild”，因为已指定“AlwaysCreate”。
ClCompile:
  C:\Program Files (x86)\Microsoft Visual Studio 12.0\VC\bin\x86_amd64\CL.exe /c /Zi /W3 /WX- /Od /Ob0 /D WIN32 /D _WINDOWS /D CHECK_FUNCTION_EXISTS=asprintf /D WIN32_LEAN_AND_MEAN=1 /D NOGDI=1 /D _DEBUG /D "CMAKE_INTDIR=\"Debug\"" /D _MBCS /Gm- /RTC1 /MDd /GS /fp:precise /Zc:wchar_t /Zc:forScope /Fo"cmTC_d087a.dir\Debug\\" /Fd"cmTC_d087a.dir\Debug\vc120.pdb" /Gd /TC /errorReport:queue "D:\ProgramFiles\CMake\share\cmake-3.3\Modules\CheckFunctionExists.c"
  用于 x64 的 Microsoft (R) C/C++ 优化编译器 18.00.30501 版
  版权所有(C) Microsoft Corporation。  保留所有权利。
  
  cl /c /Zi /W3 /WX- /Od /Ob0 /D WIN32 /D _WINDOWS /D CHECK_FUNCTION_EXISTS=asprintf /D WIN32_LEAN_AND_MEAN=1 /D NOGDI=1 /D _DEBUG /D "CMAKE_INTDIR=\"Debug\"" /D _MBCS /Gm- /RTC1 /MDd /GS /fp:precise /Zc:wchar_t /Zc:forScope /Fo"cmTC_d087a.dir\Debug\\" /Fd"cmTC_d087a.dir\Debug\vc120.pdb" /Gd /TC /errorReport:queue "D:\ProgramFiles\CMake\share\cmake-3.3\Modules\CheckFunctionExists.c"
  CheckFunctionExists.c
  
Link:
  C:\Program Files (x86)\Microsoft Visual Studio 12.0\VC\bin\x86_amd64\link.exe /ERRORREPORT:QUEUE /OUT:"E:\GitCode\Caffe_Test\src\thirdparty\HDF5\vs2013\CMakeFiles\CMakeTmp\Debug\cmTC_d087a.exe" /INCREMENTAL /NOLOGO kernel32.lib user32.lib gdi32.lib winspool.lib shell32.lib ole32.lib oleaut32.lib uuid.lib comdlg32.lib advapi32.lib ws2_32.lib wsock32.lib /MANIFEST /MANIFESTUAC:"level='asInvoker' uiAccess='false'" /manifest:embed /DEBUG /PDB:"E:/GitCode/Caffe_Test/src/thirdparty/HDF5/vs2013/CMakeFiles/CMakeTmp/Debug/cmTC_d087a.pdb" /SUBSYSTEM:CONSOLE /TLBID:1 /DYNAMICBASE /NXCOMPAT /IMPLIB:"E:/GitCode/Caffe_Test/src/thirdparty/HDF5/vs2013/CMakeFiles/CMakeTmp/Debug/cmTC_d087a.lib" /MACHINE:X64  /machine:x64 /debug cmTC_d087a.dir\Debug\CheckFunctionExists.obj
CheckFunctionExists.obj : error LNK2019: 无法解析的外部符号 asprintf，该符号在函数 main 中被引用 [E:\GitCode\Caffe_Test\src\thirdparty\HDF5\vs2013\CMakeFiles\CMakeTmp\cmTC_d087a.vcxproj]
E:\GitCode\Caffe_Test\src\thirdparty\HDF5\vs2013\CMakeFiles\CMakeTmp\Debug\cmTC_d087a.exe : fatal error LNK1120: 1 个无法解析的外部命令 [E:\GitCode\Caffe_Test\src\thirdparty\HDF5\vs2013\CMakeFiles\CMakeTmp\cmTC_d087a.vcxproj]
已完成生成项目“E:\GitCode\Caffe_Test\src\thirdparty\HDF5\vs2013\CMakeFiles\CMakeTmp\cmTC_d087a.vcxproj”(默认目标)的操作 - 失败。

生成失败。

“E:\GitCode\Caffe_Test\src\thirdparty\HDF5\vs2013\CMakeFiles\CMakeTmp\cmTC_d087a.vcxproj”(默认目标) (1) ->
(Link 目标) -> 
  CheckFunctionExists.obj : error LNK2019: 无法解析的外部符号 asprintf，该符号在函数 main 中被引用 [E:\GitCode\Caffe_Test\src\thirdparty\HDF5\vs2013\CMakeFiles\CMakeTmp\cmTC_d087a.vcxproj]
  E:\GitCode\Caffe_Test\src\thirdparty\HDF5\vs2013\CMakeFiles\CMakeTmp\Debug\cmTC_d087a.exe : fatal error LNK1120: 1 个无法解析的外部命令 [E:\GitCode\Caffe_Test\src\thirdparty\HDF5\vs2013\CMakeFiles\CMakeTmp\cmTC_d087a.vcxproj]

    0 个警告
    2 个错误

已用时间 00:00:00.57


Determining if the function vasprintf exists failed with the following output:
Change Dir: E:/GitCode/Caffe_Test/src/thirdparty/HDF5/vs2013/CMakeFiles/CMakeTmp

Run Build Command:"C:/Program Files (x86)/MSBuild/12.0/bin/MSBuild.exe" "cmTC_5d699.vcxproj" "/p:Configuration=Debug" "/p:VisualStudioVersion=12.0"
Microsoft(R) 生成引擎版本 12.0.30501.0
[Microsoft .NET Framework 版本 4.0.30319.18444]
版权所有 (C) Microsoft Corporation。保留所有权利。

生成启动时间为 2016/3/21 星期一 下午 9:56:59。
节点 1 上的项目“E:\GitCode\Caffe_Test\src\thirdparty\HDF5\vs2013\CMakeFiles\CMakeTmp\cmTC_5d699.vcxproj”(默认目标)。
PrepareForBuild:
  正在创建目录“cmTC_5d699.dir\Debug\”。
  正在创建目录“E:\GitCode\Caffe_Test\src\thirdparty\HDF5\vs2013\CMakeFiles\CMakeTmp\Debug\”。
  正在创建目录“cmTC_5d699.dir\Debug\cmTC_5d699.tlog\”。
InitializeBuildStatus:
  正在创建“cmTC_5d699.dir\Debug\cmTC_5d699.tlog\unsuccessfulbuild”，因为已指定“AlwaysCreate”。
ClCompile:
  C:\Program Files (x86)\Microsoft Visual Studio 12.0\VC\bin\x86_amd64\CL.exe /c /Zi /W3 /WX- /Od /Ob0 /D WIN32 /D _WINDOWS /D CHECK_FUNCTION_EXISTS=vasprintf /D WIN32_LEAN_AND_MEAN=1 /D NOGDI=1 /D _DEBUG /D "CMAKE_INTDIR=\"Debug\"" /D _MBCS /Gm- /RTC1 /MDd /GS /fp:precise /Zc:wchar_t /Zc:forScope /Fo"cmTC_5d699.dir\Debug\\" /Fd"cmTC_5d699.dir\Debug\vc120.pdb" /Gd /TC /errorReport:queue "D:\ProgramFiles\CMake\share\cmake-3.3\Modules\CheckFunctionExists.c"
  用于 x64 的 Microsoft (R) C/C++ 优化编译器 18.00.30501 版
  版权所有(C) Microsoft Corporation。  保留所有权利。
  
  cl /c /Zi /W3 /WX- /Od /Ob0 /D WIN32 /D _WINDOWS /D CHECK_FUNCTION_EXISTS=vasprintf /D WIN32_LEAN_AND_MEAN=1 /D NOGDI=1 /D _DEBUG /D "CMAKE_INTDIR=\"Debug\"" /D _MBCS /Gm- /RTC1 /MDd /GS /fp:precise /Zc:wchar_t /Zc:forScope /Fo"cmTC_5d699.dir\Debug\\" /Fd"cmTC_5d699.dir\Debug\vc120.pdb" /Gd /TC /errorReport:queue "D:\ProgramFiles\CMake\share\cmake-3.3\Modules\CheckFunctionExists.c"
  CheckFunctionExists.c
  
Link:
  C:\Program Files (x86)\Microsoft Visual Studio 12.0\VC\bin\x86_amd64\link.exe /ERRORREPORT:QUEUE /OUT:"E:\GitCode\Caffe_Test\src\thirdparty\HDF5\vs2013\CMakeFiles\CMakeTmp\Debug\cmTC_5d699.exe" /INCREMENTAL /NOLOGO kernel32.lib user32.lib gdi32.lib winspool.lib shell32.lib ole32.lib oleaut32.lib uuid.lib comdlg32.lib advapi32.lib ws2_32.lib wsock32.lib /MANIFEST /MANIFESTUAC:"level='asInvoker' uiAccess='false'" /manifest:embed /DEBUG /PDB:"E:/GitCode/Caffe_Test/src/thirdparty/HDF5/vs2013/CMakeFiles/CMakeTmp/Debug/cmTC_5d699.pdb" /SUBSYSTEM:CONSOLE /TLBID:1 /DYNAMICBASE /NXCOMPAT /IMPLIB:"E:/GitCode/Caffe_Test/src/thirdparty/HDF5/vs2013/CMakeFiles/CMakeTmp/Debug/cmTC_5d699.lib" /MACHINE:X64  /machine:x64 /debug cmTC_5d699.dir\Debug\CheckFunctionExists.obj
CheckFunctionExists.obj : error LNK2019: 无法解析的外部符号 vasprintf，该符号在函数 main 中被引用 [E:\GitCode\Caffe_Test\src\thirdparty\HDF5\vs2013\CMakeFiles\CMakeTmp\cmTC_5d699.vcxproj]
E:\GitCode\Caffe_Test\src\thirdparty\HDF5\vs2013\CMakeFiles\CMakeTmp\Debug\cmTC_5d699.exe : fatal error LNK1120: 1 个无法解析的外部命令 [E:\GitCode\Caffe_Test\src\thirdparty\HDF5\vs2013\CMakeFiles\CMakeTmp\cmTC_5d699.vcxproj]
已完成生成项目“E:\GitCode\Caffe_Test\src\thirdparty\HDF5\vs2013\CMakeFiles\CMakeTmp\cmTC_5d699.vcxproj”(默认目标)的操作 - 失败。

生成失败。

“E:\GitCode\Caffe_Test\src\thirdparty\HDF5\vs2013\CMakeFiles\CMakeTmp\cmTC_5d699.vcxproj”(默认目标) (1) ->
(Link 目标) -> 
  CheckFunctionExists.obj : error LNK2019: 无法解析的外部符号 vasprintf，该符号在函数 main 中被引用 [E:\GitCode\Caffe_Test\src\thirdparty\HDF5\vs2013\CMakeFiles\CMakeTmp\cmTC_5d699.vcxproj]
  E:\GitCode\Caffe_Test\src\thirdparty\HDF5\vs2013\CMakeFiles\CMakeTmp\Debug\cmTC_5d699.exe : fatal error LNK1120: 1 个无法解析的外部命令 [E:\GitCode\Caffe_Test\src\thirdparty\HDF5\vs2013\CMakeFiles\CMakeTmp\cmTC_5d699.vcxproj]

    0 个警告
    2 个错误

已用时间 00:00:00.58


Determining if the function waitpid exists failed with the following output:
Change Dir: E:/GitCode/Caffe_Test/src/thirdparty/HDF5/vs2013/CMakeFiles/CMakeTmp

Run Build Command:"C:/Program Files (x86)/MSBuild/12.0/bin/MSBuild.exe" "cmTC_62229.vcxproj" "/p:Configuration=Debug" "/p:VisualStudioVersion=12.0"
Microsoft(R) 生成引擎版本 12.0.30501.0
[Microsoft .NET Framework 版本 4.0.30319.18444]
版权所有 (C) Microsoft Corporation。保留所有权利。

生成启动时间为 2016/3/21 星期一 下午 9:57:00。
节点 1 上的项目“E:\GitCode\Caffe_Test\src\thirdparty\HDF5\vs2013\CMakeFiles\CMakeTmp\cmTC_62229.vcxproj”(默认目标)。
PrepareForBuild:
  正在创建目录“cmTC_62229.dir\Debug\”。
  正在创建目录“E:\GitCode\Caffe_Test\src\thirdparty\HDF5\vs2013\CMakeFiles\CMakeTmp\Debug\”。
  正在创建目录“cmTC_62229.dir\Debug\cmTC_62229.tlog\”。
InitializeBuildStatus:
  正在创建“cmTC_62229.dir\Debug\cmTC_62229.tlog\unsuccessfulbuild”，因为已指定“AlwaysCreate”。
ClCompile:
  C:\Program Files (x86)\Microsoft Visual Studio 12.0\VC\bin\x86_amd64\CL.exe /c /Zi /W3 /WX- /Od /Ob0 /D WIN32 /D _WINDOWS /D CHECK_FUNCTION_EXISTS=waitpid /D WIN32_LEAN_AND_MEAN=1 /D NOGDI=1 /D _DEBUG /D "CMAKE_INTDIR=\"Debug\"" /D _MBCS /Gm- /RTC1 /MDd /GS /fp:precise /Zc:wchar_t /Zc:forScope /Fo"cmTC_62229.dir\Debug\\" /Fd"cmTC_62229.dir\Debug\vc120.pdb" /Gd /TC /errorReport:queue "D:\ProgramFiles\CMake\share\cmake-3.3\Modules\CheckFunctionExists.c"
  用于 x64 的 Microsoft (R) C/C++ 优化编译器 18.00.30501 版
  版权所有(C) Microsoft Corporation。  保留所有权利。
  
  cl /c /Zi /W3 /WX- /Od /Ob0 /D WIN32 /D _WINDOWS /D CHECK_FUNCTION_EXISTS=waitpid /D WIN32_LEAN_AND_MEAN=1 /D NOGDI=1 /D _DEBUG /D "CMAKE_INTDIR=\"Debug\"" /D _MBCS /Gm- /RTC1 /MDd /GS /fp:precise /Zc:wchar_t /Zc:forScope /Fo"cmTC_62229.dir\Debug\\" /Fd"cmTC_62229.dir\Debug\vc120.pdb" /Gd /TC /errorReport:queue "D:\ProgramFiles\CMake\share\cmake-3.3\Modules\CheckFunctionExists.c"
  
  CheckFunctionExists.c
Link:
  C:\Program Files (x86)\Microsoft Visual Studio 12.0\VC\bin\x86_amd64\link.exe /ERRORREPORT:QUEUE /OUT:"E:\GitCode\Caffe_Test\src\thirdparty\HDF5\vs2013\CMakeFiles\CMakeTmp\Debug\cmTC_62229.exe" /INCREMENTAL /NOLOGO kernel32.lib user32.lib gdi32.lib winspool.lib shell32.lib ole32.lib oleaut32.lib uuid.lib comdlg32.lib advapi32.lib ws2_32.lib wsock32.lib /MANIFEST /MANIFESTUAC:"level='asInvoker' uiAccess='false'" /manifest:embed /DEBUG /PDB:"E:/GitCode/Caffe_Test/src/thirdparty/HDF5/vs2013/CMakeFiles/CMakeTmp/Debug/cmTC_62229.pdb" /SUBSYSTEM:CONSOLE /TLBID:1 /DYNAMICBASE /NXCOMPAT /IMPLIB:"E:/GitCode/Caffe_Test/src/thirdparty/HDF5/vs2013/CMakeFiles/CMakeTmp/Debug/cmTC_62229.lib" /MACHINE:X64  /machine:x64 /debug cmTC_62229.dir\Debug\CheckFunctionExists.obj
CheckFunctionExists.obj : error LNK2019: 无法解析的外部符号 waitpid，该符号在函数 main 中被引用 [E:\GitCode\Caffe_Test\src\thirdparty\HDF5\vs2013\CMakeFiles\CMakeTmp\cmTC_62229.vcxproj]
E:\GitCode\Caffe_Test\src\thirdparty\HDF5\vs2013\CMakeFiles\CMakeTmp\Debug\cmTC_62229.exe : fatal error LNK1120: 1 个无法解析的外部命令 [E:\GitCode\Caffe_Test\src\thirdparty\HDF5\vs2013\CMakeFiles\CMakeTmp\cmTC_62229.vcxproj]
已完成生成项目“E:\GitCode\Caffe_Test\src\thirdparty\HDF5\vs2013\CMakeFiles\CMakeTmp\cmTC_62229.vcxproj”(默认目标)的操作 - 失败。

生成失败。

“E:\GitCode\Caffe_Test\src\thirdparty\HDF5\vs2013\CMakeFiles\CMakeTmp\cmTC_62229.vcxproj”(默认目标) (1) ->
(Link 目标) -> 
  CheckFunctionExists.obj : error LNK2019: 无法解析的外部符号 waitpid，该符号在函数 main 中被引用 [E:\GitCode\Caffe_Test\src\thirdparty\HDF5\vs2013\CMakeFiles\CMakeTmp\cmTC_62229.vcxproj]
  E:\GitCode\Caffe_Test\src\thirdparty\HDF5\vs2013\CMakeFiles\CMakeTmp\Debug\cmTC_62229.exe : fatal error LNK1120: 1 个无法解析的外部命令 [E:\GitCode\Caffe_Test\src\thirdparty\HDF5\vs2013\CMakeFiles\CMakeTmp\cmTC_62229.vcxproj]

    0 个警告
    2 个错误

已用时间 00:00:00.57


Determining if the sigsetjmp exist failed with the following output:
Change Dir: E:/GitCode/Caffe_Test/src/thirdparty/HDF5/vs2013/CMakeFiles/CMakeTmp

Run Build Command:"C:/Program Files (x86)/MSBuild/12.0/bin/MSBuild.exe" "cmTC_e1106.vcxproj" "/p:Configuration=Debug" "/p:VisualStudioVersion=12.0"
Microsoft(R) 生成引擎版本 12.0.30501.0
[Microsoft .NET Framework 版本 4.0.30319.18444]
版权所有 (C) Microsoft Corporation。保留所有权利。

生成启动时间为 2016/3/21 星期一 下午 9:57:02。
节点 1 上的项目“E:\GitCode\Caffe_Test\src\thirdparty\HDF5\vs2013\CMakeFiles\CMakeTmp\cmTC_e1106.vcxproj”(默认目标)。
PrepareForBuild:
  正在创建目录“cmTC_e1106.dir\Debug\”。
  正在创建目录“E:\GitCode\Caffe_Test\src\thirdparty\HDF5\vs2013\CMakeFiles\CMakeTmp\Debug\”。
  正在创建目录“cmTC_e1106.dir\Debug\cmTC_e1106.tlog\”。
InitializeBuildStatus:
  正在创建“cmTC_e1106.dir\Debug\cmTC_e1106.tlog\unsuccessfulbuild”，因为已指定“AlwaysCreate”。
ClCompile:
  C:\Program Files (x86)\Microsoft Visual Studio 12.0\VC\bin\x86_amd64\CL.exe /c /Zi /W3 /WX- /Od /Ob0 /D WIN32 /D _WINDOWS /D WIN32_LEAN_AND_MEAN=1 /D NOGDI=1 /D _DEBUG /D "CMAKE_INTDIR=\"Debug\"" /D _MBCS /Gm- /RTC1 /MDd /GS /fp:precise /Zc:wchar_t /Zc:forScope /Fo"cmTC_e1106.dir\Debug\\" /Fd"cmTC_e1106.dir\Debug\vc120.pdb" /Gd /TC /errorReport:queue E:\GitCode\Caffe_Test\src\thirdparty\HDF5\vs2013\CMakeFiles\CMakeTmp\CheckSymbolExists.c
  用于 x64 的 Microsoft (R) C/C++ 优化编译器 18.00.30501 版
  版权所有(C) Microsoft Corporation。  保留所有权利。
  
  cl /c /Zi /W3 /WX- /Od /Ob0 /D WIN32 /D _WINDOWS /D WIN32_LEAN_AND_MEAN=1 /D NOGDI=1 /D _DEBUG /D "CMAKE_INTDIR=\"Debug\"" /D _MBCS /Gm- /RTC1 /MDd /GS /fp:precise /Zc:wchar_t /Zc:forScope /Fo"cmTC_e1106.dir\Debug\\" /Fd"cmTC_e1106.dir\Debug\vc120.pdb" /Gd /TC /errorReport:queue E:\GitCode\Caffe_Test\src\thirdparty\HDF5\vs2013\CMakeFiles\CMakeTmp\CheckSymbolExists.c
  
  CheckSymbolExists.c
E:\GitCode\Caffe_Test\src\thirdparty\HDF5\vs2013\CMakeFiles\CMakeTmp\CheckSymbolExists.c(8): error C2065: “sigsetjmp”: 未声明的标识符 [E:\GitCode\Caffe_Test\src\thirdparty\HDF5\vs2013\CMakeFiles\CMakeTmp\cmTC_e1106.vcxproj]
已完成生成项目“E:\GitCode\Caffe_Test\src\thirdparty\HDF5\vs2013\CMakeFiles\CMakeTmp\cmTC_e1106.vcxproj”(默认目标)的操作 - 失败。

生成失败。

“E:\GitCode\Caffe_Test\src\thirdparty\HDF5\vs2013\CMakeFiles\CMakeTmp\cmTC_e1106.vcxproj”(默认目标) (1) ->
(ClCompile 目标) -> 
  E:\GitCode\Caffe_Test\src\thirdparty\HDF5\vs2013\CMakeFiles\CMakeTmp\CheckSymbolExists.c(8): error C2065: “sigsetjmp”: 未声明的标识符 [E:\GitCode\Caffe_Test\src\thirdparty\HDF5\vs2013\CMakeFiles\CMakeTmp\cmTC_e1106.vcxproj]

    0 个警告
    1 个错误

已用时间 00:00:00.42

File E:/GitCode/Caffe_Test/src/thirdparty/HDF5/vs2013/CMakeFiles/CMakeTmp/CheckSymbolExists.c:
/* */
#include <setjmp.h>

int main(int argc, char** argv)
{
  (void)argv;
#ifndef sigsetjmp
  return ((int*)(&sigsetjmp))[argc];
#else
  (void)argc;
  return 0;
#endif
}

Performing CXX Test OLD_HEADER_FILENAME failed with the following output:
Change Dir: E:/GitCode/Caffe_Test/src/thirdparty/HDF5/vs2013/CMakeFiles/CMakeTmp

Run Build Command:"C:/Program Files (x86)/MSBuild/12.0/bin/MSBuild.exe" "cmTC_e78b3.vcxproj" "/p:Configuration=Debug" "/p:VisualStudioVersion=12.0"
Microsoft(R) 生成引擎版本 12.0.30501.0
[Microsoft .NET Framework 版本 4.0.30319.18444]
版权所有 (C) Microsoft Corporation。保留所有权利。

生成启动时间为 2016/3/21 星期一 下午 9:57:03。
节点 1 上的项目“E:\GitCode\Caffe_Test\src\thirdparty\HDF5\vs2013\CMakeFiles\CMakeTmp\cmTC_e78b3.vcxproj”(默认目标)。
PrepareForBuild:
  正在创建目录“cmTC_e78b3.dir\Debug\”。
  正在创建目录“E:\GitCode\Caffe_Test\src\thirdparty\HDF5\vs2013\CMakeFiles\CMakeTmp\Debug\”。
  正在创建目录“cmTC_e78b3.dir\Debug\cmTC_e78b3.tlog\”。
InitializeBuildStatus:
  正在创建“cmTC_e78b3.dir\Debug\cmTC_e78b3.tlog\unsuccessfulbuild”，因为已指定“AlwaysCreate”。
ClCompile:
  C:\Program Files (x86)\Microsoft Visual Studio 12.0\VC\bin\x86_amd64\CL.exe /c /Zi /W3 /WX- /Od /Ob0 /D WIN32 /D _WINDOWS /D OLD_HEADER_FILENAME /D WIN32_LEAN_AND_MEAN=1 /D NOGDI=1 /D HAVE_SYS_TYPES_H /D _DEBUG /D "CMAKE_INTDIR=\"Debug\"" /D _MBCS /Gm- /EHsc /RTC1 /MDd /GS /fp:precise /Zc:wchar_t /Zc:forScope /GR /Fo"cmTC_e78b3.dir\Debug\\" /Fd"cmTC_e78b3.dir\Debug\vc120.pdb" /Gd /TP /errorReport:queue "E:\GitCode\Caffe_Test\src\thirdparty\HDF5\hdf5-1.8.15-patch1\config\cmake_ext_mod\HDFCXXTests.cpp"
  用于 x64 的 Microsoft (R) C/C++ 优化编译器 18.00.30501 版
  版权所有(C) Microsoft Corporation。  保留所有权利。
  
  cl /c /Zi /W3 /WX- /Od /Ob0 /D WIN32 /D _WINDOWS /D OLD_HEADER_FILENAME /D WIN32_LEAN_AND_MEAN=1 /D NOGDI=1 /D HAVE_SYS_TYPES_H /D _DEBUG /D "CMAKE_INTDIR=\"Debug\"" /D _MBCS /Gm- /EHsc /RTC1 /MDd /GS /fp:precise /Zc:wchar_t /Zc:forScope /GR /Fo"cmTC_e78b3.dir\Debug\\" /Fd"cmTC_e78b3.dir\Debug\vc120.pdb" /Gd /TP /errorReport:queue "E:\GitCode\Caffe_Test\src\thirdparty\HDF5\hdf5-1.8.15-patch1\config\cmake_ext_mod\HDFCXXTests.cpp"
  
  HDFCXXTests.cpp
Link:
  C:\Program Files (x86)\Microsoft Visual Studio 12.0\VC\bin\x86_amd64\link.exe /ERRORREPORT:QUEUE /OUT:"E:\GitCode\Caffe_Test\src\thirdparty\HDF5\vs2013\CMakeFiles\CMakeTmp\Debug\cmTC_e78b3.exe" /INCREMENTAL /NOLOGO kernel32.lib user32.lib gdi32.lib winspool.lib shell32.lib ole32.lib oleaut32.lib uuid.lib comdlg32.lib advapi32.lib ws2_32.lib wsock32.lib /MANIFEST /MANIFESTUAC:"level='asInvoker' uiAccess='false'" /manifest:embed /DEBUG /PDB:"E:/GitCode/Caffe_Test/src/thirdparty/HDF5/vs2013/CMakeFiles/CMakeTmp/Debug/cmTC_e78b3.pdb" /SUBSYSTEM:CONSOLE /TLBID:1 /DYNAMICBASE /NXCOMPAT /IMPLIB:"E:/GitCode/Caffe_Test/src/thirdparty/HDF5/vs2013/CMakeFiles/CMakeTmp/Debug/cmTC_e78b3.lib" /MACHINE:X64  /machine:x64 /debug cmTC_e78b3.dir\Debug\HDFCXXTests.obj
  cmTC_e78b3.vcxproj -> E:\GitCode\Caffe_Test\src\thirdparty\HDF5\vs2013\CMakeFiles\CMakeTmp\Debug\cmTC_e78b3.exe
FinalizeBuildStatus:
  正在删除文件“cmTC_e78b3.dir\Debug\cmTC_e78b3.tlog\unsuccessfulbuild”。
  正在对“cmTC_e78b3.dir\Debug\cmTC_e78b3.tlog\cmTC_e78b3.lastbuildstate”执行 Touch 任务。
已完成生成项目“E:\GitCode\Caffe_Test\src\thirdparty\HDF5\vs2013\CMakeFiles\CMakeTmp\cmTC_e78b3.vcxproj”(默认目标)的操作。

已成功生成。
    0 个警告
    0 个错误

已用时间 00:00:01.46

Performing CXX Test H5_NO_NAMESPACE failed with the following output:
Change Dir: E:/GitCode/Caffe_Test/src/thirdparty/HDF5/vs2013/CMakeFiles/CMakeTmp

Run Build Command:"C:/Program Files (x86)/MSBuild/12.0/bin/MSBuild.exe" "cmTC_53081.vcxproj" "/p:Configuration=Debug" "/p:VisualStudioVersion=12.0"
Microsoft(R) 生成引擎版本 12.0.30501.0
[Microsoft .NET Framework 版本 4.0.30319.18444]
版权所有 (C) Microsoft Corporation。保留所有权利。

生成启动时间为 2016/3/21 星期一 下午 9:57:05。
节点 1 上的项目“E:\GitCode\Caffe_Test\src\thirdparty\HDF5\vs2013\CMakeFiles\CMakeTmp\cmTC_53081.vcxproj”(默认目标)。
PrepareForBuild:
  正在创建目录“cmTC_53081.dir\Debug\”。
  正在创建目录“E:\GitCode\Caffe_Test\src\thirdparty\HDF5\vs2013\CMakeFiles\CMakeTmp\Debug\”。
  正在创建目录“cmTC_53081.dir\Debug\cmTC_53081.tlog\”。
InitializeBuildStatus:
  正在创建“cmTC_53081.dir\Debug\cmTC_53081.tlog\unsuccessfulbuild”，因为已指定“AlwaysCreate”。
ClCompile:
  C:\Program Files (x86)\Microsoft Visual Studio 12.0\VC\bin\x86_amd64\CL.exe /c /Zi /W3 /WX- /Od /Ob0 /D WIN32 /D _WINDOWS /D H5_NO_NAMESPACE /D WIN32_LEAN_AND_MEAN=1 /D NOGDI=1 /D HAVE_SYS_TYPES_H /D _DEBUG /D "CMAKE_INTDIR=\"Debug\"" /D _MBCS /Gm- /EHsc /RTC1 /MDd /GS /fp:precise /Zc:wchar_t /Zc:forScope /GR /Fo"cmTC_53081.dir\Debug\\" /Fd"cmTC_53081.dir\Debug\vc120.pdb" /Gd /TP /errorReport:queue "E:\GitCode\Caffe_Test\src\thirdparty\HDF5\hdf5-1.8.15-patch1\config\cmake_ext_mod\HDFCXXTests.cpp"
  用于 x64 的 Microsoft (R) C/C++ 优化编译器 18.00.30501 版
  版权所有(C) Microsoft Corporation。  保留所有权利。
  
  cl /c /Zi /W3 /WX- /Od /Ob0 /D WIN32 /D _WINDOWS /D H5_NO_NAMESPACE /D WIN32_LEAN_AND_MEAN=1 /D NOGDI=1 /D HAVE_SYS_TYPES_H /D _DEBUG /D "CMAKE_INTDIR=\"Debug\"" /D _MBCS /Gm- /EHsc /RTC1 /MDd /GS /fp:precise /Zc:wchar_t /Zc:forScope /GR /Fo"cmTC_53081.dir\Debug\\" /Fd"cmTC_53081.dir\Debug\vc120.pdb" /Gd /TP /errorReport:queue "E:\GitCode\Caffe_Test\src\thirdparty\HDF5\hdf5-1.8.15-patch1\config\cmake_ext_mod\HDFCXXTests.cpp"
  
  HDFCXXTests.cpp
Link:
  C:\Program Files (x86)\Microsoft Visual Studio 12.0\VC\bin\x86_amd64\link.exe /ERRORREPORT:QUEUE /OUT:"E:\GitCode\Caffe_Test\src\thirdparty\HDF5\vs2013\CMakeFiles\CMakeTmp\Debug\cmTC_53081.exe" /INCREMENTAL /NOLOGO kernel32.lib user32.lib gdi32.lib winspool.lib shell32.lib ole32.lib oleaut32.lib uuid.lib comdlg32.lib advapi32.lib ws2_32.lib wsock32.lib /MANIFEST /MANIFESTUAC:"level='asInvoker' uiAccess='false'" /manifest:embed /DEBUG /PDB:"E:/GitCode/Caffe_Test/src/thirdparty/HDF5/vs2013/CMakeFiles/CMakeTmp/Debug/cmTC_53081.pdb" /SUBSYSTEM:CONSOLE /TLBID:1 /DYNAMICBASE /NXCOMPAT /IMPLIB:"E:/GitCode/Caffe_Test/src/thirdparty/HDF5/vs2013/CMakeFiles/CMakeTmp/Debug/cmTC_53081.lib" /MACHINE:X64  /machine:x64 /debug cmTC_53081.dir\Debug\HDFCXXTests.obj
MSVCRTD.lib(crtexe.obj) : error LNK2019: 无法解析的外部符号 main，该符号在函数 __tmainCRTStartup 中被引用 [E:\GitCode\Caffe_Test\src\thirdparty\HDF5\vs2013\CMakeFiles\CMakeTmp\cmTC_53081.vcxproj]
E:\GitCode\Caffe_Test\src\thirdparty\HDF5\vs2013\CMakeFiles\CMakeTmp\Debug\cmTC_53081.exe : fatal error LNK1120: 1 个无法解析的外部命令 [E:\GitCode\Caffe_Test\src\thirdparty\HDF5\vs2013\CMakeFiles\CMakeTmp\cmTC_53081.vcxproj]
已完成生成项目“E:\GitCode\Caffe_Test\src\thirdparty\HDF5\vs2013\CMakeFiles\CMakeTmp\cmTC_53081.vcxproj”(默认目标)的操作 - 失败。

生成失败。

“E:\GitCode\Caffe_Test\src\thirdparty\HDF5\vs2013\CMakeFiles\CMakeTmp\cmTC_53081.vcxproj”(默认目标) (1) ->
(Link 目标) -> 
  MSVCRTD.lib(crtexe.obj) : error LNK2019: 无法解析的外部符号 main，该符号在函数 __tmainCRTStartup 中被引用 [E:\GitCode\Caffe_Test\src\thirdparty\HDF5\vs2013\CMakeFiles\CMakeTmp\cmTC_53081.vcxproj]
  E:\GitCode\Caffe_Test\src\thirdparty\HDF5\vs2013\CMakeFiles\CMakeTmp\Debug\cmTC_53081.exe : fatal error LNK1120: 1 个无法解析的外部命令 [E:\GitCode\Caffe_Test\src\thirdparty\HDF5\vs2013\CMakeFiles\CMakeTmp\cmTC_53081.vcxproj]

    0 个警告
    2 个错误

已用时间 00:00:00.58

Performing CXX Test H5_NO_STD failed with the following output:
Change Dir: E:/GitCode/Caffe_Test/src/thirdparty/HDF5/vs2013/CMakeFiles/CMakeTmp

Run Build Command:"C:/Program Files (x86)/MSBuild/12.0/bin/MSBuild.exe" "cmTC_5366b.vcxproj" "/p:Configuration=Debug" "/p:VisualStudioVersion=12.0"
Microsoft(R) 生成引擎版本 12.0.30501.0
[Microsoft .NET Framework 版本 4.0.30319.18444]
版权所有 (C) Microsoft Corporation。保留所有权利。

生成启动时间为 2016/3/21 星期一 下午 9:57:06。
节点 1 上的项目“E:\GitCode\Caffe_Test\src\thirdparty\HDF5\vs2013\CMakeFiles\CMakeTmp\cmTC_5366b.vcxproj”(默认目标)。
PrepareForBuild:
  正在创建目录“cmTC_5366b.dir\Debug\”。
  正在创建目录“E:\GitCode\Caffe_Test\src\thirdparty\HDF5\vs2013\CMakeFiles\CMakeTmp\Debug\”。
  正在创建目录“cmTC_5366b.dir\Debug\cmTC_5366b.tlog\”。
InitializeBuildStatus:
  正在创建“cmTC_5366b.dir\Debug\cmTC_5366b.tlog\unsuccessfulbuild”，因为已指定“AlwaysCreate”。
ClCompile:
  C:\Program Files (x86)\Microsoft Visual Studio 12.0\VC\bin\x86_amd64\CL.exe /c /Zi /W3 /WX- /Od /Ob0 /D WIN32 /D _WINDOWS /D H5_NO_STD /D WIN32_LEAN_AND_MEAN=1 /D NOGDI=1 /D HAVE_SYS_TYPES_H /D _DEBUG /D "CMAKE_INTDIR=\"Debug\"" /D _MBCS /Gm- /EHsc /RTC1 /MDd /GS /fp:precise /Zc:wchar_t /Zc:forScope /GR /Fo"cmTC_5366b.dir\Debug\\" /Fd"cmTC_5366b.dir\Debug\vc120.pdb" /Gd /TP /errorReport:queue "E:\GitCode\Caffe_Test\src\thirdparty\HDF5\hdf5-1.8.15-patch1\config\cmake_ext_mod\HDFCXXTests.cpp"
  用于 x64 的 Microsoft (R) C/C++ 优化编译器 18.00.30501 版
  版权所有(C) Microsoft Corporation。  保留所有权利。
  
  cl /c /Zi /W3 /WX- /Od /Ob0 /D WIN32 /D _WINDOWS /D H5_NO_STD /D WIN32_LEAN_AND_MEAN=1 /D NOGDI=1 /D HAVE_SYS_TYPES_H /D _DEBUG /D "CMAKE_INTDIR=\"Debug\"" /D _MBCS /Gm- /EHsc /RTC1 /MDd /GS /fp:precise /Zc:wchar_t /Zc:forScope /GR /Fo"cmTC_5366b.dir\Debug\\" /Fd"cmTC_5366b.dir\Debug\vc120.pdb" /Gd /TP /errorReport:queue "E:\GitCode\Caffe_Test\src\thirdparty\HDF5\hdf5-1.8.15-patch1\config\cmake_ext_mod\HDFCXXTests.cpp"
  
  HDFCXXTests.cpp
Link:
  C:\Program Files (x86)\Microsoft Visual Studio 12.0\VC\bin\x86_amd64\link.exe /ERRORREPORT:QUEUE /OUT:"E:\GitCode\Caffe_Test\src\thirdparty\HDF5\vs2013\CMakeFiles\CMakeTmp\Debug\cmTC_5366b.exe" /INCREMENTAL /NOLOGO kernel32.lib user32.lib gdi32.lib winspool.lib shell32.lib ole32.lib oleaut32.lib uuid.lib comdlg32.lib advapi32.lib ws2_32.lib wsock32.lib /MANIFEST /MANIFESTUAC:"level='asInvoker' uiAccess='false'" /manifest:embed /DEBUG /PDB:"E:/GitCode/Caffe_Test/src/thirdparty/HDF5/vs2013/CMakeFiles/CMakeTmp/Debug/cmTC_5366b.pdb" /SUBSYSTEM:CONSOLE /TLBID:1 /DYNAMICBASE /NXCOMPAT /IMPLIB:"E:/GitCode/Caffe_Test/src/thirdparty/HDF5/vs2013/CMakeFiles/CMakeTmp/Debug/cmTC_5366b.lib" /MACHINE:X64  /machine:x64 /debug cmTC_5366b.dir\Debug\HDFCXXTests.obj
MSVCRTD.lib(crtexe.obj) : error LNK2019: 无法解析的外部符号 main，该符号在函数 __tmainCRTStartup 中被引用 [E:\GitCode\Caffe_Test\src\thirdparty\HDF5\vs2013\CMakeFiles\CMakeTmp\cmTC_5366b.vcxproj]
E:\GitCode\Caffe_Test\src\thirdparty\HDF5\vs2013\CMakeFiles\CMakeTmp\Debug\cmTC_5366b.exe : fatal error LNK1120: 1 个无法解析的外部命令 [E:\GitCode\Caffe_Test\src\thirdparty\HDF5\vs2013\CMakeFiles\CMakeTmp\cmTC_5366b.vcxproj]
已完成生成项目“E:\GitCode\Caffe_Test\src\thirdparty\HDF5\vs2013\CMakeFiles\CMakeTmp\cmTC_5366b.vcxproj”(默认目标)的操作 - 失败。

生成失败。

“E:\GitCode\Caffe_Test\src\thirdparty\HDF5\vs2013\CMakeFiles\CMakeTmp\cmTC_5366b.vcxproj”(默认目标) (1) ->
(Link 目标) -> 
  MSVCRTD.lib(crtexe.obj) : error LNK2019: 无法解析的外部符号 main，该符号在函数 __tmainCRTStartup 中被引用 [E:\GitCode\Caffe_Test\src\thirdparty\HDF5\vs2013\CMakeFiles\CMakeTmp\cmTC_5366b.vcxproj]
  E:\GitCode\Caffe_Test\src\thirdparty\HDF5\vs2013\CMakeFiles\CMakeTmp\Debug\cmTC_5366b.exe : fatal error LNK1120: 1 个无法解析的外部命令 [E:\GitCode\Caffe_Test\src\thirdparty\HDF5\vs2013\CMakeFiles\CMakeTmp\cmTC_5366b.vcxproj]

    0 个警告
    2 个错误

已用时间 00:00:00.59

Performing CXX Test BOOL_NOTDEFINED failed with the following output:
Change Dir: E:/GitCode/Caffe_Test/src/thirdparty/HDF5/vs2013/CMakeFiles/CMakeTmp

Run Build Command:"C:/Program Files (x86)/MSBuild/12.0/bin/MSBuild.exe" "cmTC_e2cc9.vcxproj" "/p:Configuration=Debug" "/p:VisualStudioVersion=12.0"
Microsoft(R) 生成引擎版本 12.0.30501.0
[Microsoft .NET Framework 版本 4.0.30319.18444]
版权所有 (C) Microsoft Corporation。保留所有权利。

生成启动时间为 2016/3/21 星期一 下午 9:57:07。
节点 1 上的项目“E:\GitCode\Caffe_Test\src\thirdparty\HDF5\vs2013\CMakeFiles\CMakeTmp\cmTC_e2cc9.vcxproj”(默认目标)。
PrepareForBuild:
  正在创建目录“cmTC_e2cc9.dir\Debug\”。
  正在创建目录“E:\GitCode\Caffe_Test\src\thirdparty\HDF5\vs2013\CMakeFiles\CMakeTmp\Debug\”。
  正在创建目录“cmTC_e2cc9.dir\Debug\cmTC_e2cc9.tlog\”。
InitializeBuildStatus:
  正在创建“cmTC_e2cc9.dir\Debug\cmTC_e2cc9.tlog\unsuccessfulbuild”，因为已指定“AlwaysCreate”。
ClCompile:
  C:\Program Files (x86)\Microsoft Visual Studio 12.0\VC\bin\x86_amd64\CL.exe /c /Zi /W3 /WX- /Od /Ob0 /D WIN32 /D _WINDOWS /D BOOL_NOTDEFINED /D WIN32_LEAN_AND_MEAN=1 /D NOGDI=1 /D HAVE_SYS_TYPES_H /D _DEBUG /D "CMAKE_INTDIR=\"Debug\"" /D _MBCS /Gm- /EHsc /RTC1 /MDd /GS /fp:precise /Zc:wchar_t /Zc:forScope /GR /Fo"cmTC_e2cc9.dir\Debug\\" /Fd"cmTC_e2cc9.dir\Debug\vc120.pdb" /Gd /TP /errorReport:queue "E:\GitCode\Caffe_Test\src\thirdparty\HDF5\hdf5-1.8.15-patch1\config\cmake_ext_mod\HDFCXXTests.cpp"
  用于 x64 的 Microsoft (R) C/C++ 优化编译器 18.00.30501 版
  版权所有(C) Microsoft Corporation。  保留所有权利。
  
  cl /c /Zi /W3 /WX- /Od /Ob0 /D WIN32 /D _WINDOWS /D BOOL_NOTDEFINED /D WIN32_LEAN_AND_MEAN=1 /D NOGDI=1 /D HAVE_SYS_TYPES_H /D _DEBUG /D "CMAKE_INTDIR=\"Debug\"" /D _MBCS /Gm- /EHsc /RTC1 /MDd /GS /fp:precise /Zc:wchar_t /Zc:forScope /GR /Fo"cmTC_e2cc9.dir\Debug\\" /Fd"cmTC_e2cc9.dir\Debug\vc120.pdb" /Gd /TP /errorReport:queue "E:\GitCode\Caffe_Test\src\thirdparty\HDF5\hdf5-1.8.15-patch1\config\cmake_ext_mod\HDFCXXTests.cpp"
  
  HDFCXXTests.cpp
E:\GitCode\Caffe_Test\src\thirdparty\HDF5\hdf5-1.8.15-patch1\config\cmake_ext_mod\HDFCXXTests.cpp(40): warning C4101: “flag”: 未引用的局部变量 [E:\GitCode\Caffe_Test\src\thirdparty\HDF5\vs2013\CMakeFiles\CMakeTmp\cmTC_e2cc9.vcxproj]
Link:
  C:\Program Files (x86)\Microsoft Visual Studio 12.0\VC\bin\x86_amd64\link.exe /ERRORREPORT:QUEUE /OUT:"E:\GitCode\Caffe_Test\src\thirdparty\HDF5\vs2013\CMakeFiles\CMakeTmp\Debug\cmTC_e2cc9.exe" /INCREMENTAL /NOLOGO kernel32.lib user32.lib gdi32.lib winspool.lib shell32.lib ole32.lib oleaut32.lib uuid.lib comdlg32.lib advapi32.lib ws2_32.lib wsock32.lib /MANIFEST /MANIFESTUAC:"level='asInvoker' uiAccess='false'" /manifest:embed /DEBUG /PDB:"E:/GitCode/Caffe_Test/src/thirdparty/HDF5/vs2013/CMakeFiles/CMakeTmp/Debug/cmTC_e2cc9.pdb" /SUBSYSTEM:CONSOLE /TLBID:1 /DYNAMICBASE /NXCOMPAT /IMPLIB:"E:/GitCode/Caffe_Test/src/thirdparty/HDF5/vs2013/CMakeFiles/CMakeTmp/Debug/cmTC_e2cc9.lib" /MACHINE:X64  /machine:x64 /debug cmTC_e2cc9.dir\Debug\HDFCXXTests.obj
  cmTC_e2cc9.vcxproj -> E:\GitCode\Caffe_Test\src\thirdparty\HDF5\vs2013\CMakeFiles\CMakeTmp\Debug\cmTC_e2cc9.exe
FinalizeBuildStatus:
  正在删除文件“cmTC_e2cc9.dir\Debug\cmTC_e2cc9.tlog\unsuccessfulbuild”。
  正在对“cmTC_e2cc9.dir\Debug\cmTC_e2cc9.tlog\cmTC_e2cc9.lastbuildstate”执行 Touch 任务。
已完成生成项目“E:\GitCode\Caffe_Test\src\thirdparty\HDF5\vs2013\CMakeFiles\CMakeTmp\cmTC_e2cc9.vcxproj”(默认目标)的操作。

已成功生成。

“E:\GitCode\Caffe_Test\src\thirdparty\HDF5\vs2013\CMakeFiles\CMakeTmp\cmTC_e2cc9.vcxproj”(默认目标) (1) ->
(ClCompile 目标) -> 
  E:\GitCode\Caffe_Test\src\thirdparty\HDF5\hdf5-1.8.15-patch1\config\cmake_ext_mod\HDFCXXTests.cpp(40): warning C4101: “flag”: 未引用的局部变量 [E:\GitCode\Caffe_Test\src\thirdparty\HDF5\vs2013\CMakeFiles\CMakeTmp\cmTC_e2cc9.vcxproj]

    1 个警告
    0 个错误

已用时间 00:00:00.69

Performing CXX Test NO_STATIC_CAST failed with the following output:
Change Dir: E:/GitCode/Caffe_Test/src/thirdparty/HDF5/vs2013/CMakeFiles/CMakeTmp

Run Build Command:"C:/Program Files (x86)/MSBuild/12.0/bin/MSBuild.exe" "cmTC_09d61.vcxproj" "/p:Configuration=Debug" "/p:VisualStudioVersion=12.0"
Microsoft(R) 生成引擎版本 12.0.30501.0
[Microsoft .NET Framework 版本 4.0.30319.18444]
版权所有 (C) Microsoft Corporation。保留所有权利。

生成启动时间为 2016/3/21 星期一 下午 9:57:08。
节点 1 上的项目“E:\GitCode\Caffe_Test\src\thirdparty\HDF5\vs2013\CMakeFiles\CMakeTmp\cmTC_09d61.vcxproj”(默认目标)。
PrepareForBuild:
  正在创建目录“cmTC_09d61.dir\Debug\”。
  正在创建目录“E:\GitCode\Caffe_Test\src\thirdparty\HDF5\vs2013\CMakeFiles\CMakeTmp\Debug\”。
  正在创建目录“cmTC_09d61.dir\Debug\cmTC_09d61.tlog\”。
InitializeBuildStatus:
  正在创建“cmTC_09d61.dir\Debug\cmTC_09d61.tlog\unsuccessfulbuild”，因为已指定“AlwaysCreate”。
ClCompile:
  C:\Program Files (x86)\Microsoft Visual Studio 12.0\VC\bin\x86_amd64\CL.exe /c /Zi /W3 /WX- /Od /Ob0 /D WIN32 /D _WINDOWS /D NO_STATIC_CAST /D WIN32_LEAN_AND_MEAN=1 /D NOGDI=1 /D HAVE_SYS_TYPES_H /D _DEBUG /D "CMAKE_INTDIR=\"Debug\"" /D _MBCS /Gm- /EHsc /RTC1 /MDd /GS /fp:precise /Zc:wchar_t /Zc:forScope /GR /Fo"cmTC_09d61.dir\Debug\\" /Fd"cmTC_09d61.dir\Debug\vc120.pdb" /Gd /TP /errorReport:queue "E:\GitCode\Caffe_Test\src\thirdparty\HDF5\hdf5-1.8.15-patch1\config\cmake_ext_mod\HDFCXXTests.cpp"
  用于 x64 的 Microsoft (R) C/C++ 优化编译器 18.00.30501 版
  版权所有(C) Microsoft Corporation。  保留所有权利。
  
  cl /c /Zi /W3 /WX- /Od /Ob0 /D WIN32 /D _WINDOWS /D NO_STATIC_CAST /D WIN32_LEAN_AND_MEAN=1 /D NOGDI=1 /D HAVE_SYS_TYPES_H /D _DEBUG /D "CMAKE_INTDIR=\"Debug\"" /D _MBCS /Gm- /EHsc /RTC1 /MDd /GS /fp:precise /Zc:wchar_t /Zc:forScope /GR /Fo"cmTC_09d61.dir\Debug\\" /Fd"cmTC_09d61.dir\Debug\vc120.pdb" /Gd /TP /errorReport:queue "E:\GitCode\Caffe_Test\src\thirdparty\HDF5\hdf5-1.8.15-patch1\config\cmake_ext_mod\HDFCXXTests.cpp"
  
  HDFCXXTests.cpp
Link:
  C:\Program Files (x86)\Microsoft Visual Studio 12.0\VC\bin\x86_amd64\link.exe /ERRORREPORT:QUEUE /OUT:"E:\GitCode\Caffe_Test\src\thirdparty\HDF5\vs2013\CMakeFiles\CMakeTmp\Debug\cmTC_09d61.exe" /INCREMENTAL /NOLOGO kernel32.lib user32.lib gdi32.lib winspool.lib shell32.lib ole32.lib oleaut32.lib uuid.lib comdlg32.lib advapi32.lib ws2_32.lib wsock32.lib /MANIFEST /MANIFESTUAC:"level='asInvoker' uiAccess='false'" /manifest:embed /DEBUG /PDB:"E:/GitCode/Caffe_Test/src/thirdparty/HDF5/vs2013/CMakeFiles/CMakeTmp/Debug/cmTC_09d61.pdb" /SUBSYSTEM:CONSOLE /TLBID:1 /DYNAMICBASE /NXCOMPAT /IMPLIB:"E:/GitCode/Caffe_Test/src/thirdparty/HDF5/vs2013/CMakeFiles/CMakeTmp/Debug/cmTC_09d61.lib" /MACHINE:X64  /machine:x64 /debug cmTC_09d61.dir\Debug\HDFCXXTests.obj
  cmTC_09d61.vcxproj -> E:\GitCode\Caffe_Test\src\thirdparty\HDF5\vs2013\CMakeFiles\CMakeTmp\Debug\cmTC_09d61.exe
FinalizeBuildStatus:
  正在删除文件“cmTC_09d61.dir\Debug\cmTC_09d61.tlog\unsuccessfulbuild”。
  正在对“cmTC_09d61.dir\Debug\cmTC_09d61.tlog\cmTC_09d61.lastbuildstate”执行 Touch 任务。
已完成生成项目“E:\GitCode\Caffe_Test\src\thirdparty\HDF5\vs2013\CMakeFiles\CMakeTmp\cmTC_09d61.vcxproj”(默认目标)的操作。

已成功生成。
    0 个警告
    0 个错误

已用时间 00:00:00.70

Performing Other Test INLINE_TEST_inline failed with the following output:
Change Dir: E:/GitCode/Caffe_Test/src/thirdparty/HDF5/vs2013/CMakeFiles/CMakeTmp

Run Build Command:"C:/Program Files (x86)/MSBuild/12.0/bin/MSBuild.exe" "cmTC_d029c.vcxproj" "/p:Configuration=Debug" "/p:VisualStudioVersion=12.0"
Microsoft(R) 生成引擎版本 12.0.30501.0
[Microsoft .NET Framework 版本 4.0.30319.18444]
版权所有 (C) Microsoft Corporation。保留所有权利。

生成启动时间为 2016/3/21 星期一 下午 9:57:10。
节点 1 上的项目“E:\GitCode\Caffe_Test\src\thirdparty\HDF5\vs2013\CMakeFiles\CMakeTmp\cmTC_d029c.vcxproj”(默认目标)。
PrepareForBuild:
  正在创建目录“cmTC_d029c.dir\Debug\”。
  正在创建目录“E:\GitCode\Caffe_Test\src\thirdparty\HDF5\vs2013\CMakeFiles\CMakeTmp\Debug\”。
  正在创建目录“cmTC_d029c.dir\Debug\cmTC_d029c.tlog\”。
InitializeBuildStatus:
  正在创建“cmTC_d029c.dir\Debug\cmTC_d029c.tlog\unsuccessfulbuild”，因为已指定“AlwaysCreate”。
ClCompile:
  C:\Program Files (x86)\Microsoft Visual Studio 12.0\VC\bin\x86_amd64\CL.exe /c /Zi /W3 /WX- /Od /Ob0 /D WIN32 /D _WINDOWS /D INLINE_TEST_inline /D WIN32_LEAN_AND_MEAN=1 /D NOGDI=1 /D INLINE_TEST_INLINE=inline /D HAVE_SYS_TYPES_H /D _DEBUG /D "CMAKE_INTDIR=\"Debug\"" /D _MBCS /Gm- /RTC1 /MDd /GS /fp:precise /Zc:wchar_t /Zc:forScope /Fo"cmTC_d029c.dir\Debug\\" /Fd"cmTC_d029c.dir\Debug\vc120.pdb" /Gd /TC /errorReport:queue "E:\GitCode\Caffe_Test\src\thirdparty\HDF5\hdf5-1.8.15-patch1\config\cmake_ext_mod\HDFTests.c"
  用于 x64 的 Microsoft (R) C/C++ 优化编译器 18.00.30501 版
  版权所有(C) Microsoft Corporation。  保留所有权利。
  
  cl /c /Zi /W3 /WX- /Od /Ob0 /D WIN32 /D _WINDOWS /D INLINE_TEST_inline /D WIN32_LEAN_AND_MEAN=1 /D NOGDI=1 /D INLINE_TEST_INLINE=inline /D HAVE_SYS_TYPES_H /D _DEBUG /D "CMAKE_INTDIR=\"Debug\"" /D _MBCS /Gm- /RTC1 /MDd /GS /fp:precise /Zc:wchar_t /Zc:forScope /Fo"cmTC_d029c.dir\Debug\\" /Fd"cmTC_d029c.dir\Debug\vc120.pdb" /Gd /TC /errorReport:queue "E:\GitCode\Caffe_Test\src\thirdparty\HDF5\hdf5-1.8.15-patch1\config\cmake_ext_mod\HDFTests.c"
  
  HDFTests.c
E:\GitCode\Caffe_Test\src\thirdparty\HDF5\hdf5-1.8.15-patch1\config\cmake_ext_mod\HDFTests.c(461): error C2054: 在“inline”之后应输入“(” [E:\GitCode\Caffe_Test\src\thirdparty\HDF5\vs2013\CMakeFiles\CMakeTmp\cmTC_d029c.vcxproj]
E:\GitCode\Caffe_Test\src\thirdparty\HDF5\hdf5-1.8.15-patch1\config\cmake_ext_mod\HDFTests.c(461): error C2085: “static_foo”: 不在形参表中 [E:\GitCode\Caffe_Test\src\thirdparty\HDF5\vs2013\CMakeFiles\CMakeTmp\cmTC_d029c.vcxproj]
E:\GitCode\Caffe_Test\src\thirdparty\HDF5\hdf5-1.8.15-patch1\config\cmake_ext_mod\HDFTests.c(461): error C2143: 语法错误 : 缺少“;”(在“{”的前面) [E:\GitCode\Caffe_Test\src\thirdparty\HDF5\vs2013\CMakeFiles\CMakeTmp\cmTC_d029c.vcxproj]
E:\GitCode\Caffe_Test\src\thirdparty\HDF5\hdf5-1.8.15-patch1\config\cmake_ext_mod\HDFTests.c(462): error C2054: 在“inline”之后应输入“(” [E:\GitCode\Caffe_Test\src\thirdparty\HDF5\vs2013\CMakeFiles\CMakeTmp\cmTC_d029c.vcxproj]
E:\GitCode\Caffe_Test\src\thirdparty\HDF5\hdf5-1.8.15-patch1\config\cmake_ext_mod\HDFTests.c(462): error C2085: “foo”: 不在形参表中 [E:\GitCode\Caffe_Test\src\thirdparty\HDF5\vs2013\CMakeFiles\CMakeTmp\cmTC_d029c.vcxproj]
E:\GitCode\Caffe_Test\src\thirdparty\HDF5\hdf5-1.8.15-patch1\config\cmake_ext_mod\HDFTests.c(462): error C2143: 语法错误 : 缺少“;”(在“{”的前面) [E:\GitCode\Caffe_Test\src\thirdparty\HDF5\vs2013\CMakeFiles\CMakeTmp\cmTC_d029c.vcxproj]
已完成生成项目“E:\GitCode\Caffe_Test\src\thirdparty\HDF5\vs2013\CMakeFiles\CMakeTmp\cmTC_d029c.vcxproj”(默认目标)的操作 - 失败。

生成失败。

“E:\GitCode\Caffe_Test\src\thirdparty\HDF5\vs2013\CMakeFiles\CMakeTmp\cmTC_d029c.vcxproj”(默认目标) (1) ->
(ClCompile 目标) -> 
  E:\GitCode\Caffe_Test\src\thirdparty\HDF5\hdf5-1.8.15-patch1\config\cmake_ext_mod\HDFTests.c(461): error C2054: 在“inline”之后应输入“(” [E:\GitCode\Caffe_Test\src\thirdparty\HDF5\vs2013\CMakeFiles\CMakeTmp\cmTC_d029c.vcxproj]
  E:\GitCode\Caffe_Test\src\thirdparty\HDF5\hdf5-1.8.15-patch1\config\cmake_ext_mod\HDFTests.c(461): error C2085: “static_foo”: 不在形参表中 [E:\GitCode\Caffe_Test\src\thirdparty\HDF5\vs2013\CMakeFiles\CMakeTmp\cmTC_d029c.vcxproj]
  E:\GitCode\Caffe_Test\src\thirdparty\HDF5\hdf5-1.8.15-patch1\config\cmake_ext_mod\HDFTests.c(461): error C2143: 语法错误 : 缺少“;”(在“{”的前面) [E:\GitCode\Caffe_Test\src\thirdparty\HDF5\vs2013\CMakeFiles\CMakeTmp\cmTC_d029c.vcxproj]
  E:\GitCode\Caffe_Test\src\thirdparty\HDF5\hdf5-1.8.15-patch1\config\cmake_ext_mod\HDFTests.c(462): error C2054: 在“inline”之后应输入“(” [E:\GitCode\Caffe_Test\src\thirdparty\HDF5\vs2013\CMakeFiles\CMakeTmp\cmTC_d029c.vcxproj]
  E:\GitCode\Caffe_Test\src\thirdparty\HDF5\hdf5-1.8.15-patch1\config\cmake_ext_mod\HDFTests.c(462): error C2085: “foo”: 不在形参表中 [E:\GitCode\Caffe_Test\src\thirdparty\HDF5\vs2013\CMakeFiles\CMakeTmp\cmTC_d029c.vcxproj]
  E:\GitCode\Caffe_Test\src\thirdparty\HDF5\hdf5-1.8.15-patch1\config\cmake_ext_mod\HDFTests.c(462): error C2143: 语法错误 : 缺少“;”(在“{”的前面) [E:\GitCode\Caffe_Test\src\thirdparty\HDF5\vs2013\CMakeFiles\CMakeTmp\cmTC_d029c.vcxproj]

    0 个警告
    6 个错误

已用时间 00:00:00.43

Performing Other Test INLINE_TEST___inline__ failed with the following output:
Change Dir: E:/GitCode/Caffe_Test/src/thirdparty/HDF5/vs2013/CMakeFiles/CMakeTmp

Run Build Command:"C:/Program Files (x86)/MSBuild/12.0/bin/MSBuild.exe" "cmTC_b67ad.vcxproj" "/p:Configuration=Debug" "/p:VisualStudioVersion=12.0"
Microsoft(R) 生成引擎版本 12.0.30501.0
[Microsoft .NET Framework 版本 4.0.30319.18444]
版权所有 (C) Microsoft Corporation。保留所有权利。

生成启动时间为 2016/3/21 星期一 下午 9:57:11。
节点 1 上的项目“E:\GitCode\Caffe_Test\src\thirdparty\HDF5\vs2013\CMakeFiles\CMakeTmp\cmTC_b67ad.vcxproj”(默认目标)。
PrepareForBuild:
  正在创建目录“cmTC_b67ad.dir\Debug\”。
  正在创建目录“E:\GitCode\Caffe_Test\src\thirdparty\HDF5\vs2013\CMakeFiles\CMakeTmp\Debug\”。
  正在创建目录“cmTC_b67ad.dir\Debug\cmTC_b67ad.tlog\”。
InitializeBuildStatus:
  正在创建“cmTC_b67ad.dir\Debug\cmTC_b67ad.tlog\unsuccessfulbuild”，因为已指定“AlwaysCreate”。
ClCompile:
  C:\Program Files (x86)\Microsoft Visual Studio 12.0\VC\bin\x86_amd64\CL.exe /c /Zi /W3 /WX- /Od /Ob0 /D WIN32 /D _WINDOWS /D INLINE_TEST___inline__ /D WIN32_LEAN_AND_MEAN=1 /D NOGDI=1 /D INLINE_TEST_INLINE=__inline__ /D HAVE_SYS_TYPES_H /D _DEBUG /D "CMAKE_INTDIR=\"Debug\"" /D _MBCS /Gm- /RTC1 /MDd /GS /fp:precise /Zc:wchar_t /Zc:forScope /Fo"cmTC_b67ad.dir\Debug\\" /Fd"cmTC_b67ad.dir\Debug\vc120.pdb" /Gd /TC /errorReport:queue "E:\GitCode\Caffe_Test\src\thirdparty\HDF5\hdf5-1.8.15-patch1\config\cmake_ext_mod\HDFTests.c"
  用于 x64 的 Microsoft (R) C/C++ 优化编译器 18.00.30501 版
  版权所有(C) Microsoft Corporation。  保留所有权利。
  
  cl /c /Zi /W3 /WX- /Od /Ob0 /D WIN32 /D _WINDOWS /D INLINE_TEST___inline__ /D WIN32_LEAN_AND_MEAN=1 /D NOGDI=1 /D INLINE_TEST_INLINE=__inline__ /D HAVE_SYS_TYPES_H /D _DEBUG /D "CMAKE_INTDIR=\"Debug\"" /D _MBCS /Gm- /RTC1 /MDd /GS /fp:precise /Zc:wchar_t /Zc:forScope /Fo"cmTC_b67ad.dir\Debug\\" /Fd"cmTC_b67ad.dir\Debug\vc120.pdb" /Gd /TC /errorReport:queue "E:\GitCode\Caffe_Test\src\thirdparty\HDF5\hdf5-1.8.15-patch1\config\cmake_ext_mod\HDFTests.c"
  
  HDFTests.c
E:\GitCode\Caffe_Test\src\thirdparty\HDF5\hdf5-1.8.15-patch1\config\cmake_ext_mod\HDFTests.c(461): error C2054: 在“__inline__”之后应输入“(” [E:\GitCode\Caffe_Test\src\thirdparty\HDF5\vs2013\CMakeFiles\CMakeTmp\cmTC_b67ad.vcxproj]
E:\GitCode\Caffe_Test\src\thirdparty\HDF5\hdf5-1.8.15-patch1\config\cmake_ext_mod\HDFTests.c(461): error C2085: “static_foo”: 不在形参表中 [E:\GitCode\Caffe_Test\src\thirdparty\HDF5\vs2013\CMakeFiles\CMakeTmp\cmTC_b67ad.vcxproj]
E:\GitCode\Caffe_Test\src\thirdparty\HDF5\hdf5-1.8.15-patch1\config\cmake_ext_mod\HDFTests.c(461): error C2143: 语法错误 : 缺少“;”(在“{”的前面) [E:\GitCode\Caffe_Test\src\thirdparty\HDF5\vs2013\CMakeFiles\CMakeTmp\cmTC_b67ad.vcxproj]
E:\GitCode\Caffe_Test\src\thirdparty\HDF5\hdf5-1.8.15-patch1\config\cmake_ext_mod\HDFTests.c(462): error C2054: 在“__inline__”之后应输入“(” [E:\GitCode\Caffe_Test\src\thirdparty\HDF5\vs2013\CMakeFiles\CMakeTmp\cmTC_b67ad.vcxproj]
E:\GitCode\Caffe_Test\src\thirdparty\HDF5\hdf5-1.8.15-patch1\config\cmake_ext_mod\HDFTests.c(462): error C2085: “foo”: 不在形参表中 [E:\GitCode\Caffe_Test\src\thirdparty\HDF5\vs2013\CMakeFiles\CMakeTmp\cmTC_b67ad.vcxproj]
E:\GitCode\Caffe_Test\src\thirdparty\HDF5\hdf5-1.8.15-patch1\config\cmake_ext_mod\HDFTests.c(462): error C2143: 语法错误 : 缺少“;”(在“{”的前面) [E:\GitCode\Caffe_Test\src\thirdparty\HDF5\vs2013\CMakeFiles\CMakeTmp\cmTC_b67ad.vcxproj]
已完成生成项目“E:\GitCode\Caffe_Test\src\thirdparty\HDF5\vs2013\CMakeFiles\CMakeTmp\cmTC_b67ad.vcxproj”(默认目标)的操作 - 失败。

生成失败。

“E:\GitCode\Caffe_Test\src\thirdparty\HDF5\vs2013\CMakeFiles\CMakeTmp\cmTC_b67ad.vcxproj”(默认目标) (1) ->
(ClCompile 目标) -> 
  E:\GitCode\Caffe_Test\src\thirdparty\HDF5\hdf5-1.8.15-patch1\config\cmake_ext_mod\HDFTests.c(461): error C2054: 在“__inline__”之后应输入“(” [E:\GitCode\Caffe_Test\src\thirdparty\HDF5\vs2013\CMakeFiles\CMakeTmp\cmTC_b67ad.vcxproj]
  E:\GitCode\Caffe_Test\src\thirdparty\HDF5\hdf5-1.8.15-patch1\config\cmake_ext_mod\HDFTests.c(461): error C2085: “static_foo”: 不在形参表中 [E:\GitCode\Caffe_Test\src\thirdparty\HDF5\vs2013\CMakeFiles\CMakeTmp\cmTC_b67ad.vcxproj]
  E:\GitCode\Caffe_Test\src\thirdparty\HDF5\hdf5-1.8.15-patch1\config\cmake_ext_mod\HDFTests.c(461): error C2143: 语法错误 : 缺少“;”(在“{”的前面) [E:\GitCode\Caffe_Test\src\thirdparty\HDF5\vs2013\CMakeFiles\CMakeTmp\cmTC_b67ad.vcxproj]
  E:\GitCode\Caffe_Test\src\thirdparty\HDF5\hdf5-1.8.15-patch1\config\cmake_ext_mod\HDFTests.c(462): error C2054: 在“__inline__”之后应输入“(” [E:\GitCode\Caffe_Test\src\thirdparty\HDF5\vs2013\CMakeFiles\CMakeTmp\cmTC_b67ad.vcxproj]
  E:\GitCode\Caffe_Test\src\thirdparty\HDF5\hdf5-1.8.15-patch1\config\cmake_ext_mod\HDFTests.c(462): error C2085: “foo”: 不在形参表中 [E:\GitCode\Caffe_Test\src\thirdparty\HDF5\vs2013\CMakeFiles\CMakeTmp\cmTC_b67ad.vcxproj]
  E:\GitCode\Caffe_Test\src\thirdparty\HDF5\hdf5-1.8.15-patch1\config\cmake_ext_mod\HDFTests.c(462): error C2143: 语法错误 : 缺少“;”(在“{”的前面) [E:\GitCode\Caffe_Test\src\thirdparty\HDF5\vs2013\CMakeFiles\CMakeTmp\cmTC_b67ad.vcxproj]

    0 个警告
    6 个错误

已用时间 00:00:00.41

Test H5_LDOUBLE_TO_LONG_SPECIAL Run failed with the following output and exit code:
 Change Dir: E:/GitCode/Caffe_Test/src/thirdparty/HDF5/vs2013/CMakeFiles/CMakeTmp

Run Build Command:"C:/Program Files (x86)/MSBuild/12.0/bin/MSBuild.exe" "cmTC_bf4ad.vcxproj" "/p:Configuration=Debug" "/p:VisualStudioVersion=12.0"
Microsoft(R) 生成引擎版本 12.0.30501.0
[Microsoft .NET Framework 版本 4.0.30319.18444]
版权所有 (C) Microsoft Corporation。保留所有权利。

生成启动时间为 2016/3/21 星期一 下午 9:57:21。
节点 1 上的项目“E:\GitCode\Caffe_Test\src\thirdparty\HDF5\vs2013\CMakeFiles\CMakeTmp\cmTC_bf4ad.vcxproj”(默认目标)。
PrepareForBuild:
  正在创建目录“cmTC_bf4ad.dir\Debug\”。
  正在创建目录“E:\GitCode\Caffe_Test\src\thirdparty\HDF5\vs2013\CMakeFiles\CMakeTmp\Debug\”。
  正在创建目录“cmTC_bf4ad.dir\Debug\cmTC_bf4ad.tlog\”。
InitializeBuildStatus:
  正在创建“cmTC_bf4ad.dir\Debug\cmTC_bf4ad.tlog\unsuccessfulbuild”，因为已指定“AlwaysCreate”。
ClCompile:
  C:\Program Files (x86)\Microsoft Visual Studio 12.0\VC\bin\x86_amd64\CL.exe /c /Zi /W3 /WX- /Od /Ob0 /D WIN32 /D _WINDOWS /D H5_LDOUBLE_TO_LONG_SPECIAL_TEST /D _DEBUG /D "CMAKE_INTDIR=\"Debug\"" /D _MBCS /Gm- /RTC1 /MDd /GS /fp:precise /Zc:wchar_t /Zc:forScope /Fo"cmTC_bf4ad.dir\Debug\\" /Fd"cmTC_bf4ad.dir\Debug\vc120.pdb" /Gd /TC /errorReport:queue "E:\GitCode\Caffe_Test\src\thirdparty\HDF5\hdf5-1.8.15-patch1\config\cmake\ConversionTests.c"
  用于 x64 的 Microsoft (R) C/C++ 优化编译器 18.00.30501 版
  版权所有(C) Microsoft Corporation。  保留所有权利。
  
  cl /c /Zi /W3 /WX- /Od /Ob0 /D WIN32 /D _WINDOWS /D H5_LDOUBLE_TO_LONG_SPECIAL_TEST /D _DEBUG /D "CMAKE_INTDIR=\"Debug\"" /D _MBCS /Gm- /RTC1 /MDd /GS /fp:precise /Zc:wchar_t /Zc:forScope /Fo"cmTC_bf4ad.dir\Debug\\" /Fd"cmTC_bf4ad.dir\Debug\vc120.pdb" /Gd /TC /errorReport:queue "E:\GitCode\Caffe_Test\src\thirdparty\HDF5\hdf5-1.8.15-patch1\config\cmake\ConversionTests.c"
  
  ConversionTests.c
E:\GitCode\Caffe_Test\src\thirdparty\HDF5\hdf5-1.8.15-patch1\config\cmake\ConversionTests.c(32): warning C4013: “memcpy”未定义；假设外部返回 int [E:\GitCode\Caffe_Test\src\thirdparty\HDF5\vs2013\CMakeFiles\CMakeTmp\cmTC_bf4ad.vcxproj]
E:\GitCode\Caffe_Test\src\thirdparty\HDF5\hdf5-1.8.15-patch1\config\cmake\ConversionTests.c(69): warning C4013: “exit”未定义；假设外部返回 int [E:\GitCode\Caffe_Test\src\thirdparty\HDF5\vs2013\CMakeFiles\CMakeTmp\cmTC_bf4ad.vcxproj]
E:\GitCode\Caffe_Test\src\thirdparty\HDF5\hdf5-1.8.15-patch1\config\cmake\ConversionTests.c(68): warning C4102: “done”: 未引用的标签 [E:\GitCode\Caffe_Test\src\thirdparty\HDF5\vs2013\CMakeFiles\CMakeTmp\cmTC_bf4ad.vcxproj]
Link:
  C:\Program Files (x86)\Microsoft Visual Studio 12.0\VC\bin\x86_amd64\link.exe /ERRORREPORT:QUEUE /OUT:"E:\GitCode\Caffe_Test\src\thirdparty\HDF5\vs2013\CMakeFiles\CMakeTmp\Debug\cmTC_bf4ad.exe" /INCREMENTAL /NOLOGO kernel32.lib user32.lib gdi32.lib winspool.lib shell32.lib ole32.lib oleaut32.lib uuid.lib comdlg32.lib advapi32.lib /MANIFEST /MANIFESTUAC:"level='asInvoker' uiAccess='false'" /manifest:embed /DEBUG /PDB:"E:/GitCode/Caffe_Test/src/thirdparty/HDF5/vs2013/CMakeFiles/CMakeTmp/Debug/cmTC_bf4ad.pdb" /SUBSYSTEM:CONSOLE /TLBID:1 /DYNAMICBASE /NXCOMPAT /IMPLIB:"E:/GitCode/Caffe_Test/src/thirdparty/HDF5/vs2013/CMakeFiles/CMakeTmp/Debug/cmTC_bf4ad.lib" /MACHINE:X64  /machine:x64 /debug cmTC_bf4ad.dir\Debug\ConversionTests.obj
  cmTC_bf4ad.vcxproj -> E:\GitCode\Caffe_Test\src\thirdparty\HDF5\vs2013\CMakeFiles\CMakeTmp\Debug\cmTC_bf4ad.exe
FinalizeBuildStatus:
  正在删除文件“cmTC_bf4ad.dir\Debug\cmTC_bf4ad.tlog\unsuccessfulbuild”。
  正在对“cmTC_bf4ad.dir\Debug\cmTC_bf4ad.tlog\cmTC_bf4ad.lastbuildstate”执行 Touch 任务。
已完成生成项目“E:\GitCode\Caffe_Test\src\thirdparty\HDF5\vs2013\CMakeFiles\CMakeTmp\cmTC_bf4ad.vcxproj”(默认目标)的操作。

已成功生成。

“E:\GitCode\Caffe_Test\src\thirdparty\HDF5\vs2013\CMakeFiles\CMakeTmp\cmTC_bf4ad.vcxproj”(默认目标) (1) ->
(ClCompile 目标) -> 
  E:\GitCode\Caffe_Test\src\thirdparty\HDF5\hdf5-1.8.15-patch1\config\cmake\ConversionTests.c(32): warning C4013: “memcpy”未定义；假设外部返回 int [E:\GitCode\Caffe_Test\src\thirdparty\HDF5\vs2013\CMakeFiles\CMakeTmp\cmTC_bf4ad.vcxproj]
  E:\GitCode\Caffe_Test\src\thirdparty\HDF5\hdf5-1.8.15-patch1\config\cmake\ConversionTests.c(69): warning C4013: “exit”未定义；假设外部返回 int [E:\GitCode\Caffe_Test\src\thirdparty\HDF5\vs2013\CMakeFiles\CMakeTmp\cmTC_bf4ad.vcxproj]
  E:\GitCode\Caffe_Test\src\thirdparty\HDF5\hdf5-1.8.15-patch1\config\cmake\ConversionTests.c(68): warning C4102: “done”: 未引用的标签 [E:\GitCode\Caffe_Test\src\thirdparty\HDF5\vs2013\CMakeFiles\CMakeTmp\cmTC_bf4ad.vcxproj]

    3 个警告
    0 个错误

已用时间 00:00:00.64

Test H5_LONG_TO_LDOUBLE_SPECIAL Run failed with the following output and exit code:
 Change Dir: E:/GitCode/Caffe_Test/src/thirdparty/HDF5/vs2013/CMakeFiles/CMakeTmp

Run Build Command:"C:/Program Files (x86)/MSBuild/12.0/bin/MSBuild.exe" "cmTC_d71fe.vcxproj" "/p:Configuration=Debug" "/p:VisualStudioVersion=12.0"
Microsoft(R) 生成引擎版本 12.0.30501.0
[Microsoft .NET Framework 版本 4.0.30319.18444]
版权所有 (C) Microsoft Corporation。保留所有权利。

生成启动时间为 2016/3/21 星期一 下午 9:57:22。
节点 1 上的项目“E:\GitCode\Caffe_Test\src\thirdparty\HDF5\vs2013\CMakeFiles\CMakeTmp\cmTC_d71fe.vcxproj”(默认目标)。
PrepareForBuild:
  正在创建目录“cmTC_d71fe.dir\Debug\”。
  正在创建目录“E:\GitCode\Caffe_Test\src\thirdparty\HDF5\vs2013\CMakeFiles\CMakeTmp\Debug\”。
  正在创建目录“cmTC_d71fe.dir\Debug\cmTC_d71fe.tlog\”。
InitializeBuildStatus:
  正在创建“cmTC_d71fe.dir\Debug\cmTC_d71fe.tlog\unsuccessfulbuild”，因为已指定“AlwaysCreate”。
ClCompile:
  C:\Program Files (x86)\Microsoft Visual Studio 12.0\VC\bin\x86_amd64\CL.exe /c /Zi /W3 /WX- /Od /Ob0 /D WIN32 /D _WINDOWS /D H5_LONG_TO_LDOUBLE_SPECIAL_TEST /D _DEBUG /D "CMAKE_INTDIR=\"Debug\"" /D _MBCS /Gm- /RTC1 /MDd /GS /fp:precise /Zc:wchar_t /Zc:forScope /Fo"cmTC_d71fe.dir\Debug\\" /Fd"cmTC_d71fe.dir\Debug\vc120.pdb" /Gd /TC /errorReport:queue "E:\GitCode\Caffe_Test\src\thirdparty\HDF5\hdf5-1.8.15-patch1\config\cmake\ConversionTests.c"
  用于 x64 的 Microsoft (R) C/C++ 优化编译器 18.00.30501 版
  版权所有(C) Microsoft Corporation。  保留所有权利。
  
  cl /c /Zi /W3 /WX- /Od /Ob0 /D WIN32 /D _WINDOWS /D H5_LONG_TO_LDOUBLE_SPECIAL_TEST /D _DEBUG /D "CMAKE_INTDIR=\"Debug\"" /D _MBCS /Gm- /RTC1 /MDd /GS /fp:precise /Zc:wchar_t /Zc:forScope /Fo"cmTC_d71fe.dir\Debug\\" /Fd"cmTC_d71fe.dir\Debug\vc120.pdb" /Gd /TC /errorReport:queue "E:\GitCode\Caffe_Test\src\thirdparty\HDF5\hdf5-1.8.15-patch1\config\cmake\ConversionTests.c"
  
  ConversionTests.c
E:\GitCode\Caffe_Test\src\thirdparty\HDF5\hdf5-1.8.15-patch1\config\cmake\ConversionTests.c(88): warning C4013: “memcpy”未定义；假设外部返回 int [E:\GitCode\Caffe_Test\src\thirdparty\HDF5\vs2013\CMakeFiles\CMakeTmp\cmTC_d71fe.vcxproj]
E:\GitCode\Caffe_Test\src\thirdparty\HDF5\hdf5-1.8.15-patch1\config\cmake\ConversionTests.c(95): warning C4305: “=”: 从“__int64”到“long”截断 [E:\GitCode\Caffe_Test\src\thirdparty\HDF5\vs2013\CMakeFiles\CMakeTmp\cmTC_d71fe.vcxproj]
E:\GitCode\Caffe_Test\src\thirdparty\HDF5\hdf5-1.8.15-patch1\config\cmake\ConversionTests.c(129): warning C4013: “exit”未定义；假设外部返回 int [E:\GitCode\Caffe_Test\src\thirdparty\HDF5\vs2013\CMakeFiles\CMakeTmp\cmTC_d71fe.vcxproj]
E:\GitCode\Caffe_Test\src\thirdparty\HDF5\hdf5-1.8.15-patch1\config\cmake\ConversionTests.c(128): warning C4102: “done”: 未引用的标签 [E:\GitCode\Caffe_Test\src\thirdparty\HDF5\vs2013\CMakeFiles\CMakeTmp\cmTC_d71fe.vcxproj]
Link:
  C:\Program Files (x86)\Microsoft Visual Studio 12.0\VC\bin\x86_amd64\link.exe /ERRORREPORT:QUEUE /OUT:"E:\GitCode\Caffe_Test\src\thirdparty\HDF5\vs2013\CMakeFiles\CMakeTmp\Debug\cmTC_d71fe.exe" /INCREMENTAL /NOLOGO kernel32.lib user32.lib gdi32.lib winspool.lib shell32.lib ole32.lib oleaut32.lib uuid.lib comdlg32.lib advapi32.lib /MANIFEST /MANIFESTUAC:"level='asInvoker' uiAccess='false'" /manifest:embed /DEBUG /PDB:"E:/GitCode/Caffe_Test/src/thirdparty/HDF5/vs2013/CMakeFiles/CMakeTmp/Debug/cmTC_d71fe.pdb" /SUBSYSTEM:CONSOLE /TLBID:1 /DYNAMICBASE /NXCOMPAT /IMPLIB:"E:/GitCode/Caffe_Test/src/thirdparty/HDF5/vs2013/CMakeFiles/CMakeTmp/Debug/cmTC_d71fe.lib" /MACHINE:X64  /machine:x64 /debug cmTC_d71fe.dir\Debug\ConversionTests.obj
  cmTC_d71fe.vcxproj -> E:\GitCode\Caffe_Test\src\thirdparty\HDF5\vs2013\CMakeFiles\CMakeTmp\Debug\cmTC_d71fe.exe
FinalizeBuildStatus:
  正在删除文件“cmTC_d71fe.dir\Debug\cmTC_d71fe.tlog\unsuccessfulbuild”。
  正在对“cmTC_d71fe.dir\Debug\cmTC_d71fe.tlog\cmTC_d71fe.lastbuildstate”执行 Touch 任务。
已完成生成项目“E:\GitCode\Caffe_Test\src\thirdparty\HDF5\vs2013\CMakeFiles\CMakeTmp\cmTC_d71fe.vcxproj”(默认目标)的操作。

已成功生成。

“E:\GitCode\Caffe_Test\src\thirdparty\HDF5\vs2013\CMakeFiles\CMakeTmp\cmTC_d71fe.vcxproj”(默认目标) (1) ->
(ClCompile 目标) -> 
  E:\GitCode\Caffe_Test\src\thirdparty\HDF5\hdf5-1.8.15-patch1\config\cmake\ConversionTests.c(88): warning C4013: “memcpy”未定义；假设外部返回 int [E:\GitCode\Caffe_Test\src\thirdparty\HDF5\vs2013\CMakeFiles\CMakeTmp\cmTC_d71fe.vcxproj]
  E:\GitCode\Caffe_Test\src\thirdparty\HDF5\hdf5-1.8.15-patch1\config\cmake\ConversionTests.c(95): warning C4305: “=”: 从“__int64”到“long”截断 [E:\GitCode\Caffe_Test\src\thirdparty\HDF5\vs2013\CMakeFiles\CMakeTmp\cmTC_d71fe.vcxproj]
  E:\GitCode\Caffe_Test\src\thirdparty\HDF5\hdf5-1.8.15-patch1\config\cmake\ConversionTests.c(129): warning C4013: “exit”未定义；假设外部返回 int [E:\GitCode\Caffe_Test\src\thirdparty\HDF5\vs2013\CMakeFiles\CMakeTmp\cmTC_d71fe.vcxproj]
  E:\GitCode\Caffe_Test\src\thirdparty\HDF5\hdf5-1.8.15-patch1\config\cmake\ConversionTests.c(128): warning C4102: “done”: 未引用的标签 [E:\GitCode\Caffe_Test\src\thirdparty\HDF5\vs2013\CMakeFiles\CMakeTmp\cmTC_d71fe.vcxproj]

    4 个警告
    0 个错误

已用时间 00:00:00.64

Performing CXX Test OLD_HEADER_FILENAME failed with the following output:
Change Dir: E:/GitCode/Caffe_Test/src/thirdparty/HDF5/vs2013/CMakeFiles/CMakeTmp

Run Build Command:"C:/Program Files (x86)/MSBuild/12.0/bin/MSBuild.exe" "cmTC_052f6.vcxproj" "/p:Configuration=Debug" "/p:VisualStudioVersion=12.0"
Microsoft(R) 生成引擎版本 12.0.30501.0
[Microsoft .NET Framework 版本 4.0.30319.18444]
版权所有 (C) Microsoft Corporation。保留所有权利。

生成启动时间为 2016/3/21 星期一 下午 9:59:17。
节点 1 上的项目“E:\GitCode\Caffe_Test\src\thirdparty\HDF5\vs2013\CMakeFiles\CMakeTmp\cmTC_052f6.vcxproj”(默认目标)。
PrepareForBuild:
  正在创建目录“cmTC_052f6.dir\Debug\”。
  正在创建目录“E:\GitCode\Caffe_Test\src\thirdparty\HDF5\vs2013\CMakeFiles\CMakeTmp\Debug\”。
  正在创建目录“cmTC_052f6.dir\Debug\cmTC_052f6.tlog\”。
InitializeBuildStatus:
  正在创建“cmTC_052f6.dir\Debug\cmTC_052f6.tlog\unsuccessfulbuild”，因为已指定“AlwaysCreate”。
ClCompile:
  C:\Program Files (x86)\Microsoft Visual Studio 12.0\VC\bin\x86_amd64\CL.exe /c /Zi /W3 /WX- /Od /Ob0 /D WIN32 /D _WINDOWS /D OLD_HEADER_FILENAME /D WIN32_LEAN_AND_MEAN=1 /D NOGDI=1 /D HAVE_SYS_TYPES_H /D _DEBUG /D "CMAKE_INTDIR=\"Debug\"" /D _MBCS /Gm- /EHsc /RTC1 /MDd /GS /fp:precise /Zc:wchar_t /Zc:forScope /GR /Fo"cmTC_052f6.dir\Debug\\" /Fd"cmTC_052f6.dir\Debug\vc120.pdb" /Gd /TP /errorReport:queue "E:\GitCode\Caffe_Test\src\thirdparty\HDF5\hdf5-1.8.15-patch1\config\cmake_ext_mod\HDFCXXTests.cpp"
  用于 x64 的 Microsoft (R) C/C++ 优化编译器 18.00.30501 版
  版权所有(C) Microsoft Corporation。  保留所有权利。
  
  cl /c /Zi /W3 /WX- /Od /Ob0 /D WIN32 /D _WINDOWS /D OLD_HEADER_FILENAME /D WIN32_LEAN_AND_MEAN=1 /D NOGDI=1 /D HAVE_SYS_TYPES_H /D _DEBUG /D "CMAKE_INTDIR=\"Debug\"" /D _MBCS /Gm- /EHsc /RTC1 /MDd /GS /fp:precise /Zc:wchar_t /Zc:forScope /GR /Fo"cmTC_052f6.dir\Debug\\" /Fd"cmTC_052f6.dir\Debug\vc120.pdb" /Gd /TP /errorReport:queue "E:\GitCode\Caffe_Test\src\thirdparty\HDF5\hdf5-1.8.15-patch1\config\cmake_ext_mod\HDFCXXTests.cpp"
  
  HDFCXXTests.cpp
Link:
  C:\Program Files (x86)\Microsoft Visual Studio 12.0\VC\bin\x86_amd64\link.exe /ERRORREPORT:QUEUE /OUT:"E:\GitCode\Caffe_Test\src\thirdparty\HDF5\vs2013\CMakeFiles\CMakeTmp\Debug\cmTC_052f6.exe" /INCREMENTAL /NOLOGO kernel32.lib user32.lib gdi32.lib winspool.lib shell32.lib ole32.lib oleaut32.lib uuid.lib comdlg32.lib advapi32.lib ws2_32.lib wsock32.lib /MANIFEST /MANIFESTUAC:"level='asInvoker' uiAccess='false'" /manifest:embed /DEBUG /PDB:"E:/GitCode/Caffe_Test/src/thirdparty/HDF5/vs2013/CMakeFiles/CMakeTmp/Debug/cmTC_052f6.pdb" /SUBSYSTEM:CONSOLE /TLBID:1 /DYNAMICBASE /NXCOMPAT /IMPLIB:"E:/GitCode/Caffe_Test/src/thirdparty/HDF5/vs2013/CMakeFiles/CMakeTmp/Debug/cmTC_052f6.lib" /MACHINE:X64  /machine:x64 /debug cmTC_052f6.dir\Debug\HDFCXXTests.obj
  cmTC_052f6.vcxproj -> E:\GitCode\Caffe_Test\src\thirdparty\HDF5\vs2013\CMakeFiles\CMakeTmp\Debug\cmTC_052f6.exe
FinalizeBuildStatus:
  正在删除文件“cmTC_052f6.dir\Debug\cmTC_052f6.tlog\unsuccessfulbuild”。
  正在对“cmTC_052f6.dir\Debug\cmTC_052f6.tlog\cmTC_052f6.lastbuildstate”执行 Touch 任务。
已完成生成项目“E:\GitCode\Caffe_Test\src\thirdparty\HDF5\vs2013\CMakeFiles\CMakeTmp\cmTC_052f6.vcxproj”(默认目标)的操作。

已成功生成。
    0 个警告
    0 个错误

已用时间 00:00:01.16

Performing CXX Test H5_NO_NAMESPACE failed with the following output:
Change Dir: E:/GitCode/Caffe_Test/src/thirdparty/HDF5/vs2013/CMakeFiles/CMakeTmp

Run Build Command:"C:/Program Files (x86)/MSBuild/12.0/bin/MSBuild.exe" "cmTC_29cca.vcxproj" "/p:Configuration=Debug" "/p:VisualStudioVersion=12.0"
Microsoft(R) 生成引擎版本 12.0.30501.0
[Microsoft .NET Framework 版本 4.0.30319.18444]
版权所有 (C) Microsoft Corporation。保留所有权利。

生成启动时间为 2016/3/21 星期一 下午 9:59:18。
节点 1 上的项目“E:\GitCode\Caffe_Test\src\thirdparty\HDF5\vs2013\CMakeFiles\CMakeTmp\cmTC_29cca.vcxproj”(默认目标)。
PrepareForBuild:
  正在创建目录“cmTC_29cca.dir\Debug\”。
  正在创建目录“E:\GitCode\Caffe_Test\src\thirdparty\HDF5\vs2013\CMakeFiles\CMakeTmp\Debug\”。
  正在创建目录“cmTC_29cca.dir\Debug\cmTC_29cca.tlog\”。
InitializeBuildStatus:
  正在创建“cmTC_29cca.dir\Debug\cmTC_29cca.tlog\unsuccessfulbuild”，因为已指定“AlwaysCreate”。
ClCompile:
  C:\Program Files (x86)\Microsoft Visual Studio 12.0\VC\bin\x86_amd64\CL.exe /c /Zi /W3 /WX- /Od /Ob0 /D WIN32 /D _WINDOWS /D H5_NO_NAMESPACE /D WIN32_LEAN_AND_MEAN=1 /D NOGDI=1 /D HAVE_SYS_TYPES_H /D _DEBUG /D "CMAKE_INTDIR=\"Debug\"" /D _MBCS /Gm- /EHsc /RTC1 /MDd /GS /fp:precise /Zc:wchar_t /Zc:forScope /GR /Fo"cmTC_29cca.dir\Debug\\" /Fd"cmTC_29cca.dir\Debug\vc120.pdb" /Gd /TP /errorReport:queue "E:\GitCode\Caffe_Test\src\thirdparty\HDF5\hdf5-1.8.15-patch1\config\cmake_ext_mod\HDFCXXTests.cpp"
  用于 x64 的 Microsoft (R) C/C++ 优化编译器 18.00.30501 版
  版权所有(C) Microsoft Corporation。  保留所有权利。
  
  cl /c /Zi /W3 /WX- /Od /Ob0 /D WIN32 /D _WINDOWS /D H5_NO_NAMESPACE /D WIN32_LEAN_AND_MEAN=1 /D NOGDI=1 /D HAVE_SYS_TYPES_H /D _DEBUG /D "CMAKE_INTDIR=\"Debug\"" /D _MBCS /Gm- /EHsc /RTC1 /MDd /GS /fp:precise /Zc:wchar_t /Zc:forScope /GR /Fo"cmTC_29cca.dir\Debug\\" /Fd"cmTC_29cca.dir\Debug\vc120.pdb" /Gd /TP /errorReport:queue "E:\GitCode\Caffe_Test\src\thirdparty\HDF5\hdf5-1.8.15-patch1\config\cmake_ext_mod\HDFCXXTests.cpp"
  
  HDFCXXTests.cpp
Link:
  C:\Program Files (x86)\Microsoft Visual Studio 12.0\VC\bin\x86_amd64\link.exe /ERRORREPORT:QUEUE /OUT:"E:\GitCode\Caffe_Test\src\thirdparty\HDF5\vs2013\CMakeFiles\CMakeTmp\Debug\cmTC_29cca.exe" /INCREMENTAL /NOLOGO kernel32.lib user32.lib gdi32.lib winspool.lib shell32.lib ole32.lib oleaut32.lib uuid.lib comdlg32.lib advapi32.lib ws2_32.lib wsock32.lib /MANIFEST /MANIFESTUAC:"level='asInvoker' uiAccess='false'" /manifest:embed /DEBUG /PDB:"E:/GitCode/Caffe_Test/src/thirdparty/HDF5/vs2013/CMakeFiles/CMakeTmp/Debug/cmTC_29cca.pdb" /SUBSYSTEM:CONSOLE /TLBID:1 /DYNAMICBASE /NXCOMPAT /IMPLIB:"E:/GitCode/Caffe_Test/src/thirdparty/HDF5/vs2013/CMakeFiles/CMakeTmp/Debug/cmTC_29cca.lib" /MACHINE:X64  /machine:x64 /debug cmTC_29cca.dir\Debug\HDFCXXTests.obj
MSVCRTD.lib(crtexe.obj) : error LNK2019: 无法解析的外部符号 main，该符号在函数 __tmainCRTStartup 中被引用 [E:\GitCode\Caffe_Test\src\thirdparty\HDF5\vs2013\CMakeFiles\CMakeTmp\cmTC_29cca.vcxproj]
E:\GitCode\Caffe_Test\src\thirdparty\HDF5\vs2013\CMakeFiles\CMakeTmp\Debug\cmTC_29cca.exe : fatal error LNK1120: 1 个无法解析的外部命令 [E:\GitCode\Caffe_Test\src\thirdparty\HDF5\vs2013\CMakeFiles\CMakeTmp\cmTC_29cca.vcxproj]
已完成生成项目“E:\GitCode\Caffe_Test\src\thirdparty\HDF5\vs2013\CMakeFiles\CMakeTmp\cmTC_29cca.vcxproj”(默认目标)的操作 - 失败。

生成失败。

“E:\GitCode\Caffe_Test\src\thirdparty\HDF5\vs2013\CMakeFiles\CMakeTmp\cmTC_29cca.vcxproj”(默认目标) (1) ->
(Link 目标) -> 
  MSVCRTD.lib(crtexe.obj) : error LNK2019: 无法解析的外部符号 main，该符号在函数 __tmainCRTStartup 中被引用 [E:\GitCode\Caffe_Test\src\thirdparty\HDF5\vs2013\CMakeFiles\CMakeTmp\cmTC_29cca.vcxproj]
  E:\GitCode\Caffe_Test\src\thirdparty\HDF5\vs2013\CMakeFiles\CMakeTmp\Debug\cmTC_29cca.exe : fatal error LNK1120: 1 个无法解析的外部命令 [E:\GitCode\Caffe_Test\src\thirdparty\HDF5\vs2013\CMakeFiles\CMakeTmp\cmTC_29cca.vcxproj]

    0 个警告
    2 个错误

已用时间 00:00:00.57

Performing CXX Test H5_NO_STD failed with the following output:
Change Dir: E:/GitCode/Caffe_Test/src/thirdparty/HDF5/vs2013/CMakeFiles/CMakeTmp

Run Build Command:"C:/Program Files (x86)/MSBuild/12.0/bin/MSBuild.exe" "cmTC_791af.vcxproj" "/p:Configuration=Debug" "/p:VisualStudioVersion=12.0"
Microsoft(R) 生成引擎版本 12.0.30501.0
[Microsoft .NET Framework 版本 4.0.30319.18444]
版权所有 (C) Microsoft Corporation。保留所有权利。

生成启动时间为 2016/3/21 星期一 下午 9:59:19。
节点 1 上的项目“E:\GitCode\Caffe_Test\src\thirdparty\HDF5\vs2013\CMakeFiles\CMakeTmp\cmTC_791af.vcxproj”(默认目标)。
PrepareForBuild:
  正在创建目录“cmTC_791af.dir\Debug\”。
  正在创建目录“E:\GitCode\Caffe_Test\src\thirdparty\HDF5\vs2013\CMakeFiles\CMakeTmp\Debug\”。
  正在创建目录“cmTC_791af.dir\Debug\cmTC_791af.tlog\”。
InitializeBuildStatus:
  正在创建“cmTC_791af.dir\Debug\cmTC_791af.tlog\unsuccessfulbuild”，因为已指定“AlwaysCreate”。
ClCompile:
  C:\Program Files (x86)\Microsoft Visual Studio 12.0\VC\bin\x86_amd64\CL.exe /c /Zi /W3 /WX- /Od /Ob0 /D WIN32 /D _WINDOWS /D H5_NO_STD /D WIN32_LEAN_AND_MEAN=1 /D NOGDI=1 /D HAVE_SYS_TYPES_H /D _DEBUG /D "CMAKE_INTDIR=\"Debug\"" /D _MBCS /Gm- /EHsc /RTC1 /MDd /GS /fp:precise /Zc:wchar_t /Zc:forScope /GR /Fo"cmTC_791af.dir\Debug\\" /Fd"cmTC_791af.dir\Debug\vc120.pdb" /Gd /TP /errorReport:queue "E:\GitCode\Caffe_Test\src\thirdparty\HDF5\hdf5-1.8.15-patch1\config\cmake_ext_mod\HDFCXXTests.cpp"
  用于 x64 的 Microsoft (R) C/C++ 优化编译器 18.00.30501 版
  版权所有(C) Microsoft Corporation。  保留所有权利。
  
  cl /c /Zi /W3 /WX- /Od /Ob0 /D WIN32 /D _WINDOWS /D H5_NO_STD /D WIN32_LEAN_AND_MEAN=1 /D NOGDI=1 /D HAVE_SYS_TYPES_H /D _DEBUG /D "CMAKE_INTDIR=\"Debug\"" /D _MBCS /Gm- /EHsc /RTC1 /MDd /GS /fp:precise /Zc:wchar_t /Zc:forScope /GR /Fo"cmTC_791af.dir\Debug\\" /Fd"cmTC_791af.dir\Debug\vc120.pdb" /Gd /TP /errorReport:queue "E:\GitCode\Caffe_Test\src\thirdparty\HDF5\hdf5-1.8.15-patch1\config\cmake_ext_mod\HDFCXXTests.cpp"
  
  HDFCXXTests.cpp
Link:
  C:\Program Files (x86)\Microsoft Visual Studio 12.0\VC\bin\x86_amd64\link.exe /ERRORREPORT:QUEUE /OUT:"E:\GitCode\Caffe_Test\src\thirdparty\HDF5\vs2013\CMakeFiles\CMakeTmp\Debug\cmTC_791af.exe" /INCREMENTAL /NOLOGO kernel32.lib user32.lib gdi32.lib winspool.lib shell32.lib ole32.lib oleaut32.lib uuid.lib comdlg32.lib advapi32.lib ws2_32.lib wsock32.lib /MANIFEST /MANIFESTUAC:"level='asInvoker' uiAccess='false'" /manifest:embed /DEBUG /PDB:"E:/GitCode/Caffe_Test/src/thirdparty/HDF5/vs2013/CMakeFiles/CMakeTmp/Debug/cmTC_791af.pdb" /SUBSYSTEM:CONSOLE /TLBID:1 /DYNAMICBASE /NXCOMPAT /IMPLIB:"E:/GitCode/Caffe_Test/src/thirdparty/HDF5/vs2013/CMakeFiles/CMakeTmp/Debug/cmTC_791af.lib" /MACHINE:X64  /machine:x64 /debug cmTC_791af.dir\Debug\HDFCXXTests.obj
MSVCRTD.lib(crtexe.obj) : error LNK2019: 无法解析的外部符号 main，该符号在函数 __tmainCRTStartup 中被引用 [E:\GitCode\Caffe_Test\src\thirdparty\HDF5\vs2013\CMakeFiles\CMakeTmp\cmTC_791af.vcxproj]
E:\GitCode\Caffe_Test\src\thirdparty\HDF5\vs2013\CMakeFiles\CMakeTmp\Debug\cmTC_791af.exe : fatal error LNK1120: 1 个无法解析的外部命令 [E:\GitCode\Caffe_Test\src\thirdparty\HDF5\vs2013\CMakeFiles\CMakeTmp\cmTC_791af.vcxproj]
已完成生成项目“E:\GitCode\Caffe_Test\src\thirdparty\HDF5\vs2013\CMakeFiles\CMakeTmp\cmTC_791af.vcxproj”(默认目标)的操作 - 失败。

生成失败。

“E:\GitCode\Caffe_Test\src\thirdparty\HDF5\vs2013\CMakeFiles\CMakeTmp\cmTC_791af.vcxproj”(默认目标) (1) ->
(Link 目标) -> 
  MSVCRTD.lib(crtexe.obj) : error LNK2019: 无法解析的外部符号 main，该符号在函数 __tmainCRTStartup 中被引用 [E:\GitCode\Caffe_Test\src\thirdparty\HDF5\vs2013\CMakeFiles\CMakeTmp\cmTC_791af.vcxproj]
  E:\GitCode\Caffe_Test\src\thirdparty\HDF5\vs2013\CMakeFiles\CMakeTmp\Debug\cmTC_791af.exe : fatal error LNK1120: 1 个无法解析的外部命令 [E:\GitCode\Caffe_Test\src\thirdparty\HDF5\vs2013\CMakeFiles\CMakeTmp\cmTC_791af.vcxproj]

    0 个警告
    2 个错误

已用时间 00:00:00.58

Performing CXX Test BOOL_NOTDEFINED failed with the following output:
Change Dir: E:/GitCode/Caffe_Test/src/thirdparty/HDF5/vs2013/CMakeFiles/CMakeTmp

Run Build Command:"C:/Program Files (x86)/MSBuild/12.0/bin/MSBuild.exe" "cmTC_2aae1.vcxproj" "/p:Configuration=Debug" "/p:VisualStudioVersion=12.0"
Microsoft(R) 生成引擎版本 12.0.30501.0
[Microsoft .NET Framework 版本 4.0.30319.18444]
版权所有 (C) Microsoft Corporation。保留所有权利。

生成启动时间为 2016/3/21 星期一 下午 9:59:20。
节点 1 上的项目“E:\GitCode\Caffe_Test\src\thirdparty\HDF5\vs2013\CMakeFiles\CMakeTmp\cmTC_2aae1.vcxproj”(默认目标)。
PrepareForBuild:
  正在创建目录“cmTC_2aae1.dir\Debug\”。
  正在创建目录“E:\GitCode\Caffe_Test\src\thirdparty\HDF5\vs2013\CMakeFiles\CMakeTmp\Debug\”。
  正在创建目录“cmTC_2aae1.dir\Debug\cmTC_2aae1.tlog\”。
InitializeBuildStatus:
  正在创建“cmTC_2aae1.dir\Debug\cmTC_2aae1.tlog\unsuccessfulbuild”，因为已指定“AlwaysCreate”。
ClCompile:
  C:\Program Files (x86)\Microsoft Visual Studio 12.0\VC\bin\x86_amd64\CL.exe /c /Zi /W3 /WX- /Od /Ob0 /D WIN32 /D _WINDOWS /D BOOL_NOTDEFINED /D WIN32_LEAN_AND_MEAN=1 /D NOGDI=1 /D HAVE_SYS_TYPES_H /D _DEBUG /D "CMAKE_INTDIR=\"Debug\"" /D _MBCS /Gm- /EHsc /RTC1 /MDd /GS /fp:precise /Zc:wchar_t /Zc:forScope /GR /Fo"cmTC_2aae1.dir\Debug\\" /Fd"cmTC_2aae1.dir\Debug\vc120.pdb" /Gd /TP /errorReport:queue "E:\GitCode\Caffe_Test\src\thirdparty\HDF5\hdf5-1.8.15-patch1\config\cmake_ext_mod\HDFCXXTests.cpp"
  用于 x64 的 Microsoft (R) C/C++ 优化编译器 18.00.30501 版
  版权所有(C) Microsoft Corporation。  保留所有权利。
  
  cl /c /Zi /W3 /WX- /Od /Ob0 /D WIN32 /D _WINDOWS /D BOOL_NOTDEFINED /D WIN32_LEAN_AND_MEAN=1 /D NOGDI=1 /D HAVE_SYS_TYPES_H /D _DEBUG /D "CMAKE_INTDIR=\"Debug\"" /D _MBCS /Gm- /EHsc /RTC1 /MDd /GS /fp:precise /Zc:wchar_t /Zc:forScope /GR /Fo"cmTC_2aae1.dir\Debug\\" /Fd"cmTC_2aae1.dir\Debug\vc120.pdb" /Gd /TP /errorReport:queue "E:\GitCode\Caffe_Test\src\thirdparty\HDF5\hdf5-1.8.15-patch1\config\cmake_ext_mod\HDFCXXTests.cpp"
  
  HDFCXXTests.cpp
E:\GitCode\Caffe_Test\src\thirdparty\HDF5\hdf5-1.8.15-patch1\config\cmake_ext_mod\HDFCXXTests.cpp(40): warning C4101: “flag”: 未引用的局部变量 [E:\GitCode\Caffe_Test\src\thirdparty\HDF5\vs2013\CMakeFiles\CMakeTmp\cmTC_2aae1.vcxproj]
Link:
  C:\Program Files (x86)\Microsoft Visual Studio 12.0\VC\bin\x86_amd64\link.exe /ERRORREPORT:QUEUE /OUT:"E:\GitCode\Caffe_Test\src\thirdparty\HDF5\vs2013\CMakeFiles\CMakeTmp\Debug\cmTC_2aae1.exe" /INCREMENTAL /NOLOGO kernel32.lib user32.lib gdi32.lib winspool.lib shell32.lib ole32.lib oleaut32.lib uuid.lib comdlg32.lib advapi32.lib ws2_32.lib wsock32.lib /MANIFEST /MANIFESTUAC:"level='asInvoker' uiAccess='false'" /manifest:embed /DEBUG /PDB:"E:/GitCode/Caffe_Test/src/thirdparty/HDF5/vs2013/CMakeFiles/CMakeTmp/Debug/cmTC_2aae1.pdb" /SUBSYSTEM:CONSOLE /TLBID:1 /DYNAMICBASE /NXCOMPAT /IMPLIB:"E:/GitCode/Caffe_Test/src/thirdparty/HDF5/vs2013/CMakeFiles/CMakeTmp/Debug/cmTC_2aae1.lib" /MACHINE:X64  /machine:x64 /debug cmTC_2aae1.dir\Debug\HDFCXXTests.obj
  cmTC_2aae1.vcxproj -> E:\GitCode\Caffe_Test\src\thirdparty\HDF5\vs2013\CMakeFiles\CMakeTmp\Debug\cmTC_2aae1.exe
FinalizeBuildStatus:
  正在删除文件“cmTC_2aae1.dir\Debug\cmTC_2aae1.tlog\unsuccessfulbuild”。
  正在对“cmTC_2aae1.dir\Debug\cmTC_2aae1.tlog\cmTC_2aae1.lastbuildstate”执行 Touch 任务。
已完成生成项目“E:\GitCode\Caffe_Test\src\thirdparty\HDF5\vs2013\CMakeFiles\CMakeTmp\cmTC_2aae1.vcxproj”(默认目标)的操作。

已成功生成。

“E:\GitCode\Caffe_Test\src\thirdparty\HDF5\vs2013\CMakeFiles\CMakeTmp\cmTC_2aae1.vcxproj”(默认目标) (1) ->
(ClCompile 目标) -> 
  E:\GitCode\Caffe_Test\src\thirdparty\HDF5\hdf5-1.8.15-patch1\config\cmake_ext_mod\HDFCXXTests.cpp(40): warning C4101: “flag”: 未引用的局部变量 [E:\GitCode\Caffe_Test\src\thirdparty\HDF5\vs2013\CMakeFiles\CMakeTmp\cmTC_2aae1.vcxproj]

    1 个警告
    0 个错误

已用时间 00:00:00.70

Performing CXX Test NO_STATIC_CAST failed with the following output:
Change Dir: E:/GitCode/Caffe_Test/src/thirdparty/HDF5/vs2013/CMakeFiles/CMakeTmp

Run Build Command:"C:/Program Files (x86)/MSBuild/12.0/bin/MSBuild.exe" "cmTC_d158f.vcxproj" "/p:Configuration=Debug" "/p:VisualStudioVersion=12.0"
Microsoft(R) 生成引擎版本 12.0.30501.0
[Microsoft .NET Framework 版本 4.0.30319.18444]
版权所有 (C) Microsoft Corporation。保留所有权利。

生成启动时间为 2016/3/21 星期一 下午 9:59:21。
节点 1 上的项目“E:\GitCode\Caffe_Test\src\thirdparty\HDF5\vs2013\CMakeFiles\CMakeTmp\cmTC_d158f.vcxproj”(默认目标)。
PrepareForBuild:
  正在创建目录“cmTC_d158f.dir\Debug\”。
  正在创建目录“E:\GitCode\Caffe_Test\src\thirdparty\HDF5\vs2013\CMakeFiles\CMakeTmp\Debug\”。
  正在创建目录“cmTC_d158f.dir\Debug\cmTC_d158f.tlog\”。
InitializeBuildStatus:
  正在创建“cmTC_d158f.dir\Debug\cmTC_d158f.tlog\unsuccessfulbuild”，因为已指定“AlwaysCreate”。
ClCompile:
  C:\Program Files (x86)\Microsoft Visual Studio 12.0\VC\bin\x86_amd64\CL.exe /c /Zi /W3 /WX- /Od /Ob0 /D WIN32 /D _WINDOWS /D NO_STATIC_CAST /D WIN32_LEAN_AND_MEAN=1 /D NOGDI=1 /D HAVE_SYS_TYPES_H /D _DEBUG /D "CMAKE_INTDIR=\"Debug\"" /D _MBCS /Gm- /EHsc /RTC1 /MDd /GS /fp:precise /Zc:wchar_t /Zc:forScope /GR /Fo"cmTC_d158f.dir\Debug\\" /Fd"cmTC_d158f.dir\Debug\vc120.pdb" /Gd /TP /errorReport:queue "E:\GitCode\Caffe_Test\src\thirdparty\HDF5\hdf5-1.8.15-patch1\config\cmake_ext_mod\HDFCXXTests.cpp"
  用于 x64 的 Microsoft (R) C/C++ 优化编译器 18.00.30501 版
  版权所有(C) Microsoft Corporation。  保留所有权利。
  
  cl /c /Zi /W3 /WX- /Od /Ob0 /D WIN32 /D _WINDOWS /D NO_STATIC_CAST /D WIN32_LEAN_AND_MEAN=1 /D NOGDI=1 /D HAVE_SYS_TYPES_H /D _DEBUG /D "CMAKE_INTDIR=\"Debug\"" /D _MBCS /Gm- /EHsc /RTC1 /MDd /GS /fp:precise /Zc:wchar_t /Zc:forScope /GR /Fo"cmTC_d158f.dir\Debug\\" /Fd"cmTC_d158f.dir\Debug\vc120.pdb" /Gd /TP /errorReport:queue "E:\GitCode\Caffe_Test\src\thirdparty\HDF5\hdf5-1.8.15-patch1\config\cmake_ext_mod\HDFCXXTests.cpp"
  
  HDFCXXTests.cpp
Link:
  C:\Program Files (x86)\Microsoft Visual Studio 12.0\VC\bin\x86_amd64\link.exe /ERRORREPORT:QUEUE /OUT:"E:\GitCode\Caffe_Test\src\thirdparty\HDF5\vs2013\CMakeFiles\CMakeTmp\Debug\cmTC_d158f.exe" /INCREMENTAL /NOLOGO kernel32.lib user32.lib gdi32.lib winspool.lib shell32.lib ole32.lib oleaut32.lib uuid.lib comdlg32.lib advapi32.lib ws2_32.lib wsock32.lib /MANIFEST /MANIFESTUAC:"level='asInvoker' uiAccess='false'" /manifest:embed /DEBUG /PDB:"E:/GitCode/Caffe_Test/src/thirdparty/HDF5/vs2013/CMakeFiles/CMakeTmp/Debug/cmTC_d158f.pdb" /SUBSYSTEM:CONSOLE /TLBID:1 /DYNAMICBASE /NXCOMPAT /IMPLIB:"E:/GitCode/Caffe_Test/src/thirdparty/HDF5/vs2013/CMakeFiles/CMakeTmp/Debug/cmTC_d158f.lib" /MACHINE:X64  /machine:x64 /debug cmTC_d158f.dir\Debug\HDFCXXTests.obj
  cmTC_d158f.vcxproj -> E:\GitCode\Caffe_Test\src\thirdparty\HDF5\vs2013\CMakeFiles\CMakeTmp\Debug\cmTC_d158f.exe
FinalizeBuildStatus:
  正在删除文件“cmTC_d158f.dir\Debug\cmTC_d158f.tlog\unsuccessfulbuild”。
  正在对“cmTC_d158f.dir\Debug\cmTC_d158f.tlog\cmTC_d158f.lastbuildstate”执行 Touch 任务。
已完成生成项目“E:\GitCode\Caffe_Test\src\thirdparty\HDF5\vs2013\CMakeFiles\CMakeTmp\cmTC_d158f.vcxproj”(默认目标)的操作。

已成功生成。
    0 个警告
    0 个错误

已用时间 00:00:00.65

Performing Other Test INLINE_TEST_inline failed with the following output:
Change Dir: E:/GitCode/Caffe_Test/src/thirdparty/HDF5/vs2013/CMakeFiles/CMakeTmp

Run Build Command:"C:/Program Files (x86)/MSBuild/12.0/bin/MSBuild.exe" "cmTC_a0fb8.vcxproj" "/p:Configuration=Debug" "/p:VisualStudioVersion=12.0"
Microsoft(R) 生成引擎版本 12.0.30501.0
[Microsoft .NET Framework 版本 4.0.30319.18444]
版权所有 (C) Microsoft Corporation。保留所有权利。

生成启动时间为 2016/3/21 星期一 下午 9:59:23。
节点 1 上的项目“E:\GitCode\Caffe_Test\src\thirdparty\HDF5\vs2013\CMakeFiles\CMakeTmp\cmTC_a0fb8.vcxproj”(默认目标)。
PrepareForBuild:
  正在创建目录“cmTC_a0fb8.dir\Debug\”。
  正在创建目录“E:\GitCode\Caffe_Test\src\thirdparty\HDF5\vs2013\CMakeFiles\CMakeTmp\Debug\”。
  正在创建目录“cmTC_a0fb8.dir\Debug\cmTC_a0fb8.tlog\”。
InitializeBuildStatus:
  正在创建“cmTC_a0fb8.dir\Debug\cmTC_a0fb8.tlog\unsuccessfulbuild”，因为已指定“AlwaysCreate”。
ClCompile:
  C:\Program Files (x86)\Microsoft Visual Studio 12.0\VC\bin\x86_amd64\CL.exe /c /Zi /W3 /WX- /Od /Ob0 /D WIN32 /D _WINDOWS /D INLINE_TEST_inline /D WIN32_LEAN_AND_MEAN=1 /D NOGDI=1 /D INLINE_TEST_INLINE=inline /D HAVE_SYS_TYPES_H /D _DEBUG /D "CMAKE_INTDIR=\"Debug\"" /D _MBCS /Gm- /RTC1 /MDd /GS /fp:precise /Zc:wchar_t /Zc:forScope /Fo"cmTC_a0fb8.dir\Debug\\" /Fd"cmTC_a0fb8.dir\Debug\vc120.pdb" /Gd /TC /errorReport:queue "E:\GitCode\Caffe_Test\src\thirdparty\HDF5\hdf5-1.8.15-patch1\config\cmake_ext_mod\HDFTests.c"
  用于 x64 的 Microsoft (R) C/C++ 优化编译器 18.00.30501 版
  版权所有(C) Microsoft Corporation。  保留所有权利。
  
  cl /c /Zi /W3 /WX- /Od /Ob0 /D WIN32 /D _WINDOWS /D INLINE_TEST_inline /D WIN32_LEAN_AND_MEAN=1 /D NOGDI=1 /D INLINE_TEST_INLINE=inline /D HAVE_SYS_TYPES_H /D _DEBUG /D "CMAKE_INTDIR=\"Debug\"" /D _MBCS /Gm- /RTC1 /MDd /GS /fp:precise /Zc:wchar_t /Zc:forScope /Fo"cmTC_a0fb8.dir\Debug\\" /Fd"cmTC_a0fb8.dir\Debug\vc120.pdb" /Gd /TC /errorReport:queue "E:\GitCode\Caffe_Test\src\thirdparty\HDF5\hdf5-1.8.15-patch1\config\cmake_ext_mod\HDFTests.c"
  
  HDFTests.c
E:\GitCode\Caffe_Test\src\thirdparty\HDF5\hdf5-1.8.15-patch1\config\cmake_ext_mod\HDFTests.c(461): error C2054: 在“inline”之后应输入“(” [E:\GitCode\Caffe_Test\src\thirdparty\HDF5\vs2013\CMakeFiles\CMakeTmp\cmTC_a0fb8.vcxproj]
E:\GitCode\Caffe_Test\src\thirdparty\HDF5\hdf5-1.8.15-patch1\config\cmake_ext_mod\HDFTests.c(461): error C2085: “static_foo”: 不在形参表中 [E:\GitCode\Caffe_Test\src\thirdparty\HDF5\vs2013\CMakeFiles\CMakeTmp\cmTC_a0fb8.vcxproj]
E:\GitCode\Caffe_Test\src\thirdparty\HDF5\hdf5-1.8.15-patch1\config\cmake_ext_mod\HDFTests.c(461): error C2143: 语法错误 : 缺少“;”(在“{”的前面) [E:\GitCode\Caffe_Test\src\thirdparty\HDF5\vs2013\CMakeFiles\CMakeTmp\cmTC_a0fb8.vcxproj]
E:\GitCode\Caffe_Test\src\thirdparty\HDF5\hdf5-1.8.15-patch1\config\cmake_ext_mod\HDFTests.c(462): error C2054: 在“inline”之后应输入“(” [E:\GitCode\Caffe_Test\src\thirdparty\HDF5\vs2013\CMakeFiles\CMakeTmp\cmTC_a0fb8.vcxproj]
E:\GitCode\Caffe_Test\src\thirdparty\HDF5\hdf5-1.8.15-patch1\config\cmake_ext_mod\HDFTests.c(462): error C2085: “foo”: 不在形参表中 [E:\GitCode\Caffe_Test\src\thirdparty\HDF5\vs2013\CMakeFiles\CMakeTmp\cmTC_a0fb8.vcxproj]
E:\GitCode\Caffe_Test\src\thirdparty\HDF5\hdf5-1.8.15-patch1\config\cmake_ext_mod\HDFTests.c(462): error C2143: 语法错误 : 缺少“;”(在“{”的前面) [E:\GitCode\Caffe_Test\src\thirdparty\HDF5\vs2013\CMakeFiles\CMakeTmp\cmTC_a0fb8.vcxproj]
已完成生成项目“E:\GitCode\Caffe_Test\src\thirdparty\HDF5\vs2013\CMakeFiles\CMakeTmp\cmTC_a0fb8.vcxproj”(默认目标)的操作 - 失败。

生成失败。

“E:\GitCode\Caffe_Test\src\thirdparty\HDF5\vs2013\CMakeFiles\CMakeTmp\cmTC_a0fb8.vcxproj”(默认目标) (1) ->
(ClCompile 目标) -> 
  E:\GitCode\Caffe_Test\src\thirdparty\HDF5\hdf5-1.8.15-patch1\config\cmake_ext_mod\HDFTests.c(461): error C2054: 在“inline”之后应输入“(” [E:\GitCode\Caffe_Test\src\thirdparty\HDF5\vs2013\CMakeFiles\CMakeTmp\cmTC_a0fb8.vcxproj]
  E:\GitCode\Caffe_Test\src\thirdparty\HDF5\hdf5-1.8.15-patch1\config\cmake_ext_mod\HDFTests.c(461): error C2085: “static_foo”: 不在形参表中 [E:\GitCode\Caffe_Test\src\thirdparty\HDF5\vs2013\CMakeFiles\CMakeTmp\cmTC_a0fb8.vcxproj]
  E:\GitCode\Caffe_Test\src\thirdparty\HDF5\hdf5-1.8.15-patch1\config\cmake_ext_mod\HDFTests.c(461): error C2143: 语法错误 : 缺少“;”(在“{”的前面) [E:\GitCode\Caffe_Test\src\thirdparty\HDF5\vs2013\CMakeFiles\CMakeTmp\cmTC_a0fb8.vcxproj]
  E:\GitCode\Caffe_Test\src\thirdparty\HDF5\hdf5-1.8.15-patch1\config\cmake_ext_mod\HDFTests.c(462): error C2054: 在“inline”之后应输入“(” [E:\GitCode\Caffe_Test\src\thirdparty\HDF5\vs2013\CMakeFiles\CMakeTmp\cmTC_a0fb8.vcxproj]
  E:\GitCode\Caffe_Test\src\thirdparty\HDF5\hdf5-1.8.15-patch1\config\cmake_ext_mod\HDFTests.c(462): error C2085: “foo”: 不在形参表中 [E:\GitCode\Caffe_Test\src\thirdparty\HDF5\vs2013\CMakeFiles\CMakeTmp\cmTC_a0fb8.vcxproj]
  E:\GitCode\Caffe_Test\src\thirdparty\HDF5\hdf5-1.8.15-patch1\config\cmake_ext_mod\HDFTests.c(462): error C2143: 语法错误 : 缺少“;”(在“{”的前面) [E:\GitCode\Caffe_Test\src\thirdparty\HDF5\vs2013\CMakeFiles\CMakeTmp\cmTC_a0fb8.vcxproj]

    0 个警告
    6 个错误

已用时间 00:00:00.40

Performing Other Test INLINE_TEST___inline__ failed with the following output:
Change Dir: E:/GitCode/Caffe_Test/src/thirdparty/HDF5/vs2013/CMakeFiles/CMakeTmp

Run Build Command:"C:/Program Files (x86)/MSBuild/12.0/bin/MSBuild.exe" "cmTC_b6783.vcxproj" "/p:Configuration=Debug" "/p:VisualStudioVersion=12.0"
Microsoft(R) 生成引擎版本 12.0.30501.0
[Microsoft .NET Framework 版本 4.0.30319.18444]
版权所有 (C) Microsoft Corporation。保留所有权利。

生成启动时间为 2016/3/21 星期一 下午 9:59:24。
节点 1 上的项目“E:\GitCode\Caffe_Test\src\thirdparty\HDF5\vs2013\CMakeFiles\CMakeTmp\cmTC_b6783.vcxproj”(默认目标)。
PrepareForBuild:
  正在创建目录“cmTC_b6783.dir\Debug\”。
  正在创建目录“E:\GitCode\Caffe_Test\src\thirdparty\HDF5\vs2013\CMakeFiles\CMakeTmp\Debug\”。
  正在创建目录“cmTC_b6783.dir\Debug\cmTC_b6783.tlog\”。
InitializeBuildStatus:
  正在创建“cmTC_b6783.dir\Debug\cmTC_b6783.tlog\unsuccessfulbuild”，因为已指定“AlwaysCreate”。
ClCompile:
  C:\Program Files (x86)\Microsoft Visual Studio 12.0\VC\bin\x86_amd64\CL.exe /c /Zi /W3 /WX- /Od /Ob0 /D WIN32 /D _WINDOWS /D INLINE_TEST___inline__ /D WIN32_LEAN_AND_MEAN=1 /D NOGDI=1 /D INLINE_TEST_INLINE=__inline__ /D HAVE_SYS_TYPES_H /D _DEBUG /D "CMAKE_INTDIR=\"Debug\"" /D _MBCS /Gm- /RTC1 /MDd /GS /fp:precise /Zc:wchar_t /Zc:forScope /Fo"cmTC_b6783.dir\Debug\\" /Fd"cmTC_b6783.dir\Debug\vc120.pdb" /Gd /TC /errorReport:queue "E:\GitCode\Caffe_Test\src\thirdparty\HDF5\hdf5-1.8.15-patch1\config\cmake_ext_mod\HDFTests.c"
  用于 x64 的 Microsoft (R) C/C++ 优化编译器 18.00.30501 版
  版权所有(C) Microsoft Corporation。  保留所有权利。
  
  cl /c /Zi /W3 /WX- /Od /Ob0 /D WIN32 /D _WINDOWS /D INLINE_TEST___inline__ /D WIN32_LEAN_AND_MEAN=1 /D NOGDI=1 /D INLINE_TEST_INLINE=__inline__ /D HAVE_SYS_TYPES_H /D _DEBUG /D "CMAKE_INTDIR=\"Debug\"" /D _MBCS /Gm- /RTC1 /MDd /GS /fp:precise /Zc:wchar_t /Zc:forScope /Fo"cmTC_b6783.dir\Debug\\" /Fd"cmTC_b6783.dir\Debug\vc120.pdb" /Gd /TC /errorReport:queue "E:\GitCode\Caffe_Test\src\thirdparty\HDF5\hdf5-1.8.15-patch1\config\cmake_ext_mod\HDFTests.c"
  
  HDFTests.c
E:\GitCode\Caffe_Test\src\thirdparty\HDF5\hdf5-1.8.15-patch1\config\cmake_ext_mod\HDFTests.c(461): error C2054: 在“__inline__”之后应输入“(” [E:\GitCode\Caffe_Test\src\thirdparty\HDF5\vs2013\CMakeFiles\CMakeTmp\cmTC_b6783.vcxproj]
E:\GitCode\Caffe_Test\src\thirdparty\HDF5\hdf5-1.8.15-patch1\config\cmake_ext_mod\HDFTests.c(461): error C2085: “static_foo”: 不在形参表中 [E:\GitCode\Caffe_Test\src\thirdparty\HDF5\vs2013\CMakeFiles\CMakeTmp\cmTC_b6783.vcxproj]
E:\GitCode\Caffe_Test\src\thirdparty\HDF5\hdf5-1.8.15-patch1\config\cmake_ext_mod\HDFTests.c(461): error C2143: 语法错误 : 缺少“;”(在“{”的前面) [E:\GitCode\Caffe_Test\src\thirdparty\HDF5\vs2013\CMakeFiles\CMakeTmp\cmTC_b6783.vcxproj]
E:\GitCode\Caffe_Test\src\thirdparty\HDF5\hdf5-1.8.15-patch1\config\cmake_ext_mod\HDFTests.c(462): error C2054: 在“__inline__”之后应输入“(” [E:\GitCode\Caffe_Test\src\thirdparty\HDF5\vs2013\CMakeFiles\CMakeTmp\cmTC_b6783.vcxproj]
E:\GitCode\Caffe_Test\src\thirdparty\HDF5\hdf5-1.8.15-patch1\config\cmake_ext_mod\HDFTests.c(462): error C2085: “foo”: 不在形参表中 [E:\GitCode\Caffe_Test\src\thirdparty\HDF5\vs2013\CMakeFiles\CMakeTmp\cmTC_b6783.vcxproj]
E:\GitCode\Caffe_Test\src\thirdparty\HDF5\hdf5-1.8.15-patch1\config\cmake_ext_mod\HDFTests.c(462): error C2143: 语法错误 : 缺少“;”(在“{”的前面) [E:\GitCode\Caffe_Test\src\thirdparty\HDF5\vs2013\CMakeFiles\CMakeTmp\cmTC_b6783.vcxproj]
已完成生成项目“E:\GitCode\Caffe_Test\src\thirdparty\HDF5\vs2013\CMakeFiles\CMakeTmp\cmTC_b6783.vcxproj”(默认目标)的操作 - 失败。

生成失败。

“E:\GitCode\Caffe_Test\src\thirdparty\HDF5\vs2013\CMakeFiles\CMakeTmp\cmTC_b6783.vcxproj”(默认目标) (1) ->
(ClCompile 目标) -> 
  E:\GitCode\Caffe_Test\src\thirdparty\HDF5\hdf5-1.8.15-patch1\config\cmake_ext_mod\HDFTests.c(461): error C2054: 在“__inline__”之后应输入“(” [E:\GitCode\Caffe_Test\src\thirdparty\HDF5\vs2013\CMakeFiles\CMakeTmp\cmTC_b6783.vcxproj]
  E:\GitCode\Caffe_Test\src\thirdparty\HDF5\hdf5-1.8.15-patch1\config\cmake_ext_mod\HDFTests.c(461): error C2085: “static_foo”: 不在形参表中 [E:\GitCode\Caffe_Test\src\thirdparty\HDF5\vs2013\CMakeFiles\CMakeTmp\cmTC_b6783.vcxproj]
  E:\GitCode\Caffe_Test\src\thirdparty\HDF5\hdf5-1.8.15-patch1\config\cmake_ext_mod\HDFTests.c(461): error C2143: 语法错误 : 缺少“;”(在“{”的前面) [E:\GitCode\Caffe_Test\src\thirdparty\HDF5\vs2013\CMakeFiles\CMakeTmp\cmTC_b6783.vcxproj]
  E:\GitCode\Caffe_Test\src\thirdparty\HDF5\hdf5-1.8.15-patch1\config\cmake_ext_mod\HDFTests.c(462): error C2054: 在“__inline__”之后应输入“(” [E:\GitCode\Caffe_Test\src\thirdparty\HDF5\vs2013\CMakeFiles\CMakeTmp\cmTC_b6783.vcxproj]
  E:\GitCode\Caffe_Test\src\thirdparty\HDF5\hdf5-1.8.15-patch1\config\cmake_ext_mod\HDFTests.c(462): error C2085: “foo”: 不在形参表中 [E:\GitCode\Caffe_Test\src\thirdparty\HDF5\vs2013\CMakeFiles\CMakeTmp\cmTC_b6783.vcxproj]
  E:\GitCode\Caffe_Test\src\thirdparty\HDF5\hdf5-1.8.15-patch1\config\cmake_ext_mod\HDFTests.c(462): error C2143: 语法错误 : 缺少“;”(在“{”的前面) [E:\GitCode\Caffe_Test\src\thirdparty\HDF5\vs2013\CMakeFiles\CMakeTmp\cmTC_b6783.vcxproj]

    0 个警告
    6 个错误

已用时间 00:00:00.46

Test H5_LDOUBLE_TO_LONG_SPECIAL Run failed with the following output and exit code:
 Change Dir: E:/GitCode/Caffe_Test/src/thirdparty/HDF5/vs2013/CMakeFiles/CMakeTmp

Run Build Command:"C:/Program Files (x86)/MSBuild/12.0/bin/MSBuild.exe" "cmTC_06b78.vcxproj" "/p:Configuration=Debug" "/p:VisualStudioVersion=12.0"
Microsoft(R) 生成引擎版本 12.0.30501.0
[Microsoft .NET Framework 版本 4.0.30319.18444]
版权所有 (C) Microsoft Corporation。保留所有权利。

生成启动时间为 2016/3/21 星期一 下午 9:59:27。
节点 1 上的项目“E:\GitCode\Caffe_Test\src\thirdparty\HDF5\vs2013\CMakeFiles\CMakeTmp\cmTC_06b78.vcxproj”(默认目标)。
PrepareForBuild:
  正在创建目录“cmTC_06b78.dir\Debug\”。
  正在创建目录“E:\GitCode\Caffe_Test\src\thirdparty\HDF5\vs2013\CMakeFiles\CMakeTmp\Debug\”。
  正在创建目录“cmTC_06b78.dir\Debug\cmTC_06b78.tlog\”。
InitializeBuildStatus:
  正在创建“cmTC_06b78.dir\Debug\cmTC_06b78.tlog\unsuccessfulbuild”，因为已指定“AlwaysCreate”。
ClCompile:
  C:\Program Files (x86)\Microsoft Visual Studio 12.0\VC\bin\x86_amd64\CL.exe /c /Zi /W3 /WX- /Od /Ob0 /D WIN32 /D _WINDOWS /D H5_LDOUBLE_TO_LONG_SPECIAL_TEST /D _DEBUG /D "CMAKE_INTDIR=\"Debug\"" /D _MBCS /Gm- /RTC1 /MDd /GS /fp:precise /Zc:wchar_t /Zc:forScope /Fo"cmTC_06b78.dir\Debug\\" /Fd"cmTC_06b78.dir\Debug\vc120.pdb" /Gd /TC /errorReport:queue "E:\GitCode\Caffe_Test\src\thirdparty\HDF5\hdf5-1.8.15-patch1\config\cmake\ConversionTests.c"
  用于 x64 的 Microsoft (R) C/C++ 优化编译器 18.00.30501 版
  版权所有(C) Microsoft Corporation。  保留所有权利。
  
  cl /c /Zi /W3 /WX- /Od /Ob0 /D WIN32 /D _WINDOWS /D H5_LDOUBLE_TO_LONG_SPECIAL_TEST /D _DEBUG /D "CMAKE_INTDIR=\"Debug\"" /D _MBCS /Gm- /RTC1 /MDd /GS /fp:precise /Zc:wchar_t /Zc:forScope /Fo"cmTC_06b78.dir\Debug\\" /Fd"cmTC_06b78.dir\Debug\vc120.pdb" /Gd /TC /errorReport:queue "E:\GitCode\Caffe_Test\src\thirdparty\HDF5\hdf5-1.8.15-patch1\config\cmake\ConversionTests.c"
  
  ConversionTests.c
E:\GitCode\Caffe_Test\src\thirdparty\HDF5\hdf5-1.8.15-patch1\config\cmake\ConversionTests.c(32): warning C4013: “memcpy”未定义；假设外部返回 int [E:\GitCode\Caffe_Test\src\thirdparty\HDF5\vs2013\CMakeFiles\CMakeTmp\cmTC_06b78.vcxproj]
E:\GitCode\Caffe_Test\src\thirdparty\HDF5\hdf5-1.8.15-patch1\config\cmake\ConversionTests.c(69): warning C4013: “exit”未定义；假设外部返回 int [E:\GitCode\Caffe_Test\src\thirdparty\HDF5\vs2013\CMakeFiles\CMakeTmp\cmTC_06b78.vcxproj]
E:\GitCode\Caffe_Test\src\thirdparty\HDF5\hdf5-1.8.15-patch1\config\cmake\ConversionTests.c(68): warning C4102: “done”: 未引用的标签 [E:\GitCode\Caffe_Test\src\thirdparty\HDF5\vs2013\CMakeFiles\CMakeTmp\cmTC_06b78.vcxproj]
Link:
  C:\Program Files (x86)\Microsoft Visual Studio 12.0\VC\bin\x86_amd64\link.exe /ERRORREPORT:QUEUE /OUT:"E:\GitCode\Caffe_Test\src\thirdparty\HDF5\vs2013\CMakeFiles\CMakeTmp\Debug\cmTC_06b78.exe" /INCREMENTAL /NOLOGO kernel32.lib user32.lib gdi32.lib winspool.lib shell32.lib ole32.lib oleaut32.lib uuid.lib comdlg32.lib advapi32.lib /MANIFEST /MANIFESTUAC:"level='asInvoker' uiAccess='false'" /manifest:embed /DEBUG /PDB:"E:/GitCode/Caffe_Test/src/thirdparty/HDF5/vs2013/CMakeFiles/CMakeTmp/Debug/cmTC_06b78.pdb" /SUBSYSTEM:CONSOLE /TLBID:1 /DYNAMICBASE /NXCOMPAT /IMPLIB:"E:/GitCode/Caffe_Test/src/thirdparty/HDF5/vs2013/CMakeFiles/CMakeTmp/Debug/cmTC_06b78.lib" /MACHINE:X64  /machine:x64 /debug cmTC_06b78.dir\Debug\ConversionTests.obj
  cmTC_06b78.vcxproj -> E:\GitCode\Caffe_Test\src\thirdparty\HDF5\vs2013\CMakeFiles\CMakeTmp\Debug\cmTC_06b78.exe
FinalizeBuildStatus:
  正在删除文件“cmTC_06b78.dir\Debug\cmTC_06b78.tlog\unsuccessfulbuild”。
  正在对“cmTC_06b78.dir\Debug\cmTC_06b78.tlog\cmTC_06b78.lastbuildstate”执行 Touch 任务。
已完成生成项目“E:\GitCode\Caffe_Test\src\thirdparty\HDF5\vs2013\CMakeFiles\CMakeTmp\cmTC_06b78.vcxproj”(默认目标)的操作。

已成功生成。

“E:\GitCode\Caffe_Test\src\thirdparty\HDF5\vs2013\CMakeFiles\CMakeTmp\cmTC_06b78.vcxproj”(默认目标) (1) ->
(ClCompile 目标) -> 
  E:\GitCode\Caffe_Test\src\thirdparty\HDF5\hdf5-1.8.15-patch1\config\cmake\ConversionTests.c(32): warning C4013: “memcpy”未定义；假设外部返回 int [E:\GitCode\Caffe_Test\src\thirdparty\HDF5\vs2013\CMakeFiles\CMakeTmp\cmTC_06b78.vcxproj]
  E:\GitCode\Caffe_Test\src\thirdparty\HDF5\hdf5-1.8.15-patch1\config\cmake\ConversionTests.c(69): warning C4013: “exit”未定义；假设外部返回 int [E:\GitCode\Caffe_Test\src\thirdparty\HDF5\vs2013\CMakeFiles\CMakeTmp\cmTC_06b78.vcxproj]
  E:\GitCode\Caffe_Test\src\thirdparty\HDF5\hdf5-1.8.15-patch1\config\cmake\ConversionTests.c(68): warning C4102: “done”: 未引用的标签 [E:\GitCode\Caffe_Test\src\thirdparty\HDF5\vs2013\CMakeFiles\CMakeTmp\cmTC_06b78.vcxproj]

    3 个警告
    0 个错误

已用时间 00:00:00.63

Test H5_LONG_TO_LDOUBLE_SPECIAL Run failed with the following output and exit code:
 Change Dir: E:/GitCode/Caffe_Test/src/thirdparty/HDF5/vs2013/CMakeFiles/CMakeTmp

Run Build Command:"C:/Program Files (x86)/MSBuild/12.0/bin/MSBuild.exe" "cmTC_292fd.vcxproj" "/p:Configuration=Debug" "/p:VisualStudioVersion=12.0"
Microsoft(R) 生成引擎版本 12.0.30501.0
[Microsoft .NET Framework 版本 4.0.30319.18444]
版权所有 (C) Microsoft Corporation。保留所有权利。

生成启动时间为 2016/3/21 星期一 下午 9:59:28。
节点 1 上的项目“E:\GitCode\Caffe_Test\src\thirdparty\HDF5\vs2013\CMakeFiles\CMakeTmp\cmTC_292fd.vcxproj”(默认目标)。
PrepareForBuild:
  正在创建目录“cmTC_292fd.dir\Debug\”。
  正在创建目录“E:\GitCode\Caffe_Test\src\thirdparty\HDF5\vs2013\CMakeFiles\CMakeTmp\Debug\”。
  正在创建目录“cmTC_292fd.dir\Debug\cmTC_292fd.tlog\”。
InitializeBuildStatus:
  正在创建“cmTC_292fd.dir\Debug\cmTC_292fd.tlog\unsuccessfulbuild”，因为已指定“AlwaysCreate”。
ClCompile:
  C:\Program Files (x86)\Microsoft Visual Studio 12.0\VC\bin\x86_amd64\CL.exe /c /Zi /W3 /WX- /Od /Ob0 /D WIN32 /D _WINDOWS /D H5_LONG_TO_LDOUBLE_SPECIAL_TEST /D _DEBUG /D "CMAKE_INTDIR=\"Debug\"" /D _MBCS /Gm- /RTC1 /MDd /GS /fp:precise /Zc:wchar_t /Zc:forScope /Fo"cmTC_292fd.dir\Debug\\" /Fd"cmTC_292fd.dir\Debug\vc120.pdb" /Gd /TC /errorReport:queue "E:\GitCode\Caffe_Test\src\thirdparty\HDF5\hdf5-1.8.15-patch1\config\cmake\ConversionTests.c"
  用于 x64 的 Microsoft (R) C/C++ 优化编译器 18.00.30501 版
  版权所有(C) Microsoft Corporation。  保留所有权利。
  
  cl /c /Zi /W3 /WX- /Od /Ob0 /D WIN32 /D _WINDOWS /D H5_LONG_TO_LDOUBLE_SPECIAL_TEST /D _DEBUG /D "CMAKE_INTDIR=\"Debug\"" /D _MBCS /Gm- /RTC1 /MDd /GS /fp:precise /Zc:wchar_t /Zc:forScope /Fo"cmTC_292fd.dir\Debug\\" /Fd"cmTC_292fd.dir\Debug\vc120.pdb" /Gd /TC /errorReport:queue "E:\GitCode\Caffe_Test\src\thirdparty\HDF5\hdf5-1.8.15-patch1\config\cmake\ConversionTests.c"
  ConversionTests.c
  
E:\GitCode\Caffe_Test\src\thirdparty\HDF5\hdf5-1.8.15-patch1\config\cmake\ConversionTests.c(88): warning C4013: “memcpy”未定义；假设外部返回 int [E:\GitCode\Caffe_Test\src\thirdparty\HDF5\vs2013\CMakeFiles\CMakeTmp\cmTC_292fd.vcxproj]
E:\GitCode\Caffe_Test\src\thirdparty\HDF5\hdf5-1.8.15-patch1\config\cmake\ConversionTests.c(95): warning C4305: “=”: 从“__int64”到“long”截断 [E:\GitCode\Caffe_Test\src\thirdparty\HDF5\vs2013\CMakeFiles\CMakeTmp\cmTC_292fd.vcxproj]
E:\GitCode\Caffe_Test\src\thirdparty\HDF5\hdf5-1.8.15-patch1\config\cmake\ConversionTests.c(129): warning C4013: “exit”未定义；假设外部返回 int [E:\GitCode\Caffe_Test\src\thirdparty\HDF5\vs2013\CMakeFiles\CMakeTmp\cmTC_292fd.vcxproj]
E:\GitCode\Caffe_Test\src\thirdparty\HDF5\hdf5-1.8.15-patch1\config\cmake\ConversionTests.c(128): warning C4102: “done”: 未引用的标签 [E:\GitCode\Caffe_Test\src\thirdparty\HDF5\vs2013\CMakeFiles\CMakeTmp\cmTC_292fd.vcxproj]
Link:
  C:\Program Files (x86)\Microsoft Visual Studio 12.0\VC\bin\x86_amd64\link.exe /ERRORREPORT:QUEUE /OUT:"E:\GitCode\Caffe_Test\src\thirdparty\HDF5\vs2013\CMakeFiles\CMakeTmp\Debug\cmTC_292fd.exe" /INCREMENTAL /NOLOGO kernel32.lib user32.lib gdi32.lib winspool.lib shell32.lib ole32.lib oleaut32.lib uuid.lib comdlg32.lib advapi32.lib /MANIFEST /MANIFESTUAC:"level='asInvoker' uiAccess='false'" /manifest:embed /DEBUG /PDB:"E:/GitCode/Caffe_Test/src/thirdparty/HDF5/vs2013/CMakeFiles/CMakeTmp/Debug/cmTC_292fd.pdb" /SUBSYSTEM:CONSOLE /TLBID:1 /DYNAMICBASE /NXCOMPAT /IMPLIB:"E:/GitCode/Caffe_Test/src/thirdparty/HDF5/vs2013/CMakeFiles/CMakeTmp/Debug/cmTC_292fd.lib" /MACHINE:X64  /machine:x64 /debug cmTC_292fd.dir\Debug\ConversionTests.obj
  cmTC_292fd.vcxproj -> E:\GitCode\Caffe_Test\src\thirdparty\HDF5\vs2013\CMakeFiles\CMakeTmp\Debug\cmTC_292fd.exe
FinalizeBuildStatus:
  正在删除文件“cmTC_292fd.dir\Debug\cmTC_292fd.tlog\unsuccessfulbuild”。
  正在对“cmTC_292fd.dir\Debug\cmTC_292fd.tlog\cmTC_292fd.lastbuildstate”执行 Touch 任务。
已完成生成项目“E:\GitCode\Caffe_Test\src\thirdparty\HDF5\vs2013\CMakeFiles\CMakeTmp\cmTC_292fd.vcxproj”(默认目标)的操作。

已成功生成。

“E:\GitCode\Caffe_Test\src\thirdparty\HDF5\vs2013\CMakeFiles\CMakeTmp\cmTC_292fd.vcxproj”(默认目标) (1) ->
(ClCompile 目标) -> 
  E:\GitCode\Caffe_Test\src\thirdparty\HDF5\hdf5-1.8.15-patch1\config\cmake\ConversionTests.c(88): warning C4013: “memcpy”未定义；假设外部返回 int [E:\GitCode\Caffe_Test\src\thirdparty\HDF5\vs2013\CMakeFiles\CMakeTmp\cmTC_292fd.vcxproj]
  E:\GitCode\Caffe_Test\src\thirdparty\HDF5\hdf5-1.8.15-patch1\config\cmake\ConversionTests.c(95): warning C4305: “=”: 从“__int64”到“long”截断 [E:\GitCode\Caffe_Test\src\thirdparty\HDF5\vs2013\CMakeFiles\CMakeTmp\cmTC_292fd.vcxproj]
  E:\GitCode\Caffe_Test\src\thirdparty\HDF5\hdf5-1.8.15-patch1\config\cmake\ConversionTests.c(129): warning C4013: “exit”未定义；假设外部返回 int [E:\GitCode\Caffe_Test\src\thirdparty\HDF5\vs2013\CMakeFiles\CMakeTmp\cmTC_292fd.vcxproj]
  E:\GitCode\Caffe_Test\src\thirdparty\HDF5\hdf5-1.8.15-patch1\config\cmake\ConversionTests.c(128): warning C4102: “done”: 未引用的标签 [E:\GitCode\Caffe_Test\src\thirdparty\HDF5\vs2013\CMakeFiles\CMakeTmp\cmTC_292fd.vcxproj]

    4 个警告
    0 个错误

已用时间 00:00:00.63

